
     Lattice Mapping Report File for Design Module 'ulx3s_passthru_wifi'


Design Information
------------------

Command line:   map -a ECP5U -p LFE5U-12F -t CABGA381 -s 6 -oc Industrial
     project_project.ngd -o project_project_map.ncd -pr project_project.prf -mp
     project_project.mrp -lpf C:/lscc/ulx3s-passthru/proj/ulx3s-v2.0-12f/project
     /project_project_synplify.lpf -lpf
     C:/lscc/ulx3s-passthru/constraints/ulx3s_v20.lpf -gui 
Target Vendor:  LATTICE
Target Device:  LFE5U-12FCABGA381
Target Performance:   6
Mapper:  sa5p00,  version:  Diamond (64-bit) 3.11.0.396.4
Mapped on:  11/12/19  00:07:48

Design Summary
--------------

   Number of registers:     43 out of 12687 (0%)
      PFU registers:           41 out of 12096 (0%)
      PIO registers:            2 out of   591 (0%)
   Number of SLICEs:        61 out of  6048 (1%)
      SLICEs as Logic/ROM:     61 out of  6048 (1%)
      SLICEs as RAM:            0 out of  4536 (0%)
      SLICEs as Carry:         15 out of  6048 (0%)
   Number of LUT4s:         85 out of 12096 (1%)
      Number used as logic LUTs:         55
      Number used as distributed RAM:     0
      Number used as ripple logic:       30
      Number used as shift registers:     0
   Number of PIO sites used: 43 out of 197 (22%)
   Number of block RAMs:  0 out of 32 (0%)
   Number of GSRs:  1 out of 1 (100%)
   JTAG used :      No
   Readback used :  No
   Oscillator used :  No
   Startup used :   No
   DTR used :   No
   Number of Dynamic Bank Controller (BCINRD):  0 out of 4 (0%)
   Number of Dynamic Bank Controller (BCLVDSOB):  0 out of 4 (0%)
   Number of DCC:  0 out of 60 (0%)
   Number of DCS:  0 out of 2 (0%)
   Number of PLLs:  0 out of 2 (0%)
   Number of DDRDLLs:  0 out of 4 (0%)
   Number of CLKDIV:  0 out of 4 (0%)
   Number of ECLKSYNC:  0 out of 10 (0%)
   Number of ECLKBRIDGECS:  0 out of 2 (0%)
   Notes:-
      1. Total number of LUT4s = (Number of logic LUT4s) + 2*(Number of
     distributed RAMs) + 2*(Number of ripple logic)
      2. Number of logic LUT4s does not include count of distributed RAM and
     ripple logic.

        Number Of Mapped DSP Components:
   --------------------------------
   MULT18X18D          0
   MULT9X9D            0
   ALU54B              0
   ALU24B              0

                                    Page 1




Design:  ulx3s_passthru_wifi                           Date:  11/12/19  00:07:48

Design Summary (cont)
---------------------
   PRADD18A            0
   PRADD9A             0
   --------------------------------
   Number of Used DSP MULT Sites:  0 out of 56 (0 %)
   Number of Used DSP ALU Sites:  0 out of 28 (0 %)
   Number of Used DSP PRADD Sites:  0 out of 56 (0 %)
   Number of clocks:  2
     Net clk_25mhz_c: 16 loads, 16 rising, 0 falling (Driver: PIO clk_25mhz )
     Net sd_clk_c: 15 loads, 15 rising, 0 falling (Driver: PIO sd_clk )
   Number of Clock Enables:  0
   Number of local set/reset loads for net wifi_gpio17_c merged into GSR:  1
   Number of LSRs:  15
     Net un2_btn_i: 5 loads, 5 LSLICEs
     Net un1_btn_10: 1 loads, 1 LSLICEs
     Net un1_btn_8: 1 loads, 1 LSLICEs
     Net un1_wifi_gpio17_7: 1 loads, 1 LSLICEs
     Net un1_wifi_gpio17_6: 1 loads, 1 LSLICEs
     Net un1_wifi_gpio17_5: 1 loads, 1 LSLICEs
     Net un1_wifi_gpio17_4: 1 loads, 1 LSLICEs
     Net un1_wifi_gpio17_3: 1 loads, 1 LSLICEs
     Net un1_wifi_gpio17_2: 1 loads, 1 LSLICEs
     Net un1_wifi_gpio17_1: 1 loads, 1 LSLICEs
     Net un1_btn_11: 1 loads, 1 LSLICEs
     Net un1_btn_14: 1 loads, 1 LSLICEs
     Net un1_btn_13: 1 loads, 1 LSLICEs
     Net un1_btn_9: 1 loads, 1 LSLICEs
     Net un1_btn_12: 1 loads, 1 LSLICEs
   Number of nets driven by tri-state buffers:  0
   Top 10 highest fanout non-clock nets:
     Net wifi_gpio17_c: 24 loads
     Net un18_s_prog_out: 18 loads
     Net btn_c[0]: 5 loads
     Net ftdi_ndtr_c: 5 loads
     Net ftdi_nrts_c: 5 loads
     Net R_prog_release[17]: 5 loads
     Net un2_btn_i: 5 loads
     Net btn_c[1]: 4 loads
     Net btn_c[2]: 3 loads
     Net btn_c[3]: 3 loads




   Number of warnings:  313
   Number of errors:    0
     

Design Errors/Warnings
----------------------

WARNING - map: C:/lscc/ulx3s-passthru/constraints/ulx3s_v20.lpf(26): Semantic
     error in "IOBUF PORT "ftdi_txden" PULLMODE=UP IO_TYPE=LVCMOS33 ;": Port
     "ftdi_txden" does not exist in the design. This preference has been
     disabled.
WARNING - map: C:/lscc/ulx3s-passthru/constraints/ulx3s_v20.lpf(63): Semantic
     error in "LOCATE COMP "sw[0]" SITE "E8" ;": COMP "sw[0]" cannot be found in

                                    Page 2




Design:  ulx3s_passthru_wifi                           Date:  11/12/19  00:07:48

Design Errors/Warnings (cont)
-----------------------------
     design. This preference has been disabled.
WARNING - map: C:/lscc/ulx3s-passthru/constraints/ulx3s_v20.lpf(67): Semantic
     error in "IOBUF PORT "sw[0]" PULLMODE=DOWN IO_TYPE=LVCMOS33 DRIVE=4 ;":
     Port "sw[0]" does not exist in the design. This preference has been
     disabled.
WARNING - map: C:/lscc/ulx3s-passthru/constraints/ulx3s_v20.lpf(68): Semantic
     error in "IOBUF PORT "sw[1]" PULLMODE=DOWN IO_TYPE=LVCMOS33 DRIVE=4 ;":
     Port "sw[1]" does not exist in the design. This preference has been
     disabled.
WARNING - map: C:/lscc/ulx3s-passthru/constraints/ulx3s_v20.lpf(69): Semantic
     error in "IOBUF PORT "sw[2]" PULLMODE=DOWN IO_TYPE=LVCMOS33 DRIVE=4 ;":
     Port "sw[2]" does not exist in the design. This preference has been
     disabled.
WARNING - map: C:/lscc/ulx3s-passthru/constraints/ulx3s_v20.lpf(70): Semantic
     error in "IOBUF PORT "sw[3]" PULLMODE=DOWN IO_TYPE=LVCMOS33 DRIVE=4 ;":
     Port "sw[3]" does not exist in the design. This preference has been
     disabled.
WARNING - map: C:/lscc/ulx3s-passthru/constraints/ulx3s_v20.lpf(85): Semantic
     error in "LOCATE COMP "flash_csn" SITE "R2" ;": COMP "flash_csn" cannot be
     found in design. This preference has been disabled.
WARNING - map: C:/lscc/ulx3s-passthru/constraints/ulx3s_v20.lpf(86): Semantic
     error in "LOCATE COMP "flash_mosi" SITE "W2" ;": COMP "flash_mosi" cannot
     be found in design. This preference has been disabled.
WARNING - map: C:/lscc/ulx3s-passthru/constraints/ulx3s_v20.lpf(87): Semantic
     error in "LOCATE COMP "flash_miso" SITE "V2" ;": COMP "flash_miso" cannot
     be found in design. This preference has been disabled.
WARNING - map: C:/lscc/ulx3s-passthru/constraints/ulx3s_v20.lpf(98): Semantic
     error in "IOBUF PORT "flash_csn" PULLMODE=UP IO_TYPE=LVCMOS33 DRIVE=4 ;":
     Port "flash_csn" does not exist in the design. This preference has been
     disabled.
WARNING - map: C:/lscc/ulx3s-passthru/constraints/ulx3s_v20.lpf(99): Semantic
     error in "IOBUF PORT "flash_mosi" PULLMODE=UP IO_TYPE=LVCMOS33 DRIVE=4 ;":
     Port "flash_mosi" does not exist in the design. This preference has been
     disabled.
WARNING - map: C:/lscc/ulx3s-passthru/constraints/ulx3s_v20.lpf(100): Semantic
     error in "IOBUF PORT "flash_miso" PULLMODE=UP IO_TYPE=LVCMOS33 DRIVE=4 ;":
     Port "flash_miso" does not exist in the design. This preference has been
     disabled.
WARNING - map: C:/lscc/ulx3s-passthru/constraints/ulx3s_v20.lpf(127): Semantic
     error in "IOBUF PORT "sd_wp" PULLMODE=UP IO_TYPE=LVCMOS33 DRIVE=4 ;": Port
     "sd_wp" does not exist in the design. This preference has been disabled.
WARNING - map: C:/lscc/ulx3s-passthru/constraints/ulx3s_v20.lpf(128): Semantic
     error in "IOBUF PORT "sd_cdn" PULLMODE=UP IO_TYPE=LVCMOS33 DRIVE=4 ;": Port
     "sd_cdn" does not exist in the design. This preference has been disabled.
WARNING - map: C:/lscc/ulx3s-passthru/constraints/ulx3s_v20.lpf(131): Semantic
     error in "LOCATE COMP "adc_csn" SITE "R17" ;": COMP "adc_csn" cannot be
     found in design. This preference has been disabled.
WARNING - map: C:/lscc/ulx3s-passthru/constraints/ulx3s_v20.lpf(132): Semantic
     error in "LOCATE COMP "adc_mosi" SITE "R16" ;": COMP "adc_mosi" cannot be
     found in design. This preference has been disabled.
WARNING - map: C:/lscc/ulx3s-passthru/constraints/ulx3s_v20.lpf(133): Semantic
     error in "LOCATE COMP "adc_miso" SITE "U16" ;": COMP "adc_miso" cannot be
     found in design. This preference has been disabled.
WARNING - map: C:/lscc/ulx3s-passthru/constraints/ulx3s_v20.lpf(134): Semantic
     error in "LOCATE COMP "adc_sclk" SITE "P17" ;": COMP "adc_sclk" cannot be
     found in design. This preference has been disabled.

                                    Page 3




Design:  ulx3s_passthru_wifi                           Date:  11/12/19  00:07:48

Design Errors/Warnings (cont)
-----------------------------
WARNING - map: C:/lscc/ulx3s-passthru/constraints/ulx3s_v20.lpf(135): Semantic
     error in "IOBUF PORT "adc_csn" PULLMODE=UP IO_TYPE=LVCMOS33 DRIVE=4 ;":
     Port "adc_csn" does not exist in the design. This preference has been
     disabled.
WARNING - map: C:/lscc/ulx3s-passthru/constraints/ulx3s_v20.lpf(136): Semantic
     error in "IOBUF PORT "adc_mosi" PULLMODE=UP IO_TYPE=LVCMOS33 DRIVE=4 ;":
     Port "adc_mosi" does not exist in the design. This preference has been
     disabled.
WARNING - map: C:/lscc/ulx3s-passthru/constraints/ulx3s_v20.lpf(137): Semantic
     error in "IOBUF PORT "adc_miso" PULLMODE=UP IO_TYPE=LVCMOS33 DRIVE=4 ;":
     Port "adc_miso" does not exist in the design. This preference has been
     disabled.
WARNING - map: C:/lscc/ulx3s-passthru/constraints/ulx3s_v20.lpf(138): Semantic
     error in "IOBUF PORT "adc_sclk" PULLMODE=UP IO_TYPE=LVCMOS33 DRIVE=4 ;":
     Port "adc_sclk" does not exist in the design. This preference has been
     disabled.
WARNING - map: C:/lscc/ulx3s-passthru/constraints/ulx3s_v20.lpf(158): Semantic
     error in "IOBUF PORT "audio_l[3]" PULLMODE=NONE IO_TYPE=LVCMOS33 DRIVE=4
     ;": Port "audio_l[3]" does not exist in the design. This preference has
     been disabled.
WARNING - map: C:/lscc/ulx3s-passthru/constraints/ulx3s_v20.lpf(159): Semantic
     error in "IOBUF PORT "audio_l[2]" PULLMODE=NONE IO_TYPE=LVCMOS33 DRIVE=4
     ;": Port "audio_l[2]" does not exist in the design. This preference has
     been disabled.
WARNING - map: C:/lscc/ulx3s-passthru/constraints/ulx3s_v20.lpf(160): Semantic
     error in "IOBUF PORT "audio_l[1]" PULLMODE=NONE IO_TYPE=LVCMOS33 DRIVE=4
     ;": Port "audio_l[1]" does not exist in the design. This preference has
     been disabled.
WARNING - map: C:/lscc/ulx3s-passthru/constraints/ulx3s_v20.lpf(161): Semantic
     error in "IOBUF PORT "audio_l[0]" PULLMODE=NONE IO_TYPE=LVCMOS33 DRIVE=4
     ;": Port "audio_l[0]" does not exist in the design. This preference has
     been disabled.
WARNING - map: C:/lscc/ulx3s-passthru/constraints/ulx3s_v20.lpf(162): Semantic
     error in "IOBUF PORT "audio_r[3]" PULLMODE=NONE IO_TYPE=LVCMOS33 DRIVE=4
     ;": Port "audio_r[3]" does not exist in the design. This preference has
     been disabled.
WARNING - map: C:/lscc/ulx3s-passthru/constraints/ulx3s_v20.lpf(163): Semantic
     error in "IOBUF PORT "audio_r[2]" PULLMODE=NONE IO_TYPE=LVCMOS33 DRIVE=4
     ;": Port "audio_r[2]" does not exist in the design. This preference has
     been disabled.
WARNING - map: C:/lscc/ulx3s-passthru/constraints/ulx3s_v20.lpf(164): Semantic
     error in "IOBUF PORT "audio_r[1]" PULLMODE=NONE IO_TYPE=LVCMOS33 DRIVE=4
     ;": Port "audio_r[1]" does not exist in the design. This preference has
     been disabled.
WARNING - map: C:/lscc/ulx3s-passthru/constraints/ulx3s_v20.lpf(165): Semantic
     error in "IOBUF PORT "audio_r[0]" PULLMODE=NONE IO_TYPE=LVCMOS33 DRIVE=4
     ;": Port "audio_r[0]" does not exist in the design. This preference has
     been disabled.
WARNING - map: C:/lscc/ulx3s-passthru/constraints/ulx3s_v20.lpf(166): Semantic
     error in "IOBUF PORT "audio_v[3]" PULLMODE=NONE IO_TYPE=LVCMOS33 DRIVE=4
     ;": Port "audio_v[3]" does not exist in the design. This preference has
     been disabled.
WARNING - map: C:/lscc/ulx3s-passthru/constraints/ulx3s_v20.lpf(167): Semantic
     error in "IOBUF PORT "audio_v[2]" PULLMODE=NONE IO_TYPE=LVCMOS33 DRIVE=4
     ;": Port "audio_v[2]" does not exist in the design. This preference has
     been disabled.

                                    Page 4




Design:  ulx3s_passthru_wifi                           Date:  11/12/19  00:07:48

Design Errors/Warnings (cont)
-----------------------------
WARNING - map: C:/lscc/ulx3s-passthru/constraints/ulx3s_v20.lpf(168): Semantic
     error in "IOBUF PORT "audio_v[1]" PULLMODE=NONE IO_TYPE=LVCMOS33 DRIVE=4
     ;": Port "audio_v[1]" does not exist in the design. This preference has
     been disabled.
WARNING - map: C:/lscc/ulx3s-passthru/constraints/ulx3s_v20.lpf(169): Semantic
     error in "IOBUF PORT "audio_v[0]" PULLMODE=NONE IO_TYPE=LVCMOS33 DRIVE=4
     ;": Port "audio_v[0]" does not exist in the design. This preference has
     been disabled.
WARNING - map: C:/lscc/ulx3s-passthru/constraints/ulx3s_v20.lpf(190): Semantic
     error in "LOCATE COMP "ant_433mhz" SITE "G1" ;": COMP "ant_433mhz" cannot
     be found in design. This preference has been disabled.
WARNING - map: C:/lscc/ulx3s-passthru/constraints/ulx3s_v20.lpf(191): Semantic
     error in "IOBUF PORT "ant_433mhz" PULLMODE=NONE IO_TYPE=LVCMOS33 DRIVE=4
     ;": Port "ant_433mhz" does not exist in the design. This preference has
     been disabled.
WARNING - map: C:/lscc/ulx3s-passthru/constraints/ulx3s_v20.lpf(194): Semantic
     error in "LOCATE COMP "usb_fpga_dp" SITE "E16" ;": COMP "usb_fpga_dp"
     cannot be found in design. This preference has been disabled.
WARNING - map: C:/lscc/ulx3s-passthru/constraints/ulx3s_v20.lpf(195): Semantic
     error in "LOCATE COMP "usb_fpga_dn" SITE "F16" ;": COMP "usb_fpga_dn"
     cannot be found in design. This preference has been disabled.
WARNING - map: C:/lscc/ulx3s-passthru/constraints/ulx3s_v20.lpf(196): Semantic
     error in "IOBUF PORT "usb_fpga_dp" PULLMODE=NONE IO_TYPE=LVCMOS33 DRIVE=16
     ;": Port "usb_fpga_dp" does not exist in the design. This preference has
     been disabled.
WARNING - map: C:/lscc/ulx3s-passthru/constraints/ulx3s_v20.lpf(197): Semantic
     error in "IOBUF PORT "usb_fpga_dn" PULLMODE=NONE IO_TYPE=LVCMOS33 DRIVE=16
     ;": Port "usb_fpga_dn" does not exist in the design. This preference has
     been disabled.
WARNING - map: C:/lscc/ulx3s-passthru/constraints/ulx3s_v20.lpf(198): Semantic
     error in "LOCATE COMP "usb_fpga_bd_dp" SITE "D15" ;": COMP "usb_fpga_bd_dp"
     cannot be found in design. This preference has been disabled.
WARNING - map: C:/lscc/ulx3s-passthru/constraints/ulx3s_v20.lpf(199): Semantic
     error in "LOCATE COMP "usb_fpga_bd_dn" SITE "E15" ;": COMP "usb_fpga_bd_dn"
     cannot be found in design. This preference has been disabled.
WARNING - map: C:/lscc/ulx3s-passthru/constraints/ulx3s_v20.lpf(200): Semantic
     error in "IOBUF PORT "usb_fpga_bd_dp" PULLMODE=NONE IO_TYPE=LVCMOS33D
     DRIVE=4 ;": Port "usb_fpga_bd_dp" does not exist in the design. This
     preference has been disabled.
WARNING - map: C:/lscc/ulx3s-passthru/constraints/ulx3s_v20.lpf(201): Semantic
     error in "IOBUF PORT "usb_fpga_bd_dn" PULLMODE=NONE IO_TYPE=LVCMOS33D
     DRIVE=4 ;": Port "usb_fpga_bd_dn" does not exist in the design. This
     preference has been disabled.
WARNING - map: C:/lscc/ulx3s-passthru/constraints/ulx3s_v20.lpf(202): Semantic
     error in "LOCATE COMP "usb_fpga_pu_dp" SITE "B12" ;": COMP "usb_fpga_pu_dp"
     cannot be found in design. This preference has been disabled.
WARNING - map: C:/lscc/ulx3s-passthru/constraints/ulx3s_v20.lpf(203): Semantic
     error in "LOCATE COMP "usb_fpga_pu_dn" SITE "C12" ;": COMP "usb_fpga_pu_dn"
     cannot be found in design. This preference has been disabled.
WARNING - map: C:/lscc/ulx3s-passthru/constraints/ulx3s_v20.lpf(204): Semantic
     error in "IOBUF PORT "usb_fpga_pu_dp" PULLMODE=NONE IO_TYPE=LVCMOS33
     DRIVE=16 ;": Port "usb_fpga_pu_dp" does not exist in the design. This
     preference has been disabled.
WARNING - map: C:/lscc/ulx3s-passthru/constraints/ulx3s_v20.lpf(205): Semantic
     error in "IOBUF PORT "usb_fpga_pu_dn" PULLMODE=NONE IO_TYPE=LVCMOS33
     DRIVE=16 ;": Port "usb_fpga_pu_dn" does not exist in the design. This

                                    Page 5




Design:  ulx3s_passthru_wifi                           Date:  11/12/19  00:07:48

Design Errors/Warnings (cont)
-----------------------------
     preference has been disabled.
WARNING - map: C:/lscc/ulx3s-passthru/constraints/ulx3s_v20.lpf(221): Semantic
     error in "LOCATE COMP "sdram_clk" SITE "F19" ;": COMP "sdram_clk" cannot be
     found in design. This preference has been disabled.
WARNING - map: C:/lscc/ulx3s-passthru/constraints/ulx3s_v20.lpf(222): Semantic
     error in "LOCATE COMP "sdram_cke" SITE "F20" ;": COMP "sdram_cke" cannot be
     found in design. This preference has been disabled.
WARNING - map: C:/lscc/ulx3s-passthru/constraints/ulx3s_v20.lpf(223): Semantic
     error in "LOCATE COMP "sdram_csn" SITE "P20" ;": COMP "sdram_csn" cannot be
     found in design. This preference has been disabled.
WARNING - map: C:/lscc/ulx3s-passthru/constraints/ulx3s_v20.lpf(224): Semantic
     error in "LOCATE COMP "sdram_wen" SITE "T20" ;": COMP "sdram_wen" cannot be
     found in design. This preference has been disabled.
WARNING - map: C:/lscc/ulx3s-passthru/constraints/ulx3s_v20.lpf(225): Semantic
     error in "LOCATE COMP "sdram_rasn" SITE "R20" ;": COMP "sdram_rasn" cannot
     be found in design. This preference has been disabled.
WARNING - map: C:/lscc/ulx3s-passthru/constraints/ulx3s_v20.lpf(226): Semantic
     error in "LOCATE COMP "sdram_casn" SITE "T19" ;": COMP "sdram_casn" cannot
     be found in design. This preference has been disabled.
WARNING - map: C:/lscc/ulx3s-passthru/constraints/ulx3s_v20.lpf(227): Semantic
     error in "LOCATE COMP "sdram_a[0]" SITE "M20" ;": COMP "sdram_a[0]" cannot
     be found in design. This preference has been disabled.
WARNING - map: C:/lscc/ulx3s-passthru/constraints/ulx3s_v20.lpf(228): Semantic
     error in "LOCATE COMP "sdram_a[1]" SITE "M19" ;": COMP "sdram_a[1]" cannot
     be found in design. This preference has been disabled.
WARNING - map: C:/lscc/ulx3s-passthru/constraints/ulx3s_v20.lpf(229): Semantic
     error in "LOCATE COMP "sdram_a[2]" SITE "L20" ;": COMP "sdram_a[2]" cannot
     be found in design. This preference has been disabled.
WARNING - map: C:/lscc/ulx3s-passthru/constraints/ulx3s_v20.lpf(230): Semantic
     error in "LOCATE COMP "sdram_a[3]" SITE "L19" ;": COMP "sdram_a[3]" cannot
     be found in design. This preference has been disabled.
WARNING - map: C:/lscc/ulx3s-passthru/constraints/ulx3s_v20.lpf(231): Semantic
     error in "LOCATE COMP "sdram_a[4]" SITE "K20" ;": COMP "sdram_a[4]" cannot
     be found in design. This preference has been disabled.
WARNING - map: C:/lscc/ulx3s-passthru/constraints/ulx3s_v20.lpf(232): Semantic
     error in "LOCATE COMP "sdram_a[5]" SITE "K19" ;": COMP "sdram_a[5]" cannot
     be found in design. This preference has been disabled.
WARNING - map: C:/lscc/ulx3s-passthru/constraints/ulx3s_v20.lpf(233): Semantic
     error in "LOCATE COMP "sdram_a[6]" SITE "K18" ;": COMP "sdram_a[6]" cannot
     be found in design. This preference has been disabled.
WARNING - map: C:/lscc/ulx3s-passthru/constraints/ulx3s_v20.lpf(234): Semantic
     error in "LOCATE COMP "sdram_a[7]" SITE "J20" ;": COMP "sdram_a[7]" cannot
     be found in design. This preference has been disabled.
WARNING - map: C:/lscc/ulx3s-passthru/constraints/ulx3s_v20.lpf(235): Semantic
     error in "LOCATE COMP "sdram_a[8]" SITE "J19" ;": COMP "sdram_a[8]" cannot
     be found in design. This preference has been disabled.
WARNING - map: C:/lscc/ulx3s-passthru/constraints/ulx3s_v20.lpf(236): Semantic
     error in "LOCATE COMP "sdram_a[9]" SITE "H20" ;": COMP "sdram_a[9]" cannot
     be found in design. This preference has been disabled.
WARNING - map: C:/lscc/ulx3s-passthru/constraints/ulx3s_v20.lpf(237): Semantic
     error in "LOCATE COMP "sdram_a[10]" SITE "N19" ;": COMP "sdram_a[10]"
     cannot be found in design. This preference has been disabled.
WARNING - map: C:/lscc/ulx3s-passthru/constraints/ulx3s_v20.lpf(238): Semantic
     error in "LOCATE COMP "sdram_a[11]" SITE "G20" ;": COMP "sdram_a[11]"
     cannot be found in design. This preference has been disabled.
WARNING - map: C:/lscc/ulx3s-passthru/constraints/ulx3s_v20.lpf(239): Semantic

                                    Page 6




Design:  ulx3s_passthru_wifi                           Date:  11/12/19  00:07:48

Design Errors/Warnings (cont)
-----------------------------
     error in "LOCATE COMP "sdram_a[12]" SITE "G19" ;": COMP "sdram_a[12]"
     cannot be found in design. This preference has been disabled.
WARNING - map: C:/lscc/ulx3s-passthru/constraints/ulx3s_v20.lpf(240): Semantic
     error in "LOCATE COMP "sdram_ba[0]" SITE "P19" ;": COMP "sdram_ba[0]"
     cannot be found in design. This preference has been disabled.
WARNING - map: C:/lscc/ulx3s-passthru/constraints/ulx3s_v20.lpf(241): Semantic
     error in "LOCATE COMP "sdram_ba[1]" SITE "N20" ;": COMP "sdram_ba[1]"
     cannot be found in design. This preference has been disabled.
WARNING - map: C:/lscc/ulx3s-passthru/constraints/ulx3s_v20.lpf(242): Semantic
     error in "LOCATE COMP "sdram_dqm[0]" SITE "U19" ;": COMP "sdram_dqm[0]"
     cannot be found in design. This preference has been disabled.
WARNING - map: C:/lscc/ulx3s-passthru/constraints/ulx3s_v20.lpf(243): Semantic
     error in "LOCATE COMP "sdram_dqm[1]" SITE "E20" ;": COMP "sdram_dqm[1]"
     cannot be found in design. This preference has been disabled.
WARNING - map: C:/lscc/ulx3s-passthru/constraints/ulx3s_v20.lpf(244): Semantic
     error in "LOCATE COMP "sdram_d[0]" SITE "J16" ;": COMP "sdram_d[0]" cannot
     be found in design. This preference has been disabled.
WARNING - map: C:/lscc/ulx3s-passthru/constraints/ulx3s_v20.lpf(245): Semantic
     error in "LOCATE COMP "sdram_d[1]" SITE "L18" ;": COMP "sdram_d[1]" cannot
     be found in design. This preference has been disabled.
WARNING - map: C:/lscc/ulx3s-passthru/constraints/ulx3s_v20.lpf(246): Semantic
     error in "LOCATE COMP "sdram_d[2]" SITE "M18" ;": COMP "sdram_d[2]" cannot
     be found in design. This preference has been disabled.
WARNING - map: C:/lscc/ulx3s-passthru/constraints/ulx3s_v20.lpf(247): Semantic
     error in "LOCATE COMP "sdram_d[3]" SITE "N18" ;": COMP "sdram_d[3]" cannot
     be found in design. This preference has been disabled.
WARNING - map: C:/lscc/ulx3s-passthru/constraints/ulx3s_v20.lpf(248): Semantic
     error in "LOCATE COMP "sdram_d[4]" SITE "P18" ;": COMP "sdram_d[4]" cannot
     be found in design. This preference has been disabled.
WARNING - map: C:/lscc/ulx3s-passthru/constraints/ulx3s_v20.lpf(249): Semantic
     error in "LOCATE COMP "sdram_d[5]" SITE "T18" ;": COMP "sdram_d[5]" cannot
     be found in design. This preference has been disabled.
WARNING - map: C:/lscc/ulx3s-passthru/constraints/ulx3s_v20.lpf(250): Semantic
     error in "LOCATE COMP "sdram_d[6]" SITE "T17" ;": COMP "sdram_d[6]" cannot
     be found in design. This preference has been disabled.
WARNING - map: C:/lscc/ulx3s-passthru/constraints/ulx3s_v20.lpf(251): Semantic
     error in "LOCATE COMP "sdram_d[7]" SITE "U20" ;": COMP "sdram_d[7]" cannot
     be found in design. This preference has been disabled.
WARNING - map: C:/lscc/ulx3s-passthru/constraints/ulx3s_v20.lpf(252): Semantic
     error in "LOCATE COMP "sdram_d[8]" SITE "E19" ;": COMP "sdram_d[8]" cannot
     be found in design. This preference has been disabled.
WARNING - map: C:/lscc/ulx3s-passthru/constraints/ulx3s_v20.lpf(253): Semantic
     error in "LOCATE COMP "sdram_d[9]" SITE "D20" ;": COMP "sdram_d[9]" cannot
     be found in design. This preference has been disabled.
WARNING - map: C:/lscc/ulx3s-passthru/constraints/ulx3s_v20.lpf(254): Semantic
     error in "LOCATE COMP "sdram_d[10]" SITE "D19" ;": COMP "sdram_d[10]"
     cannot be found in design. This preference has been disabled.
WARNING - map: C:/lscc/ulx3s-passthru/constraints/ulx3s_v20.lpf(255): Semantic
     error in "LOCATE COMP "sdram_d[11]" SITE "C20" ;": COMP "sdram_d[11]"
     cannot be found in design. This preference has been disabled.
WARNING - map: C:/lscc/ulx3s-passthru/constraints/ulx3s_v20.lpf(256): Semantic
     error in "LOCATE COMP "sdram_d[12]" SITE "E18" ;": COMP "sdram_d[12]"
     cannot be found in design. This preference has been disabled.
WARNING - map: C:/lscc/ulx3s-passthru/constraints/ulx3s_v20.lpf(257): Semantic
     error in "LOCATE COMP "sdram_d[13]" SITE "F18" ;": COMP "sdram_d[13]"
     cannot be found in design. This preference has been disabled.

                                    Page 7




Design:  ulx3s_passthru_wifi                           Date:  11/12/19  00:07:48

Design Errors/Warnings (cont)
-----------------------------
WARNING - map: C:/lscc/ulx3s-passthru/constraints/ulx3s_v20.lpf(258): Semantic
     error in "LOCATE COMP "sdram_d[14]" SITE "J18" ;": COMP "sdram_d[14]"
     cannot be found in design. This preference has been disabled.
WARNING - map: C:/lscc/ulx3s-passthru/constraints/ulx3s_v20.lpf(259): Semantic
     error in "LOCATE COMP "sdram_d[15]" SITE "J17" ;": COMP "sdram_d[15]"
     cannot be found in design. This preference has been disabled.
WARNING - map: C:/lscc/ulx3s-passthru/constraints/ulx3s_v20.lpf(260): Semantic
     error in "IOBUF PORT "sdram_clk" PULLMODE=NONE IO_TYPE=LVCMOS33 DRIVE=4 ;":
     Port "sdram_clk" does not exist in the design. This preference has been
     disabled.
WARNING - map: C:/lscc/ulx3s-passthru/constraints/ulx3s_v20.lpf(261): Semantic
     error in "IOBUF PORT "sdram_cke" PULLMODE=NONE IO_TYPE=LVCMOS33 DRIVE=4 ;":
     Port "sdram_cke" does not exist in the design. This preference has been
     disabled.
WARNING - map: C:/lscc/ulx3s-passthru/constraints/ulx3s_v20.lpf(262): Semantic
     error in "IOBUF PORT "sdram_csn" PULLMODE=NONE IO_TYPE=LVCMOS33 DRIVE=4 ;":
     Port "sdram_csn" does not exist in the design. This preference has been
     disabled.
WARNING - map: C:/lscc/ulx3s-passthru/constraints/ulx3s_v20.lpf(263): Semantic
     error in "IOBUF PORT "sdram_wen" PULLMODE=NONE IO_TYPE=LVCMOS33 DRIVE=4 ;":
     Port "sdram_wen" does not exist in the design. This preference has been
     disabled.
WARNING - map: C:/lscc/ulx3s-passthru/constraints/ulx3s_v20.lpf(264): Semantic
     error in "IOBUF PORT "sdram_rasn" PULLMODE=NONE IO_TYPE=LVCMOS33 DRIVE=4
     ;": Port "sdram_rasn" does not exist in the design. This preference has
     been disabled.
WARNING - map: C:/lscc/ulx3s-passthru/constraints/ulx3s_v20.lpf(265): Semantic
     error in "IOBUF PORT "sdram_casn" PULLMODE=NONE IO_TYPE=LVCMOS33 DRIVE=4
     ;": Port "sdram_casn" does not exist in the design. This preference has
     been disabled.
WARNING - map: C:/lscc/ulx3s-passthru/constraints/ulx3s_v20.lpf(266): Semantic
     error in "IOBUF PORT "sdram_a[0]" PULLMODE=NONE IO_TYPE=LVCMOS33 DRIVE=4
     ;": Port "sdram_a[0]" does not exist in the design. This preference has
     been disabled.
WARNING - map: C:/lscc/ulx3s-passthru/constraints/ulx3s_v20.lpf(267): Semantic
     error in "IOBUF PORT "sdram_a[1]" PULLMODE=NONE IO_TYPE=LVCMOS33 DRIVE=4
     ;": Port "sdram_a[1]" does not exist in the design. This preference has
     been disabled.
WARNING - map: C:/lscc/ulx3s-passthru/constraints/ulx3s_v20.lpf(268): Semantic
     error in "IOBUF PORT "sdram_a[2]" PULLMODE=NONE IO_TYPE=LVCMOS33 DRIVE=4
     ;": Port "sdram_a[2]" does not exist in the design. This preference has
     been disabled.
WARNING - map: C:/lscc/ulx3s-passthru/constraints/ulx3s_v20.lpf(269): Semantic
     error in "IOBUF PORT "sdram_a[3]" PULLMODE=NONE IO_TYPE=LVCMOS33 DRIVE=4
     ;": Port "sdram_a[3]" does not exist in the design. This preference has
     been disabled.
WARNING - map: C:/lscc/ulx3s-passthru/constraints/ulx3s_v20.lpf(270): Semantic
     error in "IOBUF PORT "sdram_a[4]" PULLMODE=NONE IO_TYPE=LVCMOS33 DRIVE=4
     ;": Port "sdram_a[4]" does not exist in the design. This preference has
     been disabled.
WARNING - map: C:/lscc/ulx3s-passthru/constraints/ulx3s_v20.lpf(271): Semantic
     error in "IOBUF PORT "sdram_a[5]" PULLMODE=NONE IO_TYPE=LVCMOS33 DRIVE=4
     ;": Port "sdram_a[5]" does not exist in the design. This preference has
     been disabled.
WARNING - map: C:/lscc/ulx3s-passthru/constraints/ulx3s_v20.lpf(272): Semantic
     error in "IOBUF PORT "sdram_a[6]" PULLMODE=NONE IO_TYPE=LVCMOS33 DRIVE=4

                                    Page 8




Design:  ulx3s_passthru_wifi                           Date:  11/12/19  00:07:48

Design Errors/Warnings (cont)
-----------------------------
     ;": Port "sdram_a[6]" does not exist in the design. This preference has
     been disabled.
WARNING - map: C:/lscc/ulx3s-passthru/constraints/ulx3s_v20.lpf(273): Semantic
     error in "IOBUF PORT "sdram_a[7]" PULLMODE=NONE IO_TYPE=LVCMOS33 DRIVE=4
     ;": Port "sdram_a[7]" does not exist in the design. This preference has
     been disabled.
WARNING - map: C:/lscc/ulx3s-passthru/constraints/ulx3s_v20.lpf(274): Semantic
     error in "IOBUF PORT "sdram_a[8]" PULLMODE=NONE IO_TYPE=LVCMOS33 DRIVE=4
     ;": Port "sdram_a[8]" does not exist in the design. This preference has
     been disabled.
WARNING - map: C:/lscc/ulx3s-passthru/constraints/ulx3s_v20.lpf(275): Semantic
     error in "IOBUF PORT "sdram_a[9]" PULLMODE=NONE IO_TYPE=LVCMOS33 DRIVE=4
     ;": Port "sdram_a[9]" does not exist in the design. This preference has
     been disabled.
WARNING - map: C:/lscc/ulx3s-passthru/constraints/ulx3s_v20.lpf(276): Semantic
     error in "IOBUF PORT "sdram_a[10]" PULLMODE=NONE IO_TYPE=LVCMOS33 DRIVE=4
     ;": Port "sdram_a[10]" does not exist in the design. This preference has
     been disabled.
WARNING - map: C:/lscc/ulx3s-passthru/constraints/ulx3s_v20.lpf(277): Semantic
     error in "IOBUF PORT "sdram_a[11]" PULLMODE=NONE IO_TYPE=LVCMOS33 DRIVE=4
     ;": Port "sdram_a[11]" does not exist in the design. This preference has
     been disabled.
WARNING - map: C:/lscc/ulx3s-passthru/constraints/ulx3s_v20.lpf(278): Semantic
     error in "IOBUF PORT "sdram_a[12]" PULLMODE=NONE IO_TYPE=LVCMOS33 DRIVE=4
     ;": Port "sdram_a[12]" does not exist in the design. This preference has
     been disabled.
WARNING - map: C:/lscc/ulx3s-passthru/constraints/ulx3s_v20.lpf(279): Semantic
     error in "IOBUF PORT "sdram_ba[0]" PULLMODE=NONE IO_TYPE=LVCMOS33 DRIVE=4
     ;": Port "sdram_ba[0]" does not exist in the design. This preference has
     been disabled.
WARNING - map: C:/lscc/ulx3s-passthru/constraints/ulx3s_v20.lpf(280): Semantic
     error in "IOBUF PORT "sdram_ba[1]" PULLMODE=NONE IO_TYPE=LVCMOS33 DRIVE=4
     ;": Port "sdram_ba[1]" does not exist in the design. This preference has
     been disabled.
WARNING - map: C:/lscc/ulx3s-passthru/constraints/ulx3s_v20.lpf(281): Semantic
     error in "IOBUF PORT "sdram_dqm[0]" PULLMODE=NONE IO_TYPE=LVCMOS33 DRIVE=4
     ;": Port "sdram_dqm[0]" does not exist in the design. This preference has
     been disabled.
WARNING - map: C:/lscc/ulx3s-passthru/constraints/ulx3s_v20.lpf(282): Semantic
     error in "IOBUF PORT "sdram_dqm[1]" PULLMODE=NONE IO_TYPE=LVCMOS33 DRIVE=4
     ;": Port "sdram_dqm[1]" does not exist in the design. This preference has
     been disabled.
WARNING - map: C:/lscc/ulx3s-passthru/constraints/ulx3s_v20.lpf(283): Semantic
     error in "IOBUF PORT "sdram_d[0]" PULLMODE=NONE IO_TYPE=LVCMOS33 DRIVE=4
     ;": Port "sdram_d[0]" does not exist in the design. This preference has
     been disabled.
WARNING - map: C:/lscc/ulx3s-passthru/constraints/ulx3s_v20.lpf(284): Semantic
     error in "IOBUF PORT "sdram_d[1]" PULLMODE=NONE IO_TYPE=LVCMOS33 DRIVE=4
     ;": Port "sdram_d[1]" does not exist in the design. This preference has
     been disabled.
WARNING - map: C:/lscc/ulx3s-passthru/constraints/ulx3s_v20.lpf(285): Semantic
     error in "IOBUF PORT "sdram_d[2]" PULLMODE=NONE IO_TYPE=LVCMOS33 DRIVE=4
     ;": Port "sdram_d[2]" does not exist in the design. This preference has
     been disabled.
WARNING - map: C:/lscc/ulx3s-passthru/constraints/ulx3s_v20.lpf(286): Semantic
     error in "IOBUF PORT "sdram_d[3]" PULLMODE=NONE IO_TYPE=LVCMOS33 DRIVE=4

                                    Page 9




Design:  ulx3s_passthru_wifi                           Date:  11/12/19  00:07:48

Design Errors/Warnings (cont)
-----------------------------
     ;": Port "sdram_d[3]" does not exist in the design. This preference has
     been disabled.
WARNING - map: C:/lscc/ulx3s-passthru/constraints/ulx3s_v20.lpf(287): Semantic
     error in "IOBUF PORT "sdram_d[4]" PULLMODE=NONE IO_TYPE=LVCMOS33 DRIVE=4
     ;": Port "sdram_d[4]" does not exist in the design. This preference has
     been disabled.
WARNING - map: C:/lscc/ulx3s-passthru/constraints/ulx3s_v20.lpf(288): Semantic
     error in "IOBUF PORT "sdram_d[5]" PULLMODE=NONE IO_TYPE=LVCMOS33 DRIVE=4
     ;": Port "sdram_d[5]" does not exist in the design. This preference has
     been disabled.
WARNING - map: C:/lscc/ulx3s-passthru/constraints/ulx3s_v20.lpf(289): Semantic
     error in "IOBUF PORT "sdram_d[6]" PULLMODE=NONE IO_TYPE=LVCMOS33 DRIVE=4
     ;": Port "sdram_d[6]" does not exist in the design. This preference has
     been disabled.
WARNING - map: C:/lscc/ulx3s-passthru/constraints/ulx3s_v20.lpf(290): Semantic
     error in "IOBUF PORT "sdram_d[7]" PULLMODE=NONE IO_TYPE=LVCMOS33 DRIVE=4
     ;": Port "sdram_d[7]" does not exist in the design. This preference has
     been disabled.
WARNING - map: C:/lscc/ulx3s-passthru/constraints/ulx3s_v20.lpf(291): Semantic
     error in "IOBUF PORT "sdram_d[8]" PULLMODE=NONE IO_TYPE=LVCMOS33 DRIVE=4
     ;": Port "sdram_d[8]" does not exist in the design. This preference has
     been disabled.
WARNING - map: C:/lscc/ulx3s-passthru/constraints/ulx3s_v20.lpf(292): Semantic
     error in "IOBUF PORT "sdram_d[9]" PULLMODE=NONE IO_TYPE=LVCMOS33 DRIVE=4
     ;": Port "sdram_d[9]" does not exist in the design. This preference has
     been disabled.
WARNING - map: C:/lscc/ulx3s-passthru/constraints/ulx3s_v20.lpf(293): Semantic
     error in "IOBUF PORT "sdram_d[10]" PULLMODE=NONE IO_TYPE=LVCMOS33 DRIVE=4
     ;": Port "sdram_d[10]" does not exist in the design. This preference has
     been disabled.
WARNING - map: C:/lscc/ulx3s-passthru/constraints/ulx3s_v20.lpf(294): Semantic
     error in "IOBUF PORT "sdram_d[11]" PULLMODE=NONE IO_TYPE=LVCMOS33 DRIVE=4
     ;": Port "sdram_d[11]" does not exist in the design. This preference has
     been disabled.
WARNING - map: C:/lscc/ulx3s-passthru/constraints/ulx3s_v20.lpf(295): Semantic
     error in "IOBUF PORT "sdram_d[12]" PULLMODE=NONE IO_TYPE=LVCMOS33 DRIVE=4
     ;": Port "sdram_d[12]" does not exist in the design. This preference has
     been disabled.
WARNING - map: C:/lscc/ulx3s-passthru/constraints/ulx3s_v20.lpf(296): Semantic
     error in "IOBUF PORT "sdram_d[13]" PULLMODE=NONE IO_TYPE=LVCMOS33 DRIVE=4
     ;": Port "sdram_d[13]" does not exist in the design. This preference has
     been disabled.
WARNING - map: C:/lscc/ulx3s-passthru/constraints/ulx3s_v20.lpf(297): Semantic
     error in "IOBUF PORT "sdram_d[14]" PULLMODE=NONE IO_TYPE=LVCMOS33 DRIVE=4
     ;": Port "sdram_d[14]" does not exist in the design. This preference has
     been disabled.
WARNING - map: C:/lscc/ulx3s-passthru/constraints/ulx3s_v20.lpf(298): Semantic
     error in "IOBUF PORT "sdram_d[15]" PULLMODE=NONE IO_TYPE=LVCMOS33 DRIVE=4
     ;": Port "sdram_d[15]" does not exist in the design. This preference has
     been disabled.
WARNING - map: C:/lscc/ulx3s-passthru/constraints/ulx3s_v20.lpf(301): Semantic
     error in "LOCATE COMP "gpdi_dp[0]" SITE "A16" ;": COMP "gpdi_dp[0]" cannot
     be found in design. This preference has been disabled.
WARNING - map: C:/lscc/ulx3s-passthru/constraints/ulx3s_v20.lpf(302): Semantic
     error in "LOCATE COMP "gpdi_dn[0]" SITE "B16" ;": COMP "gpdi_dn[0]" cannot
     be found in design. This preference has been disabled.

                                   Page 10




Design:  ulx3s_passthru_wifi                           Date:  11/12/19  00:07:48

Design Errors/Warnings (cont)
-----------------------------
WARNING - map: C:/lscc/ulx3s-passthru/constraints/ulx3s_v20.lpf(303): Semantic
     error in "LOCATE COMP "gpdi_dp[1]" SITE "A14" ;": COMP "gpdi_dp[1]" cannot
     be found in design. This preference has been disabled.
WARNING - map: C:/lscc/ulx3s-passthru/constraints/ulx3s_v20.lpf(304): Semantic
     error in "LOCATE COMP "gpdi_dn[1]" SITE "C14" ;": COMP "gpdi_dn[1]" cannot
     be found in design. This preference has been disabled.
WARNING - map: C:/lscc/ulx3s-passthru/constraints/ulx3s_v20.lpf(305): Semantic
     error in "LOCATE COMP "gpdi_dp[2]" SITE "A12" ;": COMP "gpdi_dp[2]" cannot
     be found in design. This preference has been disabled.
WARNING - map: C:/lscc/ulx3s-passthru/constraints/ulx3s_v20.lpf(306): Semantic
     error in "LOCATE COMP "gpdi_dn[2]" SITE "A13" ;": COMP "gpdi_dn[2]" cannot
     be found in design. This preference has been disabled.
WARNING - map: C:/lscc/ulx3s-passthru/constraints/ulx3s_v20.lpf(307): Semantic
     error in "LOCATE COMP "gpdi_dp[3]" SITE "A17" ;": COMP "gpdi_dp[3]" cannot
     be found in design. This preference has been disabled.
WARNING - map: C:/lscc/ulx3s-passthru/constraints/ulx3s_v20.lpf(308): Semantic
     error in "LOCATE COMP "gpdi_dn[3]" SITE "B18" ;": COMP "gpdi_dn[3]" cannot
     be found in design. This preference has been disabled.
WARNING - map: C:/lscc/ulx3s-passthru/constraints/ulx3s_v20.lpf(309): Semantic
     error in "LOCATE COMP "gpdi_ethp" SITE "A19" ;": COMP "gpdi_ethp" cannot be
     found in design. This preference has been disabled.
WARNING - map: C:/lscc/ulx3s-passthru/constraints/ulx3s_v20.lpf(310): Semantic
     error in "LOCATE COMP "gpdi_ethn" SITE "B20" ;": COMP "gpdi_ethn" cannot be
     found in design. This preference has been disabled.
WARNING - map: C:/lscc/ulx3s-passthru/constraints/ulx3s_v20.lpf(311): Semantic
     error in "LOCATE COMP "gpdi_cec" SITE "A18" ;": COMP "gpdi_cec" cannot be
     found in design. This preference has been disabled.
WARNING - map: C:/lscc/ulx3s-passthru/constraints/ulx3s_v20.lpf(312): Semantic
     error in "LOCATE COMP "gpdi_sda" SITE "B19" ;": COMP "gpdi_sda" cannot be
     found in design. This preference has been disabled.
WARNING - map: C:/lscc/ulx3s-passthru/constraints/ulx3s_v20.lpf(313): Semantic
     error in "LOCATE COMP "gpdi_scl" SITE "E12" ;": COMP "gpdi_scl" cannot be
     found in design. This preference has been disabled.
WARNING - map: C:/lscc/ulx3s-passthru/constraints/ulx3s_v20.lpf(314): Semantic
     error in "IOBUF PORT "gpdi_dp[0]" IO_TYPE=LVCMOS33D DRIVE=4 ;": Port
     "gpdi_dp[0]" does not exist in the design. This preference has been
     disabled.
WARNING - map: C:/lscc/ulx3s-passthru/constraints/ulx3s_v20.lpf(315): Semantic
     error in "IOBUF PORT "gpdi_dn[0]" IO_TYPE=LVCMOS33D DRIVE=4 ;": Port
     "gpdi_dn[0]" does not exist in the design. This preference has been
     disabled.
WARNING - map: C:/lscc/ulx3s-passthru/constraints/ulx3s_v20.lpf(316): Semantic
     error in "IOBUF PORT "gpdi_dp[1]" IO_TYPE=LVCMOS33D DRIVE=4 ;": Port
     "gpdi_dp[1]" does not exist in the design. This preference has been
     disabled.
WARNING - map: C:/lscc/ulx3s-passthru/constraints/ulx3s_v20.lpf(317): Semantic
     error in "IOBUF PORT "gpdi_dn[1]" IO_TYPE=LVCMOS33D DRIVE=4 ;": Port
     "gpdi_dn[1]" does not exist in the design. This preference has been
     disabled.
WARNING - map: C:/lscc/ulx3s-passthru/constraints/ulx3s_v20.lpf(318): Semantic
     error in "IOBUF PORT "gpdi_dp[2]" IO_TYPE=LVCMOS33D DRIVE=4 ;": Port
     "gpdi_dp[2]" does not exist in the design. This preference has been
     disabled.
WARNING - map: C:/lscc/ulx3s-passthru/constraints/ulx3s_v20.lpf(319): Semantic
     error in "IOBUF PORT "gpdi_dn[2]" IO_TYPE=LVCMOS33D DRIVE=4 ;": Port
     "gpdi_dn[2]" does not exist in the design. This preference has been

                                   Page 11




Design:  ulx3s_passthru_wifi                           Date:  11/12/19  00:07:48

Design Errors/Warnings (cont)
-----------------------------
     disabled.
WARNING - map: C:/lscc/ulx3s-passthru/constraints/ulx3s_v20.lpf(320): Semantic
     error in "IOBUF PORT "gpdi_dp[3]" IO_TYPE=LVCMOS33D DRIVE=4 ;": Port
     "gpdi_dp[3]" does not exist in the design. This preference has been
     disabled.
WARNING - map: C:/lscc/ulx3s-passthru/constraints/ulx3s_v20.lpf(321): Semantic
     error in "IOBUF PORT "gpdi_dn[3]" IO_TYPE=LVCMOS33D DRIVE=4 ;": Port
     "gpdi_dn[3]" does not exist in the design. This preference has been
     disabled.
WARNING - map: C:/lscc/ulx3s-passthru/constraints/ulx3s_v20.lpf(322): Semantic
     error in "IOBUF PORT "gpdi_ethp" IO_TYPE=LVCMOS33D DRIVE=4 ;": Port
     "gpdi_ethp" does not exist in the design. This preference has been
     disabled.
WARNING - map: C:/lscc/ulx3s-passthru/constraints/ulx3s_v20.lpf(323): Semantic
     error in "IOBUF PORT "gpdi_ethn" IO_TYPE=LVCMOS33D DRIVE=4 ;": Port
     "gpdi_ethn" does not exist in the design. This preference has been
     disabled.
WARNING - map: C:/lscc/ulx3s-passthru/constraints/ulx3s_v20.lpf(324): Semantic
     error in "IOBUF PORT "gpdi_cec" PULLMODE=UP IO_TYPE=LVCMOS33 DRIVE=4 ;":
     Port "gpdi_cec" does not exist in the design. This preference has been
     disabled.
WARNING - map: C:/lscc/ulx3s-passthru/constraints/ulx3s_v20.lpf(325): Semantic
     error in "IOBUF PORT "gpdi_sda" PULLMODE=UP IO_TYPE=LVCMOS33 DRIVE=4 ;":
     Port "gpdi_sda" does not exist in the design. This preference has been
     disabled.
WARNING - map: C:/lscc/ulx3s-passthru/constraints/ulx3s_v20.lpf(326): Semantic
     error in "IOBUF PORT "gpdi_scl" PULLMODE=UP IO_TYPE=LVCMOS33 DRIVE=4 ;":
     Port "gpdi_scl" does not exist in the design. This preference has been
     disabled.
WARNING - map: C:/lscc/ulx3s-passthru/constraints/ulx3s_v20.lpf(348): Semantic
     error in "IOBUF PORT "gp[0]" PULLMODE=UP IO_TYPE=LVCMOS33 DRIVE=4 ;": Port
     "gp[0]" does not exist in the design. This preference has been disabled.
WARNING - map: C:/lscc/ulx3s-passthru/constraints/ulx3s_v20.lpf(349): Semantic
     error in "IOBUF PORT "gn[0]" PULLMODE=UP IO_TYPE=LVCMOS33 DRIVE=4 ;": Port
     "gn[0]" does not exist in the design. This preference has been disabled.
WARNING - map: C:/lscc/ulx3s-passthru/constraints/ulx3s_v20.lpf(350): Semantic
     error in "IOBUF PORT "gp[1]" PULLMODE=UP IO_TYPE=LVCMOS33 DRIVE=4 ;": Port
     "gp[1]" does not exist in the design. This preference has been disabled.
WARNING - map: C:/lscc/ulx3s-passthru/constraints/ulx3s_v20.lpf(351): Semantic
     error in "IOBUF PORT "gn[1]" PULLMODE=UP IO_TYPE=LVCMOS33 DRIVE=4 ;": Port
     "gn[1]" does not exist in the design. This preference has been disabled.
WARNING - map: C:/lscc/ulx3s-passthru/constraints/ulx3s_v20.lpf(352): Semantic
     error in "IOBUF PORT "gp[2]" PULLMODE=UP IO_TYPE=LVCMOS33 DRIVE=4 ;": Port
     "gp[2]" does not exist in the design. This preference has been disabled.
WARNING - map: C:/lscc/ulx3s-passthru/constraints/ulx3s_v20.lpf(353): Semantic
     error in "IOBUF PORT "gn[2]" PULLMODE=UP IO_TYPE=LVCMOS33 DRIVE=4 ;": Port
     "gn[2]" does not exist in the design. This preference has been disabled.
WARNING - map: C:/lscc/ulx3s-passthru/constraints/ulx3s_v20.lpf(354): Semantic
     error in "IOBUF PORT "gp[3]" PULLMODE=UP IO_TYPE=LVCMOS33 DRIVE=4 ;": Port
     "gp[3]" does not exist in the design. This preference has been disabled.
WARNING - map: C:/lscc/ulx3s-passthru/constraints/ulx3s_v20.lpf(355): Semantic
     error in "IOBUF PORT "gn[3]" PULLMODE=UP IO_TYPE=LVCMOS33 DRIVE=4 ;": Port
     "gn[3]" does not exist in the design. This preference has been disabled.
WARNING - map: C:/lscc/ulx3s-passthru/constraints/ulx3s_v20.lpf(356): Semantic
     error in "IOBUF PORT "gp[4]" PULLMODE=UP IO_TYPE=LVCMOS33 DRIVE=4 ;": Port
     "gp[4]" does not exist in the design. This preference has been disabled.

                                   Page 12




Design:  ulx3s_passthru_wifi                           Date:  11/12/19  00:07:48

Design Errors/Warnings (cont)
-----------------------------
WARNING - map: C:/lscc/ulx3s-passthru/constraints/ulx3s_v20.lpf(357): Semantic
     error in "IOBUF PORT "gn[4]" PULLMODE=UP IO_TYPE=LVCMOS33 DRIVE=4 ;": Port
     "gn[4]" does not exist in the design. This preference has been disabled.
WARNING - map: C:/lscc/ulx3s-passthru/constraints/ulx3s_v20.lpf(358): Semantic
     error in "IOBUF PORT "gp[5]" PULLMODE=UP IO_TYPE=LVCMOS33 DRIVE=4 ;": Port
     "gp[5]" does not exist in the design. This preference has been disabled.
WARNING - map: C:/lscc/ulx3s-passthru/constraints/ulx3s_v20.lpf(359): Semantic
     error in "IOBUF PORT "gn[5]" PULLMODE=UP IO_TYPE=LVCMOS33 DRIVE=4 ;": Port
     "gn[5]" does not exist in the design. This preference has been disabled.
WARNING - map: C:/lscc/ulx3s-passthru/constraints/ulx3s_v20.lpf(360): Semantic
     error in "IOBUF PORT "gp[6]" PULLMODE=UP IO_TYPE=LVCMOS33 DRIVE=4 ;": Port
     "gp[6]" does not exist in the design. This preference has been disabled.
WARNING - map: C:/lscc/ulx3s-passthru/constraints/ulx3s_v20.lpf(361): Semantic
     error in "IOBUF PORT "gn[6]" PULLMODE=UP IO_TYPE=LVCMOS33 DRIVE=4 ;": Port
     "gn[6]" does not exist in the design. This preference has been disabled.
WARNING - map: C:/lscc/ulx3s-passthru/constraints/ulx3s_v20.lpf(376): Semantic
     error in "IOBUF PORT "gp[7]" PULLMODE=UP IO_TYPE=LVCMOS33 DRIVE=4 ;": Port
     "gp[7]" does not exist in the design. This preference has been disabled.
WARNING - map: C:/lscc/ulx3s-passthru/constraints/ulx3s_v20.lpf(377): Semantic
     error in "IOBUF PORT "gn[7]" PULLMODE=UP IO_TYPE=LVCMOS33 DRIVE=4 ;": Port
     "gn[7]" does not exist in the design. This preference has been disabled.
WARNING - map: C:/lscc/ulx3s-passthru/constraints/ulx3s_v20.lpf(378): Semantic
     error in "IOBUF PORT "gp[8]" PULLMODE=UP IO_TYPE=LVCMOS33 DRIVE=4 ;": Port
     "gp[8]" does not exist in the design. This preference has been disabled.
WARNING - map: C:/lscc/ulx3s-passthru/constraints/ulx3s_v20.lpf(379): Semantic
     error in "IOBUF PORT "gn[8]" PULLMODE=UP IO_TYPE=LVCMOS33 DRIVE=4 ;": Port
     "gn[8]" does not exist in the design. This preference has been disabled.
WARNING - map: C:/lscc/ulx3s-passthru/constraints/ulx3s_v20.lpf(380): Semantic
     error in "IOBUF PORT "gp[9]" PULLMODE=UP IO_TYPE=LVCMOS33 DRIVE=4 ;": Port
     "gp[9]" does not exist in the design. This preference has been disabled.
WARNING - map: C:/lscc/ulx3s-passthru/constraints/ulx3s_v20.lpf(381): Semantic
     error in "IOBUF PORT "gn[9]" PULLMODE=UP IO_TYPE=LVCMOS33 DRIVE=4 ;": Port
     "gn[9]" does not exist in the design. This preference has been disabled.
WARNING - map: C:/lscc/ulx3s-passthru/constraints/ulx3s_v20.lpf(382): Semantic
     error in "IOBUF PORT "gp[10]" PULLMODE=UP IO_TYPE=LVCMOS33 DRIVE=4 ;": Port
     "gp[10]" does not exist in the design. This preference has been disabled.
WARNING - map: C:/lscc/ulx3s-passthru/constraints/ulx3s_v20.lpf(383): Semantic
     error in "IOBUF PORT "gn[10]" PULLMODE=UP IO_TYPE=LVCMOS33 DRIVE=4 ;": Port
     "gn[10]" does not exist in the design. This preference has been disabled.
WARNING - map: C:/lscc/ulx3s-passthru/constraints/ulx3s_v20.lpf(385): Semantic
     error in "IOBUF PORT "gn[11]" PULLMODE=UP IO_TYPE=LVCMOS33 DRIVE=4 ;": Port
     "gn[11]" does not exist in the design. This preference has been disabled.
WARNING - map: C:/lscc/ulx3s-passthru/constraints/ulx3s_v20.lpf(386): Semantic
     error in "IOBUF PORT "gp[12]" PULLMODE=UP IO_TYPE=LVCMOS33 DRIVE=4 ;": Port
     "gp[12]" does not exist in the design. This preference has been disabled.
WARNING - map: C:/lscc/ulx3s-passthru/constraints/ulx3s_v20.lpf(387): Semantic
     error in "IOBUF PORT "gn[12]" PULLMODE=UP IO_TYPE=LVCMOS33 DRIVE=4 ;": Port
     "gn[12]" does not exist in the design. This preference has been disabled.
WARNING - map: C:/lscc/ulx3s-passthru/constraints/ulx3s_v20.lpf(388): Semantic
     error in "IOBUF PORT "gp[13]" PULLMODE=UP IO_TYPE=LVCMOS33 DRIVE=4 ;": Port
     "gp[13]" does not exist in the design. This preference has been disabled.
WARNING - map: C:/lscc/ulx3s-passthru/constraints/ulx3s_v20.lpf(389): Semantic
     error in "IOBUF PORT "gn[13]" PULLMODE=UP IO_TYPE=LVCMOS33 DRIVE=4 ;": Port
     "gn[13]" does not exist in the design. This preference has been disabled.
WARNING - map: C:/lscc/ulx3s-passthru/constraints/ulx3s_v20.lpf(404): Semantic
     error in "IOBUF PORT "gp[14]" PULLMODE=UP IO_TYPE=LVCMOS33 DRIVE=4 ;": Port

                                   Page 13




Design:  ulx3s_passthru_wifi                           Date:  11/12/19  00:07:48

Design Errors/Warnings (cont)
-----------------------------
     "gp[14]" does not exist in the design. This preference has been disabled.
WARNING - map: C:/lscc/ulx3s-passthru/constraints/ulx3s_v20.lpf(405): Semantic
     error in "IOBUF PORT "gn[14]" PULLMODE=UP IO_TYPE=LVCMOS33 DRIVE=4 ;": Port
     "gn[14]" does not exist in the design. This preference has been disabled.
WARNING - map: C:/lscc/ulx3s-passthru/constraints/ulx3s_v20.lpf(406): Semantic
     error in "IOBUF PORT "gp[15]" PULLMODE=UP IO_TYPE=LVCMOS33 DRIVE=4 ;": Port
     "gp[15]" does not exist in the design. This preference has been disabled.
WARNING - map: C:/lscc/ulx3s-passthru/constraints/ulx3s_v20.lpf(407): Semantic
     error in "IOBUF PORT "gn[15]" PULLMODE=UP IO_TYPE=LVCMOS33 DRIVE=4 ;": Port
     "gn[15]" does not exist in the design. This preference has been disabled.
WARNING - map: C:/lscc/ulx3s-passthru/constraints/ulx3s_v20.lpf(408): Semantic
     error in "IOBUF PORT "gp[16]" PULLMODE=UP IO_TYPE=LVCMOS33 DRIVE=4 ;": Port
     "gp[16]" does not exist in the design. This preference has been disabled.
WARNING - map: C:/lscc/ulx3s-passthru/constraints/ulx3s_v20.lpf(409): Semantic
     error in "IOBUF PORT "gn[16]" PULLMODE=UP IO_TYPE=LVCMOS33 DRIVE=4 ;": Port
     "gn[16]" does not exist in the design. This preference has been disabled.
WARNING - map: C:/lscc/ulx3s-passthru/constraints/ulx3s_v20.lpf(410): Semantic
     error in "IOBUF PORT "gp[17]" PULLMODE=UP IO_TYPE=LVCMOS33 DRIVE=4 ;": Port
     "gp[17]" does not exist in the design. This preference has been disabled.
WARNING - map: C:/lscc/ulx3s-passthru/constraints/ulx3s_v20.lpf(411): Semantic
     error in "IOBUF PORT "gn[17]" PULLMODE=UP IO_TYPE=LVCMOS33 DRIVE=4 ;": Port
     "gn[17]" does not exist in the design. This preference has been disabled.
WARNING - map: C:/lscc/ulx3s-passthru/constraints/ulx3s_v20.lpf(412): Semantic
     error in "IOBUF PORT "gp[18]" PULLMODE=UP IO_TYPE=LVCMOS33 DRIVE=4 ;": Port
     "gp[18]" does not exist in the design. This preference has been disabled.
WARNING - map: C:/lscc/ulx3s-passthru/constraints/ulx3s_v20.lpf(413): Semantic
     error in "IOBUF PORT "gn[18]" PULLMODE=UP IO_TYPE=LVCMOS33 DRIVE=4 ;": Port
     "gn[18]" does not exist in the design. This preference has been disabled.
WARNING - map: C:/lscc/ulx3s-passthru/constraints/ulx3s_v20.lpf(414): Semantic
     error in "IOBUF PORT "gp[19]" PULLMODE=UP IO_TYPE=LVCMOS33 DRIVE=4 ;": Port
     "gp[19]" does not exist in the design. This preference has been disabled.
WARNING - map: C:/lscc/ulx3s-passthru/constraints/ulx3s_v20.lpf(415): Semantic
     error in "IOBUF PORT "gn[19]" PULLMODE=UP IO_TYPE=LVCMOS33 DRIVE=4 ;": Port
     "gn[19]" does not exist in the design. This preference has been disabled.
WARNING - map: C:/lscc/ulx3s-passthru/constraints/ulx3s_v20.lpf(416): Semantic
     error in "IOBUF PORT "gp[20]" PULLMODE=UP IO_TYPE=LVCMOS33 DRIVE=4 ;": Port
     "gp[20]" does not exist in the design. This preference has been disabled.
WARNING - map: C:/lscc/ulx3s-passthru/constraints/ulx3s_v20.lpf(417): Semantic
     error in "IOBUF PORT "gn[20]" PULLMODE=UP IO_TYPE=LVCMOS33 DRIVE=4 ;": Port
     "gn[20]" does not exist in the design. This preference has been disabled.
WARNING - map: C:/lscc/ulx3s-passthru/constraints/ulx3s_v20.lpf(432): Semantic
     error in "IOBUF PORT "gp[21]" PULLMODE=UP IO_TYPE=LVCMOS33 DRIVE=4 ;": Port
     "gp[21]" does not exist in the design. This preference has been disabled.
WARNING - map: C:/lscc/ulx3s-passthru/constraints/ulx3s_v20.lpf(433): Semantic
     error in "IOBUF PORT "gn[21]" PULLMODE=UP IO_TYPE=LVCMOS33 DRIVE=4 ;": Port
     "gn[21]" does not exist in the design. This preference has been disabled.
WARNING - map: C:/lscc/ulx3s-passthru/constraints/ulx3s_v20.lpf(434): Semantic
     error in "IOBUF PORT "gp[22]" PULLMODE=UP IO_TYPE=LVCMOS33 DRIVE=4 ;": Port
     "gp[22]" does not exist in the design. This preference has been disabled.
WARNING - map: C:/lscc/ulx3s-passthru/constraints/ulx3s_v20.lpf(435): Semantic
     error in "IOBUF PORT "gn[22]" PULLMODE=UP IO_TYPE=LVCMOS33 DRIVE=4 ;": Port
     "gn[22]" does not exist in the design. This preference has been disabled.
WARNING - map: C:/lscc/ulx3s-passthru/constraints/ulx3s_v20.lpf(436): Semantic
     error in "IOBUF PORT "gp[23]" PULLMODE=UP IO_TYPE=LVCMOS33 DRIVE=4 ;": Port
     "gp[23]" does not exist in the design. This preference has been disabled.
WARNING - map: C:/lscc/ulx3s-passthru/constraints/ulx3s_v20.lpf(437): Semantic

                                   Page 14




Design:  ulx3s_passthru_wifi                           Date:  11/12/19  00:07:48

Design Errors/Warnings (cont)
-----------------------------
     error in "IOBUF PORT "gn[23]" PULLMODE=UP IO_TYPE=LVCMOS33 DRIVE=4 ;": Port
     "gn[23]" does not exist in the design. This preference has been disabled.
WARNING - map: C:/lscc/ulx3s-passthru/constraints/ulx3s_v20.lpf(438): Semantic
     error in "IOBUF PORT "gp[24]" PULLMODE=UP IO_TYPE=LVCMOS33 DRIVE=4 ;": Port
     "gp[24]" does not exist in the design. This preference has been disabled.
WARNING - map: C:/lscc/ulx3s-passthru/constraints/ulx3s_v20.lpf(439): Semantic
     error in "IOBUF PORT "gn[24]" PULLMODE=UP IO_TYPE=LVCMOS33 DRIVE=4 ;": Port
     "gn[24]" does not exist in the design. This preference has been disabled.
WARNING - map: C:/lscc/ulx3s-passthru/constraints/ulx3s_v20.lpf(440): Semantic
     error in "IOBUF PORT "gp[25]" PULLMODE=UP IO_TYPE=LVCMOS33 DRIVE=4 ;": Port
     "gp[25]" does not exist in the design. This preference has been disabled.
WARNING - map: C:/lscc/ulx3s-passthru/constraints/ulx3s_v20.lpf(441): Semantic
     error in "IOBUF PORT "gn[25]" PULLMODE=UP IO_TYPE=LVCMOS33 DRIVE=4 ;": Port
     "gn[25]" does not exist in the design. This preference has been disabled.
WARNING - map: C:/lscc/ulx3s-passthru/constraints/ulx3s_v20.lpf(442): Semantic
     error in "IOBUF PORT "gp[26]" PULLMODE=UP IO_TYPE=LVCMOS33 DRIVE=4 ;": Port
     "gp[26]" does not exist in the design. This preference has been disabled.
WARNING - map: C:/lscc/ulx3s-passthru/constraints/ulx3s_v20.lpf(443): Semantic
     error in "IOBUF PORT "gn[26]" PULLMODE=UP IO_TYPE=LVCMOS33 DRIVE=4 ;": Port
     "gn[26]" does not exist in the design. This preference has been disabled.
WARNING - map: C:/lscc/ulx3s-passthru/constraints/ulx3s_v20.lpf(444): Semantic
     error in "IOBUF PORT "gp[27]" PULLMODE=UP IO_TYPE=LVCMOS33 DRIVE=4 ;": Port
     "gp[27]" does not exist in the design. This preference has been disabled.
WARNING - map: C:/lscc/ulx3s-passthru/constraints/ulx3s_v20.lpf(445): Semantic
     error in "IOBUF PORT "gn[27]" PULLMODE=UP IO_TYPE=LVCMOS33 DRIVE=4 ;": Port
     "gn[27]" does not exist in the design. This preference has been disabled.
WARNING - map: PULLMODE=UP for ftdi_rxd_pad/IOBUF violates legal combination and
     is ignored.
WARNING - map: PULLMODE=UP for user_programn_pad/IOBUF violates legal
     combination and is ignored.
WARNING - map: DRIVE=4 for sd_clk_pad/IOBUF violates legal combination and is
     ignored.
WARNING - map: DRIVE=4 for sd_cmd_pad/IOBUF violates legal combination and is
     ignored.
WARNING - map: PULLMODE=UP for sd_d_pad[3]/IOBUF violates legal combination and
     is ignored.
WARNING - map: PULLMODE=UP for sd_d_pad[1]/IOBUF violates legal combination and
     is ignored.
WARNING - map: PULLMODE=UP for sd_d_pad[0]/IOBUF violates legal combination and
     is ignored.
WARNING - map: PULLMODE=UP for flash_wpn_pad/IOBUF violates legal combination
     and is ignored.
WARNING - map: PULLMODE=UP for flash_holdn_pad/IOBUF violates legal combination
     and is ignored.
WARNING - map: PULLMODE=DOWN for shutdown_pad/IOBUF violates legal combination
     and is ignored.
WARNING - map: DRIVE=4 for gp_pad[11]/IOBUF violates legal combination and is
     ignored.
WARNING - map: PULLMODE=UP for oled_resn_pad/IOBUF violates legal combination
     and is ignored.
WARNING - map: PULLMODE=UP for oled_dc_pad/IOBUF violates legal combination and
     is ignored.
WARNING - map: PULLMODE=UP for oled_mosi_pad/IOBUF violates legal combination
     and is ignored.
WARNING - map: PULLMODE=UP for oled_clk_pad/IOBUF violates legal combination and
     is ignored.

                                   Page 15




Design:  ulx3s_passthru_wifi                           Date:  11/12/19  00:07:48

Design Errors/Warnings (cont)
-----------------------------
WARNING - map: PULLMODE=UP for oled_csn_pad/IOBUF violates legal combination and
     is ignored.
WARNING - map: DRIVE=4 for btn_pad[6]/IOBUF violates legal combination and is
     ignored.
WARNING - map: DRIVE=4 for btn_pad[5]/IOBUF violates legal combination and is
     ignored.
WARNING - map: DRIVE=4 for btn_pad[4]/IOBUF violates legal combination and is
     ignored.
WARNING - map: DRIVE=4 for btn_pad[3]/IOBUF violates legal combination and is
     ignored.
WARNING - map: DRIVE=4 for btn_pad[2]/IOBUF violates legal combination and is
     ignored.
WARNING - map: DRIVE=4 for btn_pad[1]/IOBUF violates legal combination and is
     ignored.
WARNING - map: DRIVE=4 for btn_pad[0]/IOBUF violates legal combination and is
     ignored.
WARNING - map: DRIVE=4 for wifi_gpio17_pad/IOBUF violates legal combination and
     is ignored.
WARNING - map: DRIVE=4 for wifi_gpio16_pad/IOBUF violates legal combination and
     is ignored.
WARNING - map: PULLMODE=UP for wifi_gpio0_pad/IOBUF violates legal combination
     and is ignored.
WARNING - map: PULLMODE=UP for wifi_en_pad/IOBUF violates legal combination and
     is ignored.
WARNING - map: DRIVE=4 for wifi_txd_pad/IOBUF violates legal combination and is
     ignored.
WARNING - map: PULLMODE=UP for wifi_rxd_pad/IOBUF violates legal combination and
     is ignored.
WARNING - map: Using local reset signal 'wifi_gpio17_c' to infer global GSR net.
WARNING - map: IO buffer missing for top level port ftdi_ndsr...logic will be
     discarded.
WARNING - map: IO buffer missing for top level port ftdi_txden...logic will be
     discarded.
WARNING - map: IO buffer missing for top level port wifi_gpio2...logic will be
     discarded.
WARNING - map: IO buffer missing for top level port sw[1:4](3)...logic will be
     discarded.
WARNING - map: IO buffer missing for top level port sw[1:4](2)...logic will be
     discarded.
WARNING - map: IO buffer missing for top level port sw[1:4](1)...logic will be
     discarded.
WARNING - map: IO buffer missing for top level port sw[1:4](0)...logic will be
     discarded.
WARNING - map: IO buffer missing for top level port gp[27:0](27)...logic will be
     discarded.
WARNING - map: IO buffer missing for top level port gp[27:0](26)...logic will be
     discarded.
WARNING - map: IO buffer missing for top level port gp[27:0](25)...logic will be
     discarded.
WARNING - map: IO buffer missing for top level port gp[27:0](24)...logic will be
     discarded.
WARNING - map: IO buffer missing for top level port gp[27:0](23)...logic will be
     discarded.
WARNING - map: IO buffer missing for top level port gp[27:0](22)...logic will be
     discarded.
WARNING - map: IO buffer missing for top level port gp[27:0](21)...logic will be

                                   Page 16




Design:  ulx3s_passthru_wifi                           Date:  11/12/19  00:07:48

Design Errors/Warnings (cont)
-----------------------------
     discarded.
WARNING - map: IO buffer missing for top level port gp[27:0](20)...logic will be
     discarded.
WARNING - map: IO buffer missing for top level port gp[27:0](19)...logic will be
     discarded.
WARNING - map: IO buffer missing for top level port gp[27:0](18)...logic will be
     discarded.
WARNING - map: IO buffer missing for top level port gp[27:0](17)...logic will be
     discarded.
WARNING - map: IO buffer missing for top level port gp[27:0](16)...logic will be
     discarded.
WARNING - map: IO buffer missing for top level port gp[27:0](15)...logic will be
     discarded.
WARNING - map: IO buffer missing for top level port gp[27:0](14)...logic will be
     discarded.
WARNING - map: IO buffer missing for top level port gp[27:0](13)...logic will be
     discarded.
WARNING - map: IO buffer missing for top level port gp[27:0](12)...logic will be
     discarded.
WARNING - map: IO buffer missing for top level port gp[27:0](10)...logic will be
     discarded.
WARNING - map: IO buffer missing for top level port gp[27:0](9)...logic will be
     discarded.
WARNING - map: IO buffer missing for top level port gp[27:0](8)...logic will be
     discarded.
WARNING - map: IO buffer missing for top level port gp[27:0](7)...logic will be
     discarded.
WARNING - map: IO buffer missing for top level port gp[27:0](6)...logic will be
     discarded.
WARNING - map: IO buffer missing for top level port gp[27:0](5)...logic will be
     discarded.
WARNING - map: IO buffer missing for top level port gp[27:0](4)...logic will be
     discarded.
WARNING - map: IO buffer missing for top level port gp[27:0](3)...logic will be
     discarded.
WARNING - map: IO buffer missing for top level port gp[27:0](2)...logic will be
     discarded.
WARNING - map: IO buffer missing for top level port gp[27:0](1)...logic will be
     discarded.
WARNING - map: IO buffer missing for top level port gp[27:0](0)...logic will be
     discarded.
WARNING - map: IO buffer missing for top level port gn[27:0](27)...logic will be
     discarded.
WARNING - map: IO buffer missing for top level port gn[27:0](26)...logic will be
     discarded.
WARNING - map: IO buffer missing for top level port gn[27:0](25)...logic will be
     discarded.
WARNING - map: IO buffer missing for top level port gn[27:0](24)...logic will be
     discarded.
WARNING - map: IO buffer missing for top level port gn[27:0](23)...logic will be
     discarded.
WARNING - map: IO buffer missing for top level port gn[27:0](22)...logic will be
     discarded.
WARNING - map: IO buffer missing for top level port gn[27:0](21)...logic will be
     discarded.
WARNING - map: IO buffer missing for top level port gn[27:0](20)...logic will be

                                   Page 17




Design:  ulx3s_passthru_wifi                           Date:  11/12/19  00:07:48

Design Errors/Warnings (cont)
-----------------------------
     discarded.
WARNING - map: IO buffer missing for top level port gn[27:0](19)...logic will be
     discarded.
WARNING - map: IO buffer missing for top level port gn[27:0](18)...logic will be
     discarded.
WARNING - map: IO buffer missing for top level port gn[27:0](17)...logic will be
     discarded.
WARNING - map: IO buffer missing for top level port gn[27:0](16)...logic will be
     discarded.
WARNING - map: IO buffer missing for top level port gn[27:0](15)...logic will be
     discarded.
WARNING - map: IO buffer missing for top level port gn[27:0](14)...logic will be
     discarded.
WARNING - map: IO buffer missing for top level port gn[27:0](13)...logic will be
     discarded.
WARNING - map: IO buffer missing for top level port gn[27:0](12)...logic will be
     discarded.
WARNING - map: IO buffer missing for top level port gn[27:0](11)...logic will be
     discarded.
WARNING - map: IO buffer missing for top level port gn[27:0](10)...logic will be
     discarded.
WARNING - map: IO buffer missing for top level port gn[27:0](9)...logic will be
     discarded.
WARNING - map: IO buffer missing for top level port gn[27:0](8)...logic will be
     discarded.
WARNING - map: IO buffer missing for top level port gn[27:0](7)...logic will be
     discarded.
WARNING - map: IO buffer missing for top level port gn[27:0](6)...logic will be
     discarded.
WARNING - map: IO buffer missing for top level port gn[27:0](5)...logic will be
     discarded.
WARNING - map: IO buffer missing for top level port gn[27:0](4)...logic will be
     discarded.
WARNING - map: IO buffer missing for top level port gn[27:0](3)...logic will be
     discarded.
WARNING - map: IO buffer missing for top level port gn[27:0](2)...logic will be
     discarded.
WARNING - map: IO buffer missing for top level port gn[27:0](1)...logic will be
     discarded.
WARNING - map: IO buffer missing for top level port gn[27:0](0)...logic will be
     discarded.
WARNING - map: IO buffer missing for top level port audio_l[3:0](3)...logic will
     be discarded.
WARNING - map: IO buffer missing for top level port audio_l[3:0](2)...logic will
     be discarded.
WARNING - map: IO buffer missing for top level port audio_l[3:0](1)...logic will
     be discarded.
WARNING - map: IO buffer missing for top level port audio_l[3:0](0)...logic will
     be discarded.
WARNING - map: IO buffer missing for top level port audio_r[3:0](3)...logic will
     be discarded.
WARNING - map: IO buffer missing for top level port audio_r[3:0](2)...logic will
     be discarded.
WARNING - map: IO buffer missing for top level port audio_r[3:0](1)...logic will
     be discarded.
WARNING - map: IO buffer missing for top level port audio_r[3:0](0)...logic will

                                   Page 18




Design:  ulx3s_passthru_wifi                           Date:  11/12/19  00:07:48

Design Errors/Warnings (cont)
-----------------------------
     be discarded.
WARNING - map: IO buffer missing for top level port audio_v[3:0](3)...logic will
     be discarded.
WARNING - map: IO buffer missing for top level port audio_v[3:0](2)...logic will
     be discarded.
WARNING - map: IO buffer missing for top level port audio_v[3:0](1)...logic will
     be discarded.
WARNING - map: IO buffer missing for top level port audio_v[3:0](0)...logic will
     be discarded.
WARNING - map: IO buffer missing for top level port sd_cdn...logic will be
     discarded.
WARNING - map: IO buffer missing for top level port sd_wp...logic will be
     discarded.

IO (PIO) Attributes
-------------------

+---------------------+-----------+-----------+------------+
| IO Name             | Direction | Levelmode | IO         |
|                     |           |  IO_TYPE  | Register   |
+---------------------+-----------+-----------+------------+
| led[0]              | OUTPUT    | LVCMOS33  |            |
+---------------------+-----------+-----------+------------+
| ftdi_rxd            | OUTPUT    | LVCMOS33  |            |
+---------------------+-----------+-----------+------------+
| clk_25mhz           | INPUT     | LVCMOS33  |            |
+---------------------+-----------+-----------+------------+
| user_programn       | OUTPUT    | LVCMOS33  |            |
+---------------------+-----------+-----------+------------+
| sd_clk              | INPUT     | LVCMOS33  |            |
+---------------------+-----------+-----------+------------+
| sd_cmd              | INPUT     | LVCMOS33  |            |
+---------------------+-----------+-----------+------------+
| sd_d[3]             | OUTPUT    | LVCMOS33  |            |
+---------------------+-----------+-----------+------------+
| sd_d[2]             | OUTPUT    | LVCMOS33  |            |
+---------------------+-----------+-----------+------------+
| sd_d[1]             | OUTPUT    | LVCMOS33  |            |
+---------------------+-----------+-----------+------------+
| sd_d[0]             | OUTPUT    | LVCMOS33  |            |
+---------------------+-----------+-----------+------------+
| flash_wpn           | OUTPUT    | LVCMOS33  |            |
+---------------------+-----------+-----------+------------+
| flash_holdn         | OUTPUT    | LVCMOS33  |            |
+---------------------+-----------+-----------+------------+
| shutdown            | OUTPUT    | LVCMOS33  |            |
+---------------------+-----------+-----------+------------+
| gp[11]              | INPUT     | LVCMOS33  |            |
+---------------------+-----------+-----------+------------+
| oled_resn           | OUTPUT    | LVCMOS33  |            |
+---------------------+-----------+-----------+------------+
| oled_dc             | OUTPUT    | LVCMOS33  |            |
+---------------------+-----------+-----------+------------+
| oled_mosi           | OUTPUT    | LVCMOS33  |            |
+---------------------+-----------+-----------+------------+
| oled_clk            | OUTPUT    | LVCMOS33  |            |

                                   Page 19




Design:  ulx3s_passthru_wifi                           Date:  11/12/19  00:07:48

IO (PIO) Attributes (cont)
--------------------------
+---------------------+-----------+-----------+------------+
| oled_csn            | OUTPUT    | LVCMOS33  |            |
+---------------------+-----------+-----------+------------+
| btn[6]              | INPUT     | LVCMOS33  |            |
+---------------------+-----------+-----------+------------+
| btn[5]              | INPUT     | LVCMOS33  |            |
+---------------------+-----------+-----------+------------+
| btn[4]              | INPUT     | LVCMOS33  |            |
+---------------------+-----------+-----------+------------+
| btn[3]              | INPUT     | LVCMOS33  |            |
+---------------------+-----------+-----------+------------+
| btn[2]              | INPUT     | LVCMOS33  |            |
+---------------------+-----------+-----------+------------+
| btn[1]              | INPUT     | LVCMOS33  |            |
+---------------------+-----------+-----------+------------+
| btn[0]              | INPUT     | LVCMOS33  |            |
+---------------------+-----------+-----------+------------+
| led[7]              | OUTPUT    | LVCMOS33  |            |
+---------------------+-----------+-----------+------------+
| led[6]              | OUTPUT    | LVCMOS33  |            |
+---------------------+-----------+-----------+------------+
| led[5]              | OUTPUT    | LVCMOS33  |            |
+---------------------+-----------+-----------+------------+
| led[4]              | OUTPUT    | LVCMOS33  |            |
+---------------------+-----------+-----------+------------+
| led[3]              | OUTPUT    | LVCMOS33  |            |
+---------------------+-----------+-----------+------------+
| led[2]              | OUTPUT    | LVCMOS33  |            |
+---------------------+-----------+-----------+------------+
| led[1]              | OUTPUT    | LVCMOS33  |            |
+---------------------+-----------+-----------+------------+
| wifi_gpio17         | INPUT     | LVCMOS33  |            |
+---------------------+-----------+-----------+------------+
| wifi_gpio16         | INPUT     | LVCMOS33  |            |
+---------------------+-----------+-----------+------------+
| wifi_gpio5          | INPUT     | LVCMOS25  |            |
+---------------------+-----------+-----------+------------+
| wifi_gpio0          | OUTPUT    | LVCMOS33  |            |
+---------------------+-----------+-----------+------------+
| wifi_en             | OUTPUT    | LVCMOS33  |            |
+---------------------+-----------+-----------+------------+
| wifi_txd            | INPUT     | LVCMOS33  |            |
+---------------------+-----------+-----------+------------+
| wifi_rxd            | OUTPUT    | LVCMOS33  |            |
+---------------------+-----------+-----------+------------+
| ftdi_nrts           | INPUT     | LVCMOS33  | IN         |
+---------------------+-----------+-----------+------------+
| ftdi_ndtr           | INPUT     | LVCMOS33  | IN         |
+---------------------+-----------+-----------+------------+
| ftdi_txd            | INPUT     | LVCMOS33  |            |
+---------------------+-----------+-----------+------------+

Removed logic
-------------

Signal GND undriven or does not drive anything - clipped.

                                   Page 20




Design:  ulx3s_passthru_wifi                           Date:  11/12/19  00:07:48

Removed logic (cont)
--------------------
Signal VCC undriven or does not drive anything - clipped.
Signal un1_r_progn_cry_0_0_S1 undriven or does not drive anything - clipped.
Signal un1_r_progn_cry_0_0_S0 undriven or does not drive anything - clipped.
Signal N_1 undriven or does not drive anything - clipped.
Signal un1_R_prog_release_1_s_17_0_S1 undriven or does not drive anything -
     clipped.
Signal un1_R_prog_release_1_s_17_0_COUT undriven or does not drive anything -
     clipped.
Signal un1_R_prog_release_1_cry_0_0_S0 undriven or does not drive anything -
     clipped.
Signal N_2 undriven or does not drive anything - clipped.
Signal un1_r_progn_s_7_0_S1 undriven or does not drive anything - clipped.
Signal un1_r_progn_s_7_0_COUT undriven or does not drive anything - clipped.
Block GND was optimized away.
Block VCC was optimized away.

     

GSR Usage
---------

GSR Component:
   The local reset signal 'wifi_gpio17_c' of the design has been inferred as
        Global Set Reset (GSR). The reset signal used for GSR control is
        'wifi_gpio17_c'.
        

     GSR Property:
   The design components with GSR property set to ENABLED will respond to global
        set reset while the components with GSR property set to DISABLED will
        not.
        

Run Time and Memory Usage
-------------------------

   Total CPU Time: 0 secs  
   Total REAL Time: 0 secs  
   Peak Memory Usage: 108 MB
        

















                                   Page 21


Copyright (c) 1991-1994 by NeoCAD Inc. All rights reserved.
     Copyright (c) 1995 AT&T Corp.   All rights reserved.
     Copyright (c) 1995-2001 Lucent Technologies Inc.  All rights reserved.
     Copyright (c) 2001 Agere Systems   All rights reserved.
     Copyright (c) 2002-2019 Lattice Semiconductor Corporation,  All rights
     reserved.
