Running in Lattice mode

Starting:    C:\lscc\diamond\3.11_x64\synpbase\bin64\mbin\synbatch.exe
Install:     C:\lscc\diamond\3.11_x64\synpbase
Hostname:    LAPTOP-0ROAUR8B
Date:        Tue Nov 12 00:07:43 2019
Version:     N-2018.03L-SP1-1

Arguments:   -product synplify_pro -batch project_project_synplify.tcl
ProductType: synplify_pro




log file: "C:\lscc\ulx3s-passthru\proj\ulx3s-v2.0-12f\project\project_project.srr"
Running: hdl_info_gen in foreground

Generating HDL info...

hdl_info_gen completed
# Tue Nov 12 00:07:44 2019

Return Code: 0
Run Time:00h:00m:01s
log file: "C:\lscc\ulx3s-passthru\proj\ulx3s-v2.0-12f\project\project_project.srr"
Running: project in foreground

Running proj_1|project

Running Flow: compile (Compile) on proj_1|project
# Tue Nov 12 00:07:44 2019

Running Flow: compile_flow (Compile Process) on proj_1|project
# Tue Nov 12 00:07:44 2019

Running: compiler (Compile Input) on proj_1|project
# Tue Nov 12 00:07:44 2019
Copied C:\lscc\ulx3s-passthru\proj\ulx3s-v2.0-12f\project\synwork\project_project_comp.srs to C:\lscc\ulx3s-passthru\proj\ulx3s-v2.0-12f\project\project_project.srs

compiler completed
# Tue Nov 12 00:07:45 2019

Return Code: 0
Run Time:00h:00m:01s

Running: multi_srs_gen (Multi-srs Generator) on proj_1|project
# Tue Nov 12 00:07:45 2019

multi_srs_gen completed
# Tue Nov 12 00:07:45 2019

Return Code: 0
Run Time:00h:00m:00s
Copied C:\lscc\ulx3s-passthru\proj\ulx3s-v2.0-12f\project\synwork\project_project_mult.srs to C:\lscc\ulx3s-passthru\proj\ulx3s-v2.0-12f\project\project_project.srs
Copied C:\lscc\ulx3s-passthru\proj\ulx3s-v2.0-12f\project\project_project.srr to C:\lscc\ulx3s-passthru\proj\ulx3s-v2.0-12f\project\project_project.srf
Complete: Compile Process on proj_1|project

Running: premap (Premap) on proj_1|project
# Tue Nov 12 00:07:45 2019

premap completed with warnings
# Tue Nov 12 00:07:46 2019

Return Code: 1
Run Time:00h:00m:01s
Complete: Compile on proj_1|project

Running Flow: map (Map) on proj_1|project
# Tue Nov 12 00:07:46 2019
License granted for 4 parallel jobs

Running: fpga_mapper (Map & Optimize) on proj_1|project
# Tue Nov 12 00:07:46 2019
Copied C:\lscc\ulx3s-passthru\proj\ulx3s-v2.0-12f\project\synwork\project_project_m.srm to C:\lscc\ulx3s-passthru\proj\ulx3s-v2.0-12f\project\project_project.srm

fpga_mapper completed with warnings
# Tue Nov 12 00:07:47 2019

Return Code: 1
Run Time:00h:00m:01s
Complete: Map on proj_1|project
Copied C:\lscc\ulx3s-passthru\proj\ulx3s-v2.0-12f\project\project_project.srr to C:\lscc\ulx3s-passthru\proj\ulx3s-v2.0-12f\project\project_project.srf
Complete: Logic Synthesis on proj_1|project
TCL script complete: "project_project_synplify.tcl"
exit status=0
exit status=0
Save changes for project:
C:\lscc\ulx3s-passthru\proj\ulx3s-v2.0-12f\project\proj_1.prj
batch mode default:no
