
Copyright (C) 1994-2018 Synopsys, Inc.
This Synopsys software and all associated documentation are proprietary to Synopsys, Inc.
and may only be used pursuant to the terms and conditions of a written license agreement
with Synopsys, Inc. All other use, reproduction, modification, or distribution of the
Synopsys software or the associated documentation is strictly prohibited.
Tool: Synplify Pro (R)
Build: N-2018.03L-SP1-1
Install: C:\lscc\diamond\3.11_x64\synpbase
OS: Windows 6.2

Hostname: LAPTOP-0ROAUR8B

Implementation : project
Synopsys VHDL Compiler, Version comp2018q2p1, Build 461R, Built Apr  1 2019 09:17:43

@N|Running in 64-bit mode
@N:"C:\lscc\ulx3s-passthru\rtl\ulx3s_v20_passthru_wifi.vhd":15:7:15:25|Top entity is set to ulx3s_passthru_wifi.
@W: CD643 :"C:/lscc/ulx3s-passthru/rtl/ulx3s_v20_passthru_wifi.vhd":10:22:10:22|Ignoring use clause - f32c_pack not found ...

At c_vhdl Exit (Real Time elapsed 0h:00m:00s; CPU Time elapsed 0h:00m:00s; Memory used current: 72MB peak: 73MB)

Process took 0h:00m:01s realtime, 0h:00m:01s cputime

Process completed successfully.
# Tue Nov 12 00:07:44 2019

###########################################################]
