
             Lattice Mapping Report File for Design Module 'lab2'


Design Information
------------------

Command line:   map -a ECP5U -p LFE5U-12F -t CABGA381 -s 6 -oc Commercial
     lab2_impl1.ngd -o lab2_impl1_map.ncd -pr lab2_impl1.prf -mp lab2_impl1.mrp
     -lpf D:/Documents/github/ulx3s/Diamond/lab2/impl1/lab2_impl1_synplify.lpf
     -lpf D:/Documents/github/ulx3s/Diamond/lab2/ulx3s_v20.lpf -gui 
Target Vendor:  LATTICE
Target Device:  LFE5U-12FCABGA381
Target Performance:   6
Mapper:  sa5p00,  version:  Diamond (64-bit) 3.11.0.396.4
Mapped on:  01/21/20  03:58:25

Design Summary
--------------

   Number of registers:     73 out of 12687 (1%)
      PFU registers:           72 out of 12096 (1%)
      PIO registers:            1 out of   591 (0%)
   Number of SLICEs:        61 out of  6048 (1%)
      SLICEs as Logic/ROM:     61 out of  6048 (1%)
      SLICEs as RAM:            0 out of  4536 (0%)
      SLICEs as Carry:         29 out of  6048 (0%)
   Number of LUT4s:        113 out of 12096 (1%)
      Number used as logic LUTs:         55
      Number used as distributed RAM:     0
      Number used as ripple logic:       58
      Number used as shift registers:     0
   Number of PIO sites used: 15 out of 197 (8%)
   Number of block RAMs:  0 out of 32 (0%)
   Number of GSRs:  0 out of 1 (0%)
   JTAG used :      No
   Readback used :  No
   Oscillator used :  No
   Startup used :   No
   DTR used :   No
   Number of Dynamic Bank Controller (BCINRD):  0 out of 4 (0%)
   Number of Dynamic Bank Controller (BCLVDSOB):  0 out of 4 (0%)
   Number of DCC:  0 out of 60 (0%)
   Number of DCS:  0 out of 2 (0%)
   Number of PLLs:  0 out of 2 (0%)
   Number of DDRDLLs:  0 out of 4 (0%)
   Number of CLKDIV:  0 out of 4 (0%)
   Number of ECLKSYNC:  0 out of 10 (0%)
   Number of ECLKBRIDGECS:  0 out of 2 (0%)
   Notes:-
      1. Total number of LUT4s = (Number of logic LUT4s) + 2*(Number of
     distributed RAMs) + 2*(Number of ripple logic)
      2. Number of logic LUT4s does not include count of distributed RAM and
     ripple logic.

        Number Of Mapped DSP Components:
   --------------------------------
   MULT18X18D          0
   MULT9X9D            0
   ALU54B              0
   ALU24B              0
   PRADD18A            0

                                    Page 1




Design:  lab2                                          Date:  01/21/20  03:58:25

Design Summary (cont)
---------------------
   PRADD9A             0
   --------------------------------
   Number of Used DSP MULT Sites:  0 out of 56 (0 %)
   Number of Used DSP ALU Sites:  0 out of 28 (0 %)
   Number of Used DSP PRADD Sites:  0 out of 56 (0 %)
   Number of clocks:  1
     Net clk_25mhz_c: 40 loads, 40 rising, 0 falling (Driver: PIO clk_25mhz )
   Number of Clock Enables:  3
     Net I1.R_tx_ser_1_sqmuxa_i: 5 loads, 4 LSLICEs
     Net I1/un1_R_debounce_cnt_1_i: 16 loads, 16 LSLICEs
     Net I1/r_tx_tickcnt12: 2 loads, 2 LSLICEs
   Number of LSRs:  2
     Net I1/un1_byte_in_i: 17 loads, 17 LSLICEs
     Net I1/R_tx_phase_0_sqmuxa: 2 loads, 2 LSLICEs
   Number of nets driven by tri-state buffers:  0
   Top 10 highest fanout non-clock nets:
     Net I1/un1_byte_in_i: 17 loads
     Net I1/un1_R_debounce_cnt_1_i: 16 loads
     Net I1/r_tx_tickcnt12: 15 loads
     Net I1/un6_r_tx_tickcnt: 12 loads
     Net btn_c[4]: 7 loads
     Net btn_c[3]: 6 loads
     Net btn_c[6]: 6 loads
     Net btn_c[1]: 5 loads
     Net I1.R_tx_ser_1_sqmuxa_i: 5 loads
     Net I1/R_tx_phase[0]: 5 loads




   Number of warnings:  337
   Number of errors:    0
     

Design Errors/Warnings
----------------------

WARNING - map: D:/Documents/github/ulx3s/Diamond/lab2/ulx3s_v20.lpf(17):
     Semantic error in "LOCATE COMP "ftdi_rxd" SITE "L4" ;": COMP "ftdi_rxd"
     cannot be found in design. This preference has been disabled.
WARNING - map: D:/Documents/github/ulx3s/Diamond/lab2/ulx3s_v20.lpf(18):
     Semantic error in "LOCATE COMP "ftdi_txd" SITE "M1" ;": COMP "ftdi_txd"
     cannot be found in design. This preference has been disabled.
WARNING - map: D:/Documents/github/ulx3s/Diamond/lab2/ulx3s_v20.lpf(19):
     Semantic error in "LOCATE COMP "ftdi_nrts" SITE "M3" ;": COMP "ftdi_nrts"
     cannot be found in design. This preference has been disabled.
WARNING - map: D:/Documents/github/ulx3s/Diamond/lab2/ulx3s_v20.lpf(20):
     Semantic error in "LOCATE COMP "ftdi_ndtr" SITE "N1" ;": COMP "ftdi_ndtr"
     cannot be found in design. This preference has been disabled.
WARNING - map: D:/Documents/github/ulx3s/Diamond/lab2/ulx3s_v20.lpf(21):
     Semantic error in "LOCATE COMP "ftdi_txden" SITE "L3" ;": COMP "ftdi_txden"
     cannot be found in design. This preference has been disabled.
WARNING - map: D:/Documents/github/ulx3s/Diamond/lab2/ulx3s_v20.lpf(22):
     Semantic error in "IOBUF PORT "ftdi_rxd" PULLMODE=UP IO_TYPE=LVCMOS33
     DRIVE=4 ;": Port "ftdi_rxd" does not exist in the design. This preference
     has been disabled.

                                    Page 2




Design:  lab2                                          Date:  01/21/20  03:58:25

Design Errors/Warnings (cont)
-----------------------------
WARNING - map: D:/Documents/github/ulx3s/Diamond/lab2/ulx3s_v20.lpf(23):
     Semantic error in "IOBUF PORT "ftdi_txd" PULLMODE=UP IO_TYPE=LVCMOS33 ;":
     Port "ftdi_txd" does not exist in the design. This preference has been
     disabled.
WARNING - map: D:/Documents/github/ulx3s/Diamond/lab2/ulx3s_v20.lpf(24):
     Semantic error in "IOBUF PORT "ftdi_nrts" PULLMODE=UP IO_TYPE=LVCMOS33 ;":
     Port "ftdi_nrts" does not exist in the design. This preference has been
     disabled.
WARNING - map: D:/Documents/github/ulx3s/Diamond/lab2/ulx3s_v20.lpf(25):
     Semantic error in "IOBUF PORT "ftdi_ndtr" PULLMODE=UP IO_TYPE=LVCMOS33 ;":
     Port "ftdi_ndtr" does not exist in the design. This preference has been
     disabled.
WARNING - map: D:/Documents/github/ulx3s/Diamond/lab2/ulx3s_v20.lpf(26):
     Semantic error in "IOBUF PORT "ftdi_txden" PULLMODE=UP IO_TYPE=LVCMOS33 ;":
     Port "ftdi_txden" does not exist in the design. This preference has been
     disabled.
WARNING - map: D:/Documents/github/ulx3s/Diamond/lab2/ulx3s_v20.lpf(47):
     Semantic error in "LOCATE COMP "btn[0]" SITE "D6" ;": COMP "btn[0]" cannot
     be found in design. This preference has been disabled.
WARNING - map: D:/Documents/github/ulx3s/Diamond/lab2/ulx3s_v20.lpf(54):
     Semantic error in "IOBUF PORT "btn[0]" PULLMODE=UP IO_TYPE=LVCMOS33 ;":
     Port "btn[0]" does not exist in the design. This preference has been
     disabled.
WARNING - map: D:/Documents/github/ulx3s/Diamond/lab2/ulx3s_v20.lpf(56):
     Semantic error in "IOBUF PORT "btn[2]" PULLMODE=DOWN IO_TYPE=LVCMOS33 ;":
     Port "btn[2]" does not exist in the design. This preference has been
     disabled.
WARNING - map: D:/Documents/github/ulx3s/Diamond/lab2/ulx3s_v20.lpf(63):
     Semantic error in "LOCATE COMP "sw[0]" SITE "E8" ;": COMP "sw[0]" cannot be
     found in design. This preference has been disabled.
WARNING - map: D:/Documents/github/ulx3s/Diamond/lab2/ulx3s_v20.lpf(64):
     Semantic error in "LOCATE COMP "sw[1]" SITE "D8" ;": COMP "sw[1]" cannot be
     found in design. This preference has been disabled.
WARNING - map: D:/Documents/github/ulx3s/Diamond/lab2/ulx3s_v20.lpf(65):
     Semantic error in "LOCATE COMP "sw[2]" SITE "D7" ;": COMP "sw[2]" cannot be
     found in design. This preference has been disabled.
WARNING - map: D:/Documents/github/ulx3s/Diamond/lab2/ulx3s_v20.lpf(66):
     Semantic error in "LOCATE COMP "sw[3]" SITE "E7" ;": COMP "sw[3]" cannot be
     found in design. This preference has been disabled.
WARNING - map: D:/Documents/github/ulx3s/Diamond/lab2/ulx3s_v20.lpf(67):
     Semantic error in "IOBUF PORT "sw[0]" PULLMODE=DOWN IO_TYPE=LVCMOS33 ;":
     Port "sw[0]" does not exist in the design. This preference has been
     disabled.
WARNING - map: D:/Documents/github/ulx3s/Diamond/lab2/ulx3s_v20.lpf(68):
     Semantic error in "IOBUF PORT "sw[1]" PULLMODE=DOWN IO_TYPE=LVCMOS33 ;":
     Port "sw[1]" does not exist in the design. This preference has been
     disabled.
WARNING - map: D:/Documents/github/ulx3s/Diamond/lab2/ulx3s_v20.lpf(69):
     Semantic error in "IOBUF PORT "sw[2]" PULLMODE=DOWN IO_TYPE=LVCMOS33 ;":
     Port "sw[2]" does not exist in the design. This preference has been
     disabled.
WARNING - map: D:/Documents/github/ulx3s/Diamond/lab2/ulx3s_v20.lpf(70):
     Semantic error in "IOBUF PORT "sw[3]" PULLMODE=DOWN IO_TYPE=LVCMOS33 ;":
     Port "sw[3]" does not exist in the design. This preference has been
     disabled.
WARNING - map: D:/Documents/github/ulx3s/Diamond/lab2/ulx3s_v20.lpf(73):

                                    Page 3




Design:  lab2                                          Date:  01/21/20  03:58:25

Design Errors/Warnings (cont)
-----------------------------
     Semantic error in "LOCATE COMP "oled_clk" SITE "P4" ;": COMP "oled_clk"
     cannot be found in design. This preference has been disabled.
WARNING - map: D:/Documents/github/ulx3s/Diamond/lab2/ulx3s_v20.lpf(74):
     Semantic error in "LOCATE COMP "oled_mosi" SITE "P3" ;": COMP "oled_mosi"
     cannot be found in design. This preference has been disabled.
WARNING - map: D:/Documents/github/ulx3s/Diamond/lab2/ulx3s_v20.lpf(75):
     Semantic error in "LOCATE COMP "oled_dc" SITE "P1" ;": COMP "oled_dc"
     cannot be found in design. This preference has been disabled.
WARNING - map: D:/Documents/github/ulx3s/Diamond/lab2/ulx3s_v20.lpf(76):
     Semantic error in "LOCATE COMP "oled_resn" SITE "P2" ;": COMP "oled_resn"
     cannot be found in design. This preference has been disabled.
WARNING - map: D:/Documents/github/ulx3s/Diamond/lab2/ulx3s_v20.lpf(77):
     Semantic error in "LOCATE COMP "oled_csn" SITE "N2" ;": COMP "oled_csn"
     cannot be found in design. This preference has been disabled.
WARNING - map: D:/Documents/github/ulx3s/Diamond/lab2/ulx3s_v20.lpf(78):
     Semantic error in "IOBUF PORT "oled_clk" PULLMODE=UP IO_TYPE=LVCMOS33
     DRIVE=4 ;": Port "oled_clk" does not exist in the design. This preference
     has been disabled.
WARNING - map: D:/Documents/github/ulx3s/Diamond/lab2/ulx3s_v20.lpf(79):
     Semantic error in "IOBUF PORT "oled_mosi" PULLMODE=UP IO_TYPE=LVCMOS33
     DRIVE=4 ;": Port "oled_mosi" does not exist in the design. This preference
     has been disabled.
WARNING - map: D:/Documents/github/ulx3s/Diamond/lab2/ulx3s_v20.lpf(80):
     Semantic error in "IOBUF PORT "oled_dc" PULLMODE=UP IO_TYPE=LVCMOS33
     DRIVE=4 ;": Port "oled_dc" does not exist in the design. This preference
     has been disabled.
WARNING - map: D:/Documents/github/ulx3s/Diamond/lab2/ulx3s_v20.lpf(81):
     Semantic error in "IOBUF PORT "oled_resn" PULLMODE=UP IO_TYPE=LVCMOS33
     DRIVE=4 ;": Port "oled_resn" does not exist in the design. This preference
     has been disabled.
WARNING - map: D:/Documents/github/ulx3s/Diamond/lab2/ulx3s_v20.lpf(82):
     Semantic error in "IOBUF PORT "oled_csn" PULLMODE=UP IO_TYPE=LVCMOS33
     DRIVE=4 ;": Port "oled_csn" does not exist in the design. This preference
     has been disabled.
WARNING - map: D:/Documents/github/ulx3s/Diamond/lab2/ulx3s_v20.lpf(85):
     Semantic error in "LOCATE COMP "flash_csn" SITE "R2" ;": COMP "flash_csn"
     cannot be found in design. This preference has been disabled.
WARNING - map: D:/Documents/github/ulx3s/Diamond/lab2/ulx3s_v20.lpf(87):
     Semantic error in "LOCATE COMP "flash_mosi" SITE "W2" ;": COMP "flash_mosi"
     cannot be found in design. This preference has been disabled.
WARNING - map: D:/Documents/github/ulx3s/Diamond/lab2/ulx3s_v20.lpf(88):
     Semantic error in "LOCATE COMP "flash_miso" SITE "V2" ;": COMP "flash_miso"
     cannot be found in design. This preference has been disabled.
WARNING - map: D:/Documents/github/ulx3s/Diamond/lab2/ulx3s_v20.lpf(89):
     Semantic error in "LOCATE COMP "flash_holdn" SITE "W1" ;": COMP
     "flash_holdn" cannot be found in design. This preference has been disabled.
WARNING - map: D:/Documents/github/ulx3s/Diamond/lab2/ulx3s_v20.lpf(90):
     Semantic error in "LOCATE COMP "flash_wpn" SITE "Y2" ;": COMP "flash_wpn"
     cannot be found in design. This preference has been disabled.
WARNING - map: D:/Documents/github/ulx3s/Diamond/lab2/ulx3s_v20.lpf(98):
     Semantic error in "IOBUF PORT "flash_csn" PULLMODE=NONE IO_TYPE=LVCMOS33
     DRIVE=4 ;": Port "flash_csn" does not exist in the design. This preference
     has been disabled.
WARNING - map: D:/Documents/github/ulx3s/Diamond/lab2/ulx3s_v20.lpf(100):
     Semantic error in "IOBUF PORT "flash_mosi" PULLMODE=NONE IO_TYPE=LVCMOS33
     DRIVE=4 ;": Port "flash_mosi" does not exist in the design. This preference

                                    Page 4




Design:  lab2                                          Date:  01/21/20  03:58:25

Design Errors/Warnings (cont)
-----------------------------
     has been disabled.
WARNING - map: D:/Documents/github/ulx3s/Diamond/lab2/ulx3s_v20.lpf(101):
     Semantic error in "IOBUF PORT "flash_miso" PULLMODE=NONE IO_TYPE=LVCMOS33
     DRIVE=4 ;": Port "flash_miso" does not exist in the design. This preference
     has been disabled.
WARNING - map: D:/Documents/github/ulx3s/Diamond/lab2/ulx3s_v20.lpf(102):
     Semantic error in "IOBUF PORT "flash_holdn" PULLMODE=NONE IO_TYPE=LVCMOS33
     DRIVE=4 ;": Port "flash_holdn" does not exist in the design. This
     preference has been disabled.
WARNING - map: D:/Documents/github/ulx3s/Diamond/lab2/ulx3s_v20.lpf(103):
     Semantic error in "IOBUF PORT "flash_wpn" PULLMODE=NONE IO_TYPE=LVCMOS33
     DRIVE=4 ;": Port "flash_wpn" does not exist in the design. This preference
     has been disabled.
WARNING - map: D:/Documents/github/ulx3s/Diamond/lab2/ulx3s_v20.lpf(113):
     Semantic error in "LOCATE COMP "sd_clk" SITE "H2" ;": COMP "sd_clk" cannot
     be found in design. This preference has been disabled.
WARNING - map: D:/Documents/github/ulx3s/Diamond/lab2/ulx3s_v20.lpf(114):
     Semantic error in "LOCATE COMP "sd_cmd" SITE "J1" ;": COMP "sd_cmd" cannot
     be found in design. This preference has been disabled.
WARNING - map: D:/Documents/github/ulx3s/Diamond/lab2/ulx3s_v20.lpf(115):
     Semantic error in "LOCATE COMP "sd_d[0]" SITE "J3" ;": COMP "sd_d[0]"
     cannot be found in design. This preference has been disabled.
WARNING - map: D:/Documents/github/ulx3s/Diamond/lab2/ulx3s_v20.lpf(116):
     Semantic error in "LOCATE COMP "sd_d[1]" SITE "H1" ;": COMP "sd_d[1]"
     cannot be found in design. This preference has been disabled.
WARNING - map: D:/Documents/github/ulx3s/Diamond/lab2/ulx3s_v20.lpf(117):
     Semantic error in "LOCATE COMP "sd_d[2]" SITE "K1" ;": COMP "sd_d[2]"
     cannot be found in design. This preference has been disabled.
WARNING - map: D:/Documents/github/ulx3s/Diamond/lab2/ulx3s_v20.lpf(118):
     Semantic error in "LOCATE COMP "sd_d[3]" SITE "K2" ;": COMP "sd_d[3]"
     cannot be found in design. This preference has been disabled.
WARNING - map: D:/Documents/github/ulx3s/Diamond/lab2/ulx3s_v20.lpf(119):
     Semantic error in "LOCATE COMP "sd_wp" SITE "P5" ;": COMP "sd_wp" cannot be
     found in design. This preference has been disabled.
WARNING - map: D:/Documents/github/ulx3s/Diamond/lab2/ulx3s_v20.lpf(120):
     Semantic error in "LOCATE COMP "sd_cdn" SITE "N5" ;": COMP "sd_cdn" cannot
     be found in design. This preference has been disabled.
WARNING - map: D:/Documents/github/ulx3s/Diamond/lab2/ulx3s_v20.lpf(121):
     Semantic error in "IOBUF PORT "sd_clk" PULLMODE=UP IO_TYPE=LVCMOS33 DRIVE=4
     ;": Port "sd_clk" does not exist in the design. This preference has been
     disabled.
WARNING - map: D:/Documents/github/ulx3s/Diamond/lab2/ulx3s_v20.lpf(122):
     Semantic error in "IOBUF PORT "sd_cmd" PULLMODE=UP IO_TYPE=LVCMOS33 DRIVE=4
     ;": Port "sd_cmd" does not exist in the design. This preference has been
     disabled.
WARNING - map: D:/Documents/github/ulx3s/Diamond/lab2/ulx3s_v20.lpf(123):
     Semantic error in "IOBUF PORT "sd_d[0]" PULLMODE=UP IO_TYPE=LVCMOS33
     DRIVE=4 ;": Port "sd_d[0]" does not exist in the design. This preference
     has been disabled.
WARNING - map: D:/Documents/github/ulx3s/Diamond/lab2/ulx3s_v20.lpf(124):
     Semantic error in "IOBUF PORT "sd_d[1]" PULLMODE=UP IO_TYPE=LVCMOS33
     DRIVE=4 ;": Port "sd_d[1]" does not exist in the design. This preference
     has been disabled.
WARNING - map: D:/Documents/github/ulx3s/Diamond/lab2/ulx3s_v20.lpf(125):
     Semantic error in "IOBUF PORT "sd_d[2]" PULLMODE=UP IO_TYPE=LVCMOS33
     DRIVE=4 ;": Port "sd_d[2]" does not exist in the design. This preference

                                    Page 5




Design:  lab2                                          Date:  01/21/20  03:58:25

Design Errors/Warnings (cont)
-----------------------------
     has been disabled.
WARNING - map: D:/Documents/github/ulx3s/Diamond/lab2/ulx3s_v20.lpf(126):
     Semantic error in "IOBUF PORT "sd_d[3]" PULLMODE=UP IO_TYPE=LVCMOS33
     DRIVE=4 ;": Port "sd_d[3]" does not exist in the design. This preference
     has been disabled.
WARNING - map: D:/Documents/github/ulx3s/Diamond/lab2/ulx3s_v20.lpf(127):
     Semantic error in "IOBUF PORT "sd_wp" PULLMODE=UP IO_TYPE=LVCMOS33 DRIVE=4
     ;": Port "sd_wp" does not exist in the design. This preference has been
     disabled.
WARNING - map: D:/Documents/github/ulx3s/Diamond/lab2/ulx3s_v20.lpf(128):
     Semantic error in "IOBUF PORT "sd_cdn" PULLMODE=UP IO_TYPE=LVCMOS33 DRIVE=4
     ;": Port "sd_cdn" does not exist in the design. This preference has been
     disabled.
WARNING - map: D:/Documents/github/ulx3s/Diamond/lab2/ulx3s_v20.lpf(131):
     Semantic error in "LOCATE COMP "adc_csn" SITE "R17" ;": COMP "adc_csn"
     cannot be found in design. This preference has been disabled.
WARNING - map: D:/Documents/github/ulx3s/Diamond/lab2/ulx3s_v20.lpf(132):
     Semantic error in "LOCATE COMP "adc_mosi" SITE "R16" ;": COMP "adc_mosi"
     cannot be found in design. This preference has been disabled.
WARNING - map: D:/Documents/github/ulx3s/Diamond/lab2/ulx3s_v20.lpf(133):
     Semantic error in "LOCATE COMP "adc_miso" SITE "U16" ;": COMP "adc_miso"
     cannot be found in design. This preference has been disabled.
WARNING - map: D:/Documents/github/ulx3s/Diamond/lab2/ulx3s_v20.lpf(134):
     Semantic error in "LOCATE COMP "adc_sclk" SITE "P17" ;": COMP "adc_sclk"
     cannot be found in design. This preference has been disabled.
WARNING - map: D:/Documents/github/ulx3s/Diamond/lab2/ulx3s_v20.lpf(135):
     Semantic error in "IOBUF PORT "adc_csn" PULLMODE=UP IO_TYPE=LVCMOS33
     DRIVE=4 ;": Port "adc_csn" does not exist in the design. This preference
     has been disabled.
WARNING - map: D:/Documents/github/ulx3s/Diamond/lab2/ulx3s_v20.lpf(136):
     Semantic error in "IOBUF PORT "adc_mosi" PULLMODE=UP IO_TYPE=LVCMOS33
     DRIVE=4 ;": Port "adc_mosi" does not exist in the design. This preference
     has been disabled.
WARNING - map: D:/Documents/github/ulx3s/Diamond/lab2/ulx3s_v20.lpf(137):
     Semantic error in "IOBUF PORT "adc_miso" PULLMODE=UP IO_TYPE=LVCMOS33
     DRIVE=4 ;": Port "adc_miso" does not exist in the design. This preference
     has been disabled.
WARNING - map: D:/Documents/github/ulx3s/Diamond/lab2/ulx3s_v20.lpf(138):
     Semantic error in "IOBUF PORT "adc_sclk" PULLMODE=UP IO_TYPE=LVCMOS33
     DRIVE=4 ;": Port "adc_sclk" does not exist in the design. This preference
     has been disabled.
WARNING - map: D:/Documents/github/ulx3s/Diamond/lab2/ulx3s_v20.lpf(143):
     Semantic error in "LOCATE COMP "audio_l[3]" SITE "B3" ;": COMP "audio_l[3]"
     cannot be found in design. This preference has been disabled.
WARNING - map: D:/Documents/github/ulx3s/Diamond/lab2/ulx3s_v20.lpf(144):
     Semantic error in "LOCATE COMP "audio_l[2]" SITE "C3" ;": COMP "audio_l[2]"
     cannot be found in design. This preference has been disabled.
WARNING - map: D:/Documents/github/ulx3s/Diamond/lab2/ulx3s_v20.lpf(145):
     Semantic error in "LOCATE COMP "audio_l[1]" SITE "D3" ;": COMP "audio_l[1]"
     cannot be found in design. This preference has been disabled.
WARNING - map: D:/Documents/github/ulx3s/Diamond/lab2/ulx3s_v20.lpf(146):
     Semantic error in "LOCATE COMP "audio_l[0]" SITE "E4" ;": COMP "audio_l[0]"
     cannot be found in design. This preference has been disabled.
WARNING - map: D:/Documents/github/ulx3s/Diamond/lab2/ulx3s_v20.lpf(147):
     Semantic error in "LOCATE COMP "audio_r[3]" SITE "C5" ;": COMP "audio_r[3]"
     cannot be found in design. This preference has been disabled.

                                    Page 6




Design:  lab2                                          Date:  01/21/20  03:58:25

Design Errors/Warnings (cont)
-----------------------------
WARNING - map: D:/Documents/github/ulx3s/Diamond/lab2/ulx3s_v20.lpf(148):
     Semantic error in "LOCATE COMP "audio_r[2]" SITE "D5" ;": COMP "audio_r[2]"
     cannot be found in design. This preference has been disabled.
WARNING - map: D:/Documents/github/ulx3s/Diamond/lab2/ulx3s_v20.lpf(149):
     Semantic error in "LOCATE COMP "audio_r[1]" SITE "B5" ;": COMP "audio_r[1]"
     cannot be found in design. This preference has been disabled.
WARNING - map: D:/Documents/github/ulx3s/Diamond/lab2/ulx3s_v20.lpf(150):
     Semantic error in "LOCATE COMP "audio_r[0]" SITE "A3" ;": COMP "audio_r[0]"
     cannot be found in design. This preference has been disabled.
WARNING - map: D:/Documents/github/ulx3s/Diamond/lab2/ulx3s_v20.lpf(151):
     Semantic error in "LOCATE COMP "audio_v[3]" SITE "E5" ;": COMP "audio_v[3]"
     cannot be found in design. This preference has been disabled.
WARNING - map: D:/Documents/github/ulx3s/Diamond/lab2/ulx3s_v20.lpf(152):
     Semantic error in "LOCATE COMP "audio_v[2]" SITE "F5" ;": COMP "audio_v[2]"
     cannot be found in design. This preference has been disabled.
WARNING - map: D:/Documents/github/ulx3s/Diamond/lab2/ulx3s_v20.lpf(153):
     Semantic error in "LOCATE COMP "audio_v[1]" SITE "F2" ;": COMP "audio_v[1]"
     cannot be found in design. This preference has been disabled.
WARNING - map: D:/Documents/github/ulx3s/Diamond/lab2/ulx3s_v20.lpf(154):
     Semantic error in "LOCATE COMP "audio_v[0]" SITE "H5" ;": COMP "audio_v[0]"
     cannot be found in design. This preference has been disabled.
WARNING - map: D:/Documents/github/ulx3s/Diamond/lab2/ulx3s_v20.lpf(155):
     Semantic error in "IOBUF PORT "audio_l[3]" PULLMODE=NONE IO_TYPE=LVCMOS33
     DRIVE=16 ;": Port "audio_l[3]" does not exist in the design. This
     preference has been disabled.
WARNING - map: D:/Documents/github/ulx3s/Diamond/lab2/ulx3s_v20.lpf(156):
     Semantic error in "IOBUF PORT "audio_l[2]" PULLMODE=NONE IO_TYPE=LVCMOS33
     DRIVE=16 ;": Port "audio_l[2]" does not exist in the design. This
     preference has been disabled.
WARNING - map: D:/Documents/github/ulx3s/Diamond/lab2/ulx3s_v20.lpf(157):
     Semantic error in "IOBUF PORT "audio_l[1]" PULLMODE=NONE IO_TYPE=LVCMOS33
     DRIVE=16 ;": Port "audio_l[1]" does not exist in the design. This
     preference has been disabled.
WARNING - map: D:/Documents/github/ulx3s/Diamond/lab2/ulx3s_v20.lpf(158):
     Semantic error in "IOBUF PORT "audio_l[0]" PULLMODE=NONE IO_TYPE=LVCMOS33
     DRIVE=16 ;": Port "audio_l[0]" does not exist in the design. This
     preference has been disabled.
WARNING - map: D:/Documents/github/ulx3s/Diamond/lab2/ulx3s_v20.lpf(159):
     Semantic error in "IOBUF PORT "audio_r[3]" PULLMODE=NONE IO_TYPE=LVCMOS33
     DRIVE=16 ;": Port "audio_r[3]" does not exist in the design. This
     preference has been disabled.
WARNING - map: D:/Documents/github/ulx3s/Diamond/lab2/ulx3s_v20.lpf(160):
     Semantic error in "IOBUF PORT "audio_r[2]" PULLMODE=NONE IO_TYPE=LVCMOS33
     DRIVE=16 ;": Port "audio_r[2]" does not exist in the design. This
     preference has been disabled.
WARNING - map: D:/Documents/github/ulx3s/Diamond/lab2/ulx3s_v20.lpf(161):
     Semantic error in "IOBUF PORT "audio_r[1]" PULLMODE=NONE IO_TYPE=LVCMOS33
     DRIVE=16 ;": Port "audio_r[1]" does not exist in the design. This
     preference has been disabled.
WARNING - map: D:/Documents/github/ulx3s/Diamond/lab2/ulx3s_v20.lpf(162):
     Semantic error in "IOBUF PORT "audio_r[0]" PULLMODE=NONE IO_TYPE=LVCMOS33
     DRIVE=16 ;": Port "audio_r[0]" does not exist in the design. This
     preference has been disabled.
WARNING - map: D:/Documents/github/ulx3s/Diamond/lab2/ulx3s_v20.lpf(163):
     Semantic error in "IOBUF PORT "audio_v[3]" PULLMODE=NONE IO_TYPE=LVCMOS33
     DRIVE=16 ;": Port "audio_v[3]" does not exist in the design. This

                                    Page 7




Design:  lab2                                          Date:  01/21/20  03:58:25

Design Errors/Warnings (cont)
-----------------------------
     preference has been disabled.
WARNING - map: D:/Documents/github/ulx3s/Diamond/lab2/ulx3s_v20.lpf(164):
     Semantic error in "IOBUF PORT "audio_v[2]" PULLMODE=NONE IO_TYPE=LVCMOS33
     DRIVE=16 ;": Port "audio_v[2]" does not exist in the design. This
     preference has been disabled.
WARNING - map: D:/Documents/github/ulx3s/Diamond/lab2/ulx3s_v20.lpf(165):
     Semantic error in "IOBUF PORT "audio_v[1]" PULLMODE=NONE IO_TYPE=LVCMOS33
     DRIVE=16 ;": Port "audio_v[1]" does not exist in the design. This
     preference has been disabled.
WARNING - map: D:/Documents/github/ulx3s/Diamond/lab2/ulx3s_v20.lpf(166):
     Semantic error in "IOBUF PORT "audio_v[0]" PULLMODE=NONE IO_TYPE=LVCMOS33
     DRIVE=16 ;": Port "audio_v[0]" does not exist in the design. This
     preference has been disabled.
WARNING - map: D:/Documents/github/ulx3s/Diamond/lab2/ulx3s_v20.lpf(170):
     Semantic error in "LOCATE COMP "wifi_en" SITE "F1" ;": COMP "wifi_en"
     cannot be found in design. This preference has been disabled.
WARNING - map: D:/Documents/github/ulx3s/Diamond/lab2/ulx3s_v20.lpf(172):
     Semantic error in "LOCATE COMP "wifi_txd" SITE "K4" ;": COMP "wifi_txd"
     cannot be found in design. This preference has been disabled.
WARNING - map: D:/Documents/github/ulx3s/Diamond/lab2/ulx3s_v20.lpf(173):
     Semantic error in "LOCATE COMP "wifi_gpio0" SITE "L2" ;": COMP "wifi_gpio0"
     cannot be found in design. This preference has been disabled.
WARNING - map: D:/Documents/github/ulx3s/Diamond/lab2/ulx3s_v20.lpf(174):
     Semantic error in "LOCATE COMP "wifi_gpio5" SITE "N4" ;": COMP "wifi_gpio5"
     cannot be found in design. This preference has been disabled.
WARNING - map: D:/Documents/github/ulx3s/Diamond/lab2/ulx3s_v20.lpf(175):
     Semantic error in "LOCATE COMP "wifi_gpio16" SITE "L1" ;": COMP
     "wifi_gpio16" cannot be found in design. This preference has been disabled.
WARNING - map: D:/Documents/github/ulx3s/Diamond/lab2/ulx3s_v20.lpf(176):
     Semantic error in "LOCATE COMP "wifi_gpio17" SITE "N3" ;": COMP
     "wifi_gpio17" cannot be found in design. This preference has been disabled.
WARNING - map: D:/Documents/github/ulx3s/Diamond/lab2/ulx3s_v20.lpf(178):
     Semantic error in "IOBUF PORT "wifi_en" PULLMODE=UP IO_TYPE=LVCMOS33
     DRIVE=4 ;": Port "wifi_en" does not exist in the design. This preference
     has been disabled.
WARNING - map: D:/Documents/github/ulx3s/Diamond/lab2/ulx3s_v20.lpf(180):
     Semantic error in "IOBUF PORT "wifi_txd" PULLMODE=UP IO_TYPE=LVCMOS33
     DRIVE=4 ;": Port "wifi_txd" does not exist in the design. This preference
     has been disabled.
WARNING - map: D:/Documents/github/ulx3s/Diamond/lab2/ulx3s_v20.lpf(181):
     Semantic error in "IOBUF PORT "wifi_gpio0" PULLMODE=UP IO_TYPE=LVCMOS33
     DRIVE=4 ;": Port "wifi_gpio0" does not exist in the design. This preference
     has been disabled.
WARNING - map: D:/Documents/github/ulx3s/Diamond/lab2/ulx3s_v20.lpf(182):
     Semantic error in "IOBUF PORT "wifi_gpio5" PULLMODE=NONE IO_TYPE=LVCMOS33
     DRIVE=4 ;": Port "wifi_gpio5" does not exist in the design. This preference
     has been disabled.
WARNING - map: D:/Documents/github/ulx3s/Diamond/lab2/ulx3s_v20.lpf(183):
     Semantic error in "IOBUF PORT "wifi_gpio16" PULLMODE=UP IO_TYPE=LVCMOS33
     DRIVE=4 ;": Port "wifi_gpio16" does not exist in the design. This
     preference has been disabled.
WARNING - map: D:/Documents/github/ulx3s/Diamond/lab2/ulx3s_v20.lpf(184):
     Semantic error in "IOBUF PORT "wifi_gpio17" PULLMODE=UP IO_TYPE=LVCMOS33
     DRIVE=4 ;": Port "wifi_gpio17" does not exist in the design. This
     preference has been disabled.
WARNING - map: D:/Documents/github/ulx3s/Diamond/lab2/ulx3s_v20.lpf(188):

                                    Page 8




Design:  lab2                                          Date:  01/21/20  03:58:25

Design Errors/Warnings (cont)
-----------------------------
     Semantic error in "LOCATE COMP "ant_433mhz" SITE "G1" ;": COMP "ant_433mhz"
     cannot be found in design. This preference has been disabled.
WARNING - map: D:/Documents/github/ulx3s/Diamond/lab2/ulx3s_v20.lpf(189):
     Semantic error in "IOBUF PORT "ant_433mhz" PULLMODE=NONE IO_TYPE=LVCMOS33
     DRIVE=4 ;": Port "ant_433mhz" does not exist in the design. This preference
     has been disabled.
WARNING - map: D:/Documents/github/ulx3s/Diamond/lab2/ulx3s_v20.lpf(192):
     Semantic error in "LOCATE COMP "usb_fpga_dp" SITE "E16" ;": COMP
     "usb_fpga_dp" cannot be found in design. This preference has been disabled.
WARNING - map: D:/Documents/github/ulx3s/Diamond/lab2/ulx3s_v20.lpf(193):
     Semantic error in "LOCATE COMP "usb_fpga_dn" SITE "F16" ;": COMP
     "usb_fpga_dn" cannot be found in design. This preference has been disabled.
WARNING - map: D:/Documents/github/ulx3s/Diamond/lab2/ulx3s_v20.lpf(194):
     Semantic error in "IOBUF PORT "usb_fpga_dp" PULLMODE=NONE IO_TYPE=LVCMOS33D
     DRIVE=16 ;": Port "usb_fpga_dp" does not exist in the design. This
     preference has been disabled.
WARNING - map: D:/Documents/github/ulx3s/Diamond/lab2/ulx3s_v20.lpf(195):
     Semantic error in "IOBUF PORT "usb_fpga_dn" PULLMODE=NONE IO_TYPE=LVCMOS33D
     DRIVE=16 ;": Port "usb_fpga_dn" does not exist in the design. This
     preference has been disabled.
WARNING - map: D:/Documents/github/ulx3s/Diamond/lab2/ulx3s_v20.lpf(196):
     Semantic error in "LOCATE COMP "usb_fpga_bd_dp" SITE "D15" ;": COMP
     "usb_fpga_bd_dp" cannot be found in design. This preference has been
     disabled.
WARNING - map: D:/Documents/github/ulx3s/Diamond/lab2/ulx3s_v20.lpf(197):
     Semantic error in "LOCATE COMP "usb_fpga_bd_dn" SITE "E15" ;": COMP
     "usb_fpga_bd_dn" cannot be found in design. This preference has been
     disabled.
WARNING - map: D:/Documents/github/ulx3s/Diamond/lab2/ulx3s_v20.lpf(198):
     Semantic error in "IOBUF PORT "usb_fpga_bd_dp" PULLMODE=NONE
     IO_TYPE=LVCMOS33 DRIVE=4 ;": Port "usb_fpga_bd_dp" does not exist in the
     design. This preference has been disabled.
WARNING - map: D:/Documents/github/ulx3s/Diamond/lab2/ulx3s_v20.lpf(199):
     Semantic error in "IOBUF PORT "usb_fpga_bd_dn" PULLMODE=NONE
     IO_TYPE=LVCMOS33 DRIVE=4 ;": Port "usb_fpga_bd_dn" does not exist in the
     design. This preference has been disabled.
WARNING - map: D:/Documents/github/ulx3s/Diamond/lab2/ulx3s_v20.lpf(200):
     Semantic error in "LOCATE COMP "usb_fpga_pu_dp" SITE "B12" ;": COMP
     "usb_fpga_pu_dp" cannot be found in design. This preference has been
     disabled.
WARNING - map: D:/Documents/github/ulx3s/Diamond/lab2/ulx3s_v20.lpf(201):
     Semantic error in "LOCATE COMP "usb_fpga_pu_dn" SITE "C12" ;": COMP
     "usb_fpga_pu_dn" cannot be found in design. This preference has been
     disabled.
WARNING - map: D:/Documents/github/ulx3s/Diamond/lab2/ulx3s_v20.lpf(202):
     Semantic error in "IOBUF PORT "usb_fpga_pu_dp" PULLMODE=NONE
     IO_TYPE=LVCMOS33 DRIVE=16 ;": Port "usb_fpga_pu_dp" does not exist in the
     design. This preference has been disabled.
WARNING - map: D:/Documents/github/ulx3s/Diamond/lab2/ulx3s_v20.lpf(203):
     Semantic error in "IOBUF PORT "usb_fpga_pu_dn" PULLMODE=NONE
     IO_TYPE=LVCMOS33 DRIVE=16 ;": Port "usb_fpga_pu_dn" does not exist in the
     design. This preference has been disabled.
WARNING - map: D:/Documents/github/ulx3s/Diamond/lab2/ulx3s_v20.lpf(219):
     Semantic error in "LOCATE COMP "sdram_clk" SITE "F19" ;": COMP "sdram_clk"
     cannot be found in design. This preference has been disabled.
WARNING - map: D:/Documents/github/ulx3s/Diamond/lab2/ulx3s_v20.lpf(220):

                                    Page 9




Design:  lab2                                          Date:  01/21/20  03:58:25

Design Errors/Warnings (cont)
-----------------------------
     Semantic error in "LOCATE COMP "sdram_cke" SITE "F20" ;": COMP "sdram_cke"
     cannot be found in design. This preference has been disabled.
WARNING - map: D:/Documents/github/ulx3s/Diamond/lab2/ulx3s_v20.lpf(221):
     Semantic error in "LOCATE COMP "sdram_csn" SITE "P20" ;": COMP "sdram_csn"
     cannot be found in design. This preference has been disabled.
WARNING - map: D:/Documents/github/ulx3s/Diamond/lab2/ulx3s_v20.lpf(222):
     Semantic error in "LOCATE COMP "sdram_wen" SITE "T20" ;": COMP "sdram_wen"
     cannot be found in design. This preference has been disabled.
WARNING - map: D:/Documents/github/ulx3s/Diamond/lab2/ulx3s_v20.lpf(223):
     Semantic error in "LOCATE COMP "sdram_rasn" SITE "R20" ;": COMP
     "sdram_rasn" cannot be found in design. This preference has been disabled.
WARNING - map: D:/Documents/github/ulx3s/Diamond/lab2/ulx3s_v20.lpf(224):
     Semantic error in "LOCATE COMP "sdram_casn" SITE "T19" ;": COMP
     "sdram_casn" cannot be found in design. This preference has been disabled.
WARNING - map: D:/Documents/github/ulx3s/Diamond/lab2/ulx3s_v20.lpf(225):
     Semantic error in "LOCATE COMP "sdram_a[0]" SITE "M20" ;": COMP
     "sdram_a[0]" cannot be found in design. This preference has been disabled.
WARNING - map: D:/Documents/github/ulx3s/Diamond/lab2/ulx3s_v20.lpf(226):
     Semantic error in "LOCATE COMP "sdram_a[1]" SITE "M19" ;": COMP
     "sdram_a[1]" cannot be found in design. This preference has been disabled.
WARNING - map: D:/Documents/github/ulx3s/Diamond/lab2/ulx3s_v20.lpf(227):
     Semantic error in "LOCATE COMP "sdram_a[2]" SITE "L20" ;": COMP
     "sdram_a[2]" cannot be found in design. This preference has been disabled.
WARNING - map: D:/Documents/github/ulx3s/Diamond/lab2/ulx3s_v20.lpf(228):
     Semantic error in "LOCATE COMP "sdram_a[3]" SITE "L19" ;": COMP
     "sdram_a[3]" cannot be found in design. This preference has been disabled.
WARNING - map: D:/Documents/github/ulx3s/Diamond/lab2/ulx3s_v20.lpf(229):
     Semantic error in "LOCATE COMP "sdram_a[4]" SITE "K20" ;": COMP
     "sdram_a[4]" cannot be found in design. This preference has been disabled.
WARNING - map: D:/Documents/github/ulx3s/Diamond/lab2/ulx3s_v20.lpf(230):
     Semantic error in "LOCATE COMP "sdram_a[5]" SITE "K19" ;": COMP
     "sdram_a[5]" cannot be found in design. This preference has been disabled.
WARNING - map: D:/Documents/github/ulx3s/Diamond/lab2/ulx3s_v20.lpf(231):
     Semantic error in "LOCATE COMP "sdram_a[6]" SITE "K18" ;": COMP
     "sdram_a[6]" cannot be found in design. This preference has been disabled.
WARNING - map: D:/Documents/github/ulx3s/Diamond/lab2/ulx3s_v20.lpf(232):
     Semantic error in "LOCATE COMP "sdram_a[7]" SITE "J20" ;": COMP
     "sdram_a[7]" cannot be found in design. This preference has been disabled.
WARNING - map: D:/Documents/github/ulx3s/Diamond/lab2/ulx3s_v20.lpf(233):
     Semantic error in "LOCATE COMP "sdram_a[8]" SITE "J19" ;": COMP
     "sdram_a[8]" cannot be found in design. This preference has been disabled.
WARNING - map: D:/Documents/github/ulx3s/Diamond/lab2/ulx3s_v20.lpf(234):
     Semantic error in "LOCATE COMP "sdram_a[9]" SITE "H20" ;": COMP
     "sdram_a[9]" cannot be found in design. This preference has been disabled.
WARNING - map: D:/Documents/github/ulx3s/Diamond/lab2/ulx3s_v20.lpf(235):
     Semantic error in "LOCATE COMP "sdram_a[10]" SITE "N19" ;": COMP
     "sdram_a[10]" cannot be found in design. This preference has been disabled.
WARNING - map: D:/Documents/github/ulx3s/Diamond/lab2/ulx3s_v20.lpf(236):
     Semantic error in "LOCATE COMP "sdram_a[11]" SITE "G20" ;": COMP
     "sdram_a[11]" cannot be found in design. This preference has been disabled.
WARNING - map: D:/Documents/github/ulx3s/Diamond/lab2/ulx3s_v20.lpf(237):
     Semantic error in "LOCATE COMP "sdram_a[12]" SITE "G19" ;": COMP
     "sdram_a[12]" cannot be found in design. This preference has been disabled.
WARNING - map: D:/Documents/github/ulx3s/Diamond/lab2/ulx3s_v20.lpf(238):
     Semantic error in "LOCATE COMP "sdram_ba[0]" SITE "P19" ;": COMP
     "sdram_ba[0]" cannot be found in design. This preference has been disabled.

                                   Page 10




Design:  lab2                                          Date:  01/21/20  03:58:25

Design Errors/Warnings (cont)
-----------------------------
WARNING - map: D:/Documents/github/ulx3s/Diamond/lab2/ulx3s_v20.lpf(239):
     Semantic error in "LOCATE COMP "sdram_ba[1]" SITE "N20" ;": COMP
     "sdram_ba[1]" cannot be found in design. This preference has been disabled.
WARNING - map: D:/Documents/github/ulx3s/Diamond/lab2/ulx3s_v20.lpf(240):
     Semantic error in "LOCATE COMP "sdram_dqm[0]" SITE "U19" ;": COMP
     "sdram_dqm[0]" cannot be found in design. This preference has been
     disabled.
WARNING - map: D:/Documents/github/ulx3s/Diamond/lab2/ulx3s_v20.lpf(241):
     Semantic error in "LOCATE COMP "sdram_dqm[1]" SITE "E20" ;": COMP
     "sdram_dqm[1]" cannot be found in design. This preference has been
     disabled.
WARNING - map: D:/Documents/github/ulx3s/Diamond/lab2/ulx3s_v20.lpf(242):
     Semantic error in "LOCATE COMP "sdram_d[0]" SITE "J16" ;": COMP
     "sdram_d[0]" cannot be found in design. This preference has been disabled.
WARNING - map: D:/Documents/github/ulx3s/Diamond/lab2/ulx3s_v20.lpf(243):
     Semantic error in "LOCATE COMP "sdram_d[1]" SITE "L18" ;": COMP
     "sdram_d[1]" cannot be found in design. This preference has been disabled.
WARNING - map: D:/Documents/github/ulx3s/Diamond/lab2/ulx3s_v20.lpf(244):
     Semantic error in "LOCATE COMP "sdram_d[2]" SITE "M18" ;": COMP
     "sdram_d[2]" cannot be found in design. This preference has been disabled.
WARNING - map: D:/Documents/github/ulx3s/Diamond/lab2/ulx3s_v20.lpf(245):
     Semantic error in "LOCATE COMP "sdram_d[3]" SITE "N18" ;": COMP
     "sdram_d[3]" cannot be found in design. This preference has been disabled.
WARNING - map: D:/Documents/github/ulx3s/Diamond/lab2/ulx3s_v20.lpf(246):
     Semantic error in "LOCATE COMP "sdram_d[4]" SITE "P18" ;": COMP
     "sdram_d[4]" cannot be found in design. This preference has been disabled.
WARNING - map: D:/Documents/github/ulx3s/Diamond/lab2/ulx3s_v20.lpf(247):
     Semantic error in "LOCATE COMP "sdram_d[5]" SITE "T18" ;": COMP
     "sdram_d[5]" cannot be found in design. This preference has been disabled.
WARNING - map: D:/Documents/github/ulx3s/Diamond/lab2/ulx3s_v20.lpf(248):
     Semantic error in "LOCATE COMP "sdram_d[6]" SITE "T17" ;": COMP
     "sdram_d[6]" cannot be found in design. This preference has been disabled.
WARNING - map: D:/Documents/github/ulx3s/Diamond/lab2/ulx3s_v20.lpf(249):
     Semantic error in "LOCATE COMP "sdram_d[7]" SITE "U20" ;": COMP
     "sdram_d[7]" cannot be found in design. This preference has been disabled.
WARNING - map: D:/Documents/github/ulx3s/Diamond/lab2/ulx3s_v20.lpf(250):
     Semantic error in "LOCATE COMP "sdram_d[8]" SITE "E19" ;": COMP
     "sdram_d[8]" cannot be found in design. This preference has been disabled.
WARNING - map: D:/Documents/github/ulx3s/Diamond/lab2/ulx3s_v20.lpf(251):
     Semantic error in "LOCATE COMP "sdram_d[9]" SITE "D20" ;": COMP
     "sdram_d[9]" cannot be found in design. This preference has been disabled.
WARNING - map: D:/Documents/github/ulx3s/Diamond/lab2/ulx3s_v20.lpf(252):
     Semantic error in "LOCATE COMP "sdram_d[10]" SITE "D19" ;": COMP
     "sdram_d[10]" cannot be found in design. This preference has been disabled.
WARNING - map: D:/Documents/github/ulx3s/Diamond/lab2/ulx3s_v20.lpf(253):
     Semantic error in "LOCATE COMP "sdram_d[11]" SITE "C20" ;": COMP
     "sdram_d[11]" cannot be found in design. This preference has been disabled.
WARNING - map: D:/Documents/github/ulx3s/Diamond/lab2/ulx3s_v20.lpf(254):
     Semantic error in "LOCATE COMP "sdram_d[12]" SITE "E18" ;": COMP
     "sdram_d[12]" cannot be found in design. This preference has been disabled.
WARNING - map: D:/Documents/github/ulx3s/Diamond/lab2/ulx3s_v20.lpf(255):
     Semantic error in "LOCATE COMP "sdram_d[13]" SITE "F18" ;": COMP
     "sdram_d[13]" cannot be found in design. This preference has been disabled.
WARNING - map: D:/Documents/github/ulx3s/Diamond/lab2/ulx3s_v20.lpf(256):
     Semantic error in "LOCATE COMP "sdram_d[14]" SITE "J18" ;": COMP
     "sdram_d[14]" cannot be found in design. This preference has been disabled.

                                   Page 11




Design:  lab2                                          Date:  01/21/20  03:58:25

Design Errors/Warnings (cont)
-----------------------------
WARNING - map: D:/Documents/github/ulx3s/Diamond/lab2/ulx3s_v20.lpf(257):
     Semantic error in "LOCATE COMP "sdram_d[15]" SITE "J17" ;": COMP
     "sdram_d[15]" cannot be found in design. This preference has been disabled.
WARNING - map: D:/Documents/github/ulx3s/Diamond/lab2/ulx3s_v20.lpf(258):
     Semantic error in "IOBUF PORT "sdram_clk" PULLMODE=NONE IO_TYPE=LVCMOS33
     DRIVE=4 ;": Port "sdram_clk" does not exist in the design. This preference
     has been disabled.
WARNING - map: D:/Documents/github/ulx3s/Diamond/lab2/ulx3s_v20.lpf(259):
     Semantic error in "IOBUF PORT "sdram_cke" PULLMODE=NONE IO_TYPE=LVCMOS33
     DRIVE=4 ;": Port "sdram_cke" does not exist in the design. This preference
     has been disabled.
WARNING - map: D:/Documents/github/ulx3s/Diamond/lab2/ulx3s_v20.lpf(260):
     Semantic error in "IOBUF PORT "sdram_csn" PULLMODE=NONE IO_TYPE=LVCMOS33
     DRIVE=4 ;": Port "sdram_csn" does not exist in the design. This preference
     has been disabled.
WARNING - map: D:/Documents/github/ulx3s/Diamond/lab2/ulx3s_v20.lpf(261):
     Semantic error in "IOBUF PORT "sdram_wen" PULLMODE=NONE IO_TYPE=LVCMOS33
     DRIVE=4 ;": Port "sdram_wen" does not exist in the design. This preference
     has been disabled.
WARNING - map: D:/Documents/github/ulx3s/Diamond/lab2/ulx3s_v20.lpf(262):
     Semantic error in "IOBUF PORT "sdram_rasn" PULLMODE=NONE IO_TYPE=LVCMOS33
     DRIVE=4 ;": Port "sdram_rasn" does not exist in the design. This preference
     has been disabled.
WARNING - map: D:/Documents/github/ulx3s/Diamond/lab2/ulx3s_v20.lpf(263):
     Semantic error in "IOBUF PORT "sdram_casn" PULLMODE=NONE IO_TYPE=LVCMOS33
     DRIVE=4 ;": Port "sdram_casn" does not exist in the design. This preference
     has been disabled.
WARNING - map: D:/Documents/github/ulx3s/Diamond/lab2/ulx3s_v20.lpf(264):
     Semantic error in "IOBUF PORT "sdram_a[0]" PULLMODE=NONE IO_TYPE=LVCMOS33
     DRIVE=4 ;": Port "sdram_a[0]" does not exist in the design. This preference
     has been disabled.
WARNING - map: D:/Documents/github/ulx3s/Diamond/lab2/ulx3s_v20.lpf(265):
     Semantic error in "IOBUF PORT "sdram_a[1]" PULLMODE=NONE IO_TYPE=LVCMOS33
     DRIVE=4 ;": Port "sdram_a[1]" does not exist in the design. This preference
     has been disabled.
WARNING - map: D:/Documents/github/ulx3s/Diamond/lab2/ulx3s_v20.lpf(266):
     Semantic error in "IOBUF PORT "sdram_a[2]" PULLMODE=NONE IO_TYPE=LVCMOS33
     DRIVE=4 ;": Port "sdram_a[2]" does not exist in the design. This preference
     has been disabled.
WARNING - map: D:/Documents/github/ulx3s/Diamond/lab2/ulx3s_v20.lpf(267):
     Semantic error in "IOBUF PORT "sdram_a[3]" PULLMODE=NONE IO_TYPE=LVCMOS33
     DRIVE=4 ;": Port "sdram_a[3]" does not exist in the design. This preference
     has been disabled.
WARNING - map: D:/Documents/github/ulx3s/Diamond/lab2/ulx3s_v20.lpf(268):
     Semantic error in "IOBUF PORT "sdram_a[4]" PULLMODE=NONE IO_TYPE=LVCMOS33
     DRIVE=4 ;": Port "sdram_a[4]" does not exist in the design. This preference
     has been disabled.
WARNING - map: D:/Documents/github/ulx3s/Diamond/lab2/ulx3s_v20.lpf(269):
     Semantic error in "IOBUF PORT "sdram_a[5]" PULLMODE=NONE IO_TYPE=LVCMOS33
     DRIVE=4 ;": Port "sdram_a[5]" does not exist in the design. This preference
     has been disabled.
WARNING - map: D:/Documents/github/ulx3s/Diamond/lab2/ulx3s_v20.lpf(270):
     Semantic error in "IOBUF PORT "sdram_a[6]" PULLMODE=NONE IO_TYPE=LVCMOS33
     DRIVE=4 ;": Port "sdram_a[6]" does not exist in the design. This preference
     has been disabled.
WARNING - map: D:/Documents/github/ulx3s/Diamond/lab2/ulx3s_v20.lpf(271):

                                   Page 12




Design:  lab2                                          Date:  01/21/20  03:58:25

Design Errors/Warnings (cont)
-----------------------------
     Semantic error in "IOBUF PORT "sdram_a[7]" PULLMODE=NONE IO_TYPE=LVCMOS33
     DRIVE=4 ;": Port "sdram_a[7]" does not exist in the design. This preference
     has been disabled.
WARNING - map: D:/Documents/github/ulx3s/Diamond/lab2/ulx3s_v20.lpf(272):
     Semantic error in "IOBUF PORT "sdram_a[8]" PULLMODE=NONE IO_TYPE=LVCMOS33
     DRIVE=4 ;": Port "sdram_a[8]" does not exist in the design. This preference
     has been disabled.
WARNING - map: D:/Documents/github/ulx3s/Diamond/lab2/ulx3s_v20.lpf(273):
     Semantic error in "IOBUF PORT "sdram_a[9]" PULLMODE=NONE IO_TYPE=LVCMOS33
     DRIVE=4 ;": Port "sdram_a[9]" does not exist in the design. This preference
     has been disabled.
WARNING - map: D:/Documents/github/ulx3s/Diamond/lab2/ulx3s_v20.lpf(274):
     Semantic error in "IOBUF PORT "sdram_a[10]" PULLMODE=NONE IO_TYPE=LVCMOS33
     DRIVE=4 ;": Port "sdram_a[10]" does not exist in the design. This
     preference has been disabled.
WARNING - map: D:/Documents/github/ulx3s/Diamond/lab2/ulx3s_v20.lpf(275):
     Semantic error in "IOBUF PORT "sdram_a[11]" PULLMODE=NONE IO_TYPE=LVCMOS33
     DRIVE=4 ;": Port "sdram_a[11]" does not exist in the design. This
     preference has been disabled.
WARNING - map: D:/Documents/github/ulx3s/Diamond/lab2/ulx3s_v20.lpf(276):
     Semantic error in "IOBUF PORT "sdram_a[12]" PULLMODE=NONE IO_TYPE=LVCMOS33
     DRIVE=4 ;": Port "sdram_a[12]" does not exist in the design. This
     preference has been disabled.
WARNING - map: D:/Documents/github/ulx3s/Diamond/lab2/ulx3s_v20.lpf(277):
     Semantic error in "IOBUF PORT "sdram_ba[0]" PULLMODE=NONE IO_TYPE=LVCMOS33
     DRIVE=4 ;": Port "sdram_ba[0]" does not exist in the design. This
     preference has been disabled.
WARNING - map: D:/Documents/github/ulx3s/Diamond/lab2/ulx3s_v20.lpf(278):
     Semantic error in "IOBUF PORT "sdram_ba[1]" PULLMODE=NONE IO_TYPE=LVCMOS33
     DRIVE=4 ;": Port "sdram_ba[1]" does not exist in the design. This
     preference has been disabled.
WARNING - map: D:/Documents/github/ulx3s/Diamond/lab2/ulx3s_v20.lpf(279):
     Semantic error in "IOBUF PORT "sdram_dqm[0]" PULLMODE=NONE IO_TYPE=LVCMOS33
     DRIVE=4 ;": Port "sdram_dqm[0]" does not exist in the design. This
     preference has been disabled.
WARNING - map: D:/Documents/github/ulx3s/Diamond/lab2/ulx3s_v20.lpf(280):
     Semantic error in "IOBUF PORT "sdram_dqm[1]" PULLMODE=NONE IO_TYPE=LVCMOS33
     DRIVE=4 ;": Port "sdram_dqm[1]" does not exist in the design. This
     preference has been disabled.
WARNING - map: D:/Documents/github/ulx3s/Diamond/lab2/ulx3s_v20.lpf(281):
     Semantic error in "IOBUF PORT "sdram_d[0]" PULLMODE=NONE IO_TYPE=LVCMOS33
     DRIVE=4 ;": Port "sdram_d[0]" does not exist in the design. This preference
     has been disabled.
WARNING - map: D:/Documents/github/ulx3s/Diamond/lab2/ulx3s_v20.lpf(282):
     Semantic error in "IOBUF PORT "sdram_d[1]" PULLMODE=NONE IO_TYPE=LVCMOS33
     DRIVE=4 ;": Port "sdram_d[1]" does not exist in the design. This preference
     has been disabled.
WARNING - map: D:/Documents/github/ulx3s/Diamond/lab2/ulx3s_v20.lpf(283):
     Semantic error in "IOBUF PORT "sdram_d[2]" PULLMODE=NONE IO_TYPE=LVCMOS33
     DRIVE=4 ;": Port "sdram_d[2]" does not exist in the design. This preference
     has been disabled.
WARNING - map: D:/Documents/github/ulx3s/Diamond/lab2/ulx3s_v20.lpf(284):
     Semantic error in "IOBUF PORT "sdram_d[3]" PULLMODE=NONE IO_TYPE=LVCMOS33
     DRIVE=4 ;": Port "sdram_d[3]" does not exist in the design. This preference
     has been disabled.
WARNING - map: D:/Documents/github/ulx3s/Diamond/lab2/ulx3s_v20.lpf(285):

                                   Page 13




Design:  lab2                                          Date:  01/21/20  03:58:25

Design Errors/Warnings (cont)
-----------------------------
     Semantic error in "IOBUF PORT "sdram_d[4]" PULLMODE=NONE IO_TYPE=LVCMOS33
     DRIVE=4 ;": Port "sdram_d[4]" does not exist in the design. This preference
     has been disabled.
WARNING - map: D:/Documents/github/ulx3s/Diamond/lab2/ulx3s_v20.lpf(286):
     Semantic error in "IOBUF PORT "sdram_d[5]" PULLMODE=NONE IO_TYPE=LVCMOS33
     DRIVE=4 ;": Port "sdram_d[5]" does not exist in the design. This preference
     has been disabled.
WARNING - map: D:/Documents/github/ulx3s/Diamond/lab2/ulx3s_v20.lpf(287):
     Semantic error in "IOBUF PORT "sdram_d[6]" PULLMODE=NONE IO_TYPE=LVCMOS33
     DRIVE=4 ;": Port "sdram_d[6]" does not exist in the design. This preference
     has been disabled.
WARNING - map: D:/Documents/github/ulx3s/Diamond/lab2/ulx3s_v20.lpf(288):
     Semantic error in "IOBUF PORT "sdram_d[7]" PULLMODE=NONE IO_TYPE=LVCMOS33
     DRIVE=4 ;": Port "sdram_d[7]" does not exist in the design. This preference
     has been disabled.
WARNING - map: D:/Documents/github/ulx3s/Diamond/lab2/ulx3s_v20.lpf(289):
     Semantic error in "IOBUF PORT "sdram_d[8]" PULLMODE=NONE IO_TYPE=LVCMOS33
     DRIVE=4 ;": Port "sdram_d[8]" does not exist in the design. This preference
     has been disabled.
WARNING - map: D:/Documents/github/ulx3s/Diamond/lab2/ulx3s_v20.lpf(290):
     Semantic error in "IOBUF PORT "sdram_d[9]" PULLMODE=NONE IO_TYPE=LVCMOS33
     DRIVE=4 ;": Port "sdram_d[9]" does not exist in the design. This preference
     has been disabled.
WARNING - map: D:/Documents/github/ulx3s/Diamond/lab2/ulx3s_v20.lpf(291):
     Semantic error in "IOBUF PORT "sdram_d[10]" PULLMODE=NONE IO_TYPE=LVCMOS33
     DRIVE=4 ;": Port "sdram_d[10]" does not exist in the design. This
     preference has been disabled.
WARNING - map: D:/Documents/github/ulx3s/Diamond/lab2/ulx3s_v20.lpf(292):
     Semantic error in "IOBUF PORT "sdram_d[11]" PULLMODE=NONE IO_TYPE=LVCMOS33
     DRIVE=4 ;": Port "sdram_d[11]" does not exist in the design. This
     preference has been disabled.
WARNING - map: D:/Documents/github/ulx3s/Diamond/lab2/ulx3s_v20.lpf(293):
     Semantic error in "IOBUF PORT "sdram_d[12]" PULLMODE=NONE IO_TYPE=LVCMOS33
     DRIVE=4 ;": Port "sdram_d[12]" does not exist in the design. This
     preference has been disabled.
WARNING - map: D:/Documents/github/ulx3s/Diamond/lab2/ulx3s_v20.lpf(294):
     Semantic error in "IOBUF PORT "sdram_d[13]" PULLMODE=NONE IO_TYPE=LVCMOS33
     DRIVE=4 ;": Port "sdram_d[13]" does not exist in the design. This
     preference has been disabled.
WARNING - map: D:/Documents/github/ulx3s/Diamond/lab2/ulx3s_v20.lpf(295):
     Semantic error in "IOBUF PORT "sdram_d[14]" PULLMODE=NONE IO_TYPE=LVCMOS33
     DRIVE=4 ;": Port "sdram_d[14]" does not exist in the design. This
     preference has been disabled.
WARNING - map: D:/Documents/github/ulx3s/Diamond/lab2/ulx3s_v20.lpf(296):
     Semantic error in "IOBUF PORT "sdram_d[15]" PULLMODE=NONE IO_TYPE=LVCMOS33
     DRIVE=4 ;": Port "sdram_d[15]" does not exist in the design. This
     preference has been disabled.
WARNING - map: D:/Documents/github/ulx3s/Diamond/lab2/ulx3s_v20.lpf(299):
     Semantic error in "LOCATE COMP "gpdi_dp[0]" SITE "A16" ;": COMP
     "gpdi_dp[0]" cannot be found in design. This preference has been disabled.
WARNING - map: D:/Documents/github/ulx3s/Diamond/lab2/ulx3s_v20.lpf(300):
     Semantic error in "LOCATE COMP "gpdi_dn[0]" SITE "B16" ;": COMP
     "gpdi_dn[0]" cannot be found in design. This preference has been disabled.
WARNING - map: D:/Documents/github/ulx3s/Diamond/lab2/ulx3s_v20.lpf(301):
     Semantic error in "LOCATE COMP "gpdi_dp[1]" SITE "A14" ;": COMP
     "gpdi_dp[1]" cannot be found in design. This preference has been disabled.

                                   Page 14




Design:  lab2                                          Date:  01/21/20  03:58:25

Design Errors/Warnings (cont)
-----------------------------
WARNING - map: D:/Documents/github/ulx3s/Diamond/lab2/ulx3s_v20.lpf(302):
     Semantic error in "LOCATE COMP "gpdi_dn[1]" SITE "C14" ;": COMP
     "gpdi_dn[1]" cannot be found in design. This preference has been disabled.
WARNING - map: D:/Documents/github/ulx3s/Diamond/lab2/ulx3s_v20.lpf(303):
     Semantic error in "LOCATE COMP "gpdi_dp[2]" SITE "A12" ;": COMP
     "gpdi_dp[2]" cannot be found in design. This preference has been disabled.
WARNING - map: D:/Documents/github/ulx3s/Diamond/lab2/ulx3s_v20.lpf(304):
     Semantic error in "LOCATE COMP "gpdi_dn[2]" SITE "A13" ;": COMP
     "gpdi_dn[2]" cannot be found in design. This preference has been disabled.
WARNING - map: D:/Documents/github/ulx3s/Diamond/lab2/ulx3s_v20.lpf(305):
     Semantic error in "LOCATE COMP "gpdi_dp[3]" SITE "A17" ;": COMP
     "gpdi_dp[3]" cannot be found in design. This preference has been disabled.
WARNING - map: D:/Documents/github/ulx3s/Diamond/lab2/ulx3s_v20.lpf(306):
     Semantic error in "LOCATE COMP "gpdi_dn[3]" SITE "B18" ;": COMP
     "gpdi_dn[3]" cannot be found in design. This preference has been disabled.
WARNING - map: D:/Documents/github/ulx3s/Diamond/lab2/ulx3s_v20.lpf(307):
     Semantic error in "LOCATE COMP "gpdi_ethp" SITE "A19" ;": COMP "gpdi_ethp"
     cannot be found in design. This preference has been disabled.
WARNING - map: D:/Documents/github/ulx3s/Diamond/lab2/ulx3s_v20.lpf(308):
     Semantic error in "LOCATE COMP "gpdi_ethn" SITE "B20" ;": COMP "gpdi_ethn"
     cannot be found in design. This preference has been disabled.
WARNING - map: D:/Documents/github/ulx3s/Diamond/lab2/ulx3s_v20.lpf(309):
     Semantic error in "LOCATE COMP "gpdi_cec" SITE "A18" ;": COMP "gpdi_cec"
     cannot be found in design. This preference has been disabled.
WARNING - map: D:/Documents/github/ulx3s/Diamond/lab2/ulx3s_v20.lpf(310):
     Semantic error in "LOCATE COMP "gpdi_sda" SITE "B19" ;": COMP "gpdi_sda"
     cannot be found in design. This preference has been disabled.
WARNING - map: D:/Documents/github/ulx3s/Diamond/lab2/ulx3s_v20.lpf(311):
     Semantic error in "LOCATE COMP "gpdi_scl" SITE "E12" ;": COMP "gpdi_scl"
     cannot be found in design. This preference has been disabled.
WARNING - map: D:/Documents/github/ulx3s/Diamond/lab2/ulx3s_v20.lpf(312):
     Semantic error in "IOBUF PORT "gpdi_dp[0]" IO_TYPE=LVCMOS33D DRIVE=4 ;":
     Port "gpdi_dp[0]" does not exist in the design. This preference has been
     disabled.
WARNING - map: D:/Documents/github/ulx3s/Diamond/lab2/ulx3s_v20.lpf(313):
     Semantic error in "IOBUF PORT "gpdi_dn[0]" IO_TYPE=LVCMOS33D DRIVE=4 ;":
     Port "gpdi_dn[0]" does not exist in the design. This preference has been
     disabled.
WARNING - map: D:/Documents/github/ulx3s/Diamond/lab2/ulx3s_v20.lpf(314):
     Semantic error in "IOBUF PORT "gpdi_dp[1]" IO_TYPE=LVCMOS33D DRIVE=4 ;":
     Port "gpdi_dp[1]" does not exist in the design. This preference has been
     disabled.
WARNING - map: D:/Documents/github/ulx3s/Diamond/lab2/ulx3s_v20.lpf(315):
     Semantic error in "IOBUF PORT "gpdi_dn[1]" IO_TYPE=LVCMOS33D DRIVE=4 ;":
     Port "gpdi_dn[1]" does not exist in the design. This preference has been
     disabled.
WARNING - map: D:/Documents/github/ulx3s/Diamond/lab2/ulx3s_v20.lpf(316):
     Semantic error in "IOBUF PORT "gpdi_dp[2]" IO_TYPE=LVCMOS33D DRIVE=4 ;":
     Port "gpdi_dp[2]" does not exist in the design. This preference has been
     disabled.
WARNING - map: D:/Documents/github/ulx3s/Diamond/lab2/ulx3s_v20.lpf(317):
     Semantic error in "IOBUF PORT "gpdi_dn[2]" IO_TYPE=LVCMOS33D DRIVE=4 ;":
     Port "gpdi_dn[2]" does not exist in the design. This preference has been
     disabled.
WARNING - map: D:/Documents/github/ulx3s/Diamond/lab2/ulx3s_v20.lpf(318):
     Semantic error in "IOBUF PORT "gpdi_dp[3]" IO_TYPE=LVCMOS33D DRIVE=4 ;":

                                   Page 15




Design:  lab2                                          Date:  01/21/20  03:58:25

Design Errors/Warnings (cont)
-----------------------------
     Port "gpdi_dp[3]" does not exist in the design. This preference has been
     disabled.
WARNING - map: D:/Documents/github/ulx3s/Diamond/lab2/ulx3s_v20.lpf(319):
     Semantic error in "IOBUF PORT "gpdi_dn[3]" IO_TYPE=LVCMOS33D DRIVE=4 ;":
     Port "gpdi_dn[3]" does not exist in the design. This preference has been
     disabled.
WARNING - map: D:/Documents/github/ulx3s/Diamond/lab2/ulx3s_v20.lpf(320):
     Semantic error in "IOBUF PORT "gpdi_ethp" IO_TYPE=LVCMOS33D DRIVE=4 ;":
     Port "gpdi_ethp" does not exist in the design. This preference has been
     disabled.
WARNING - map: D:/Documents/github/ulx3s/Diamond/lab2/ulx3s_v20.lpf(321):
     Semantic error in "IOBUF PORT "gpdi_ethn" IO_TYPE=LVCMOS33D DRIVE=4 ;":
     Port "gpdi_ethn" does not exist in the design. This preference has been
     disabled.
WARNING - map: D:/Documents/github/ulx3s/Diamond/lab2/ulx3s_v20.lpf(322):
     Semantic error in "IOBUF PORT "gpdi_cec" PULLMODE=UP IO_TYPE=LVCMOS33
     DRIVE=4 ;": Port "gpdi_cec" does not exist in the design. This preference
     has been disabled.
WARNING - map: D:/Documents/github/ulx3s/Diamond/lab2/ulx3s_v20.lpf(323):
     Semantic error in "IOBUF PORT "gpdi_sda" PULLMODE=UP IO_TYPE=LVCMOS33
     DRIVE=4 ;": Port "gpdi_sda" does not exist in the design. This preference
     has been disabled.
WARNING - map: D:/Documents/github/ulx3s/Diamond/lab2/ulx3s_v20.lpf(324):
     Semantic error in "IOBUF PORT "gpdi_scl" PULLMODE=UP IO_TYPE=LVCMOS33
     DRIVE=4 ;": Port "gpdi_scl" does not exist in the design. This preference
     has been disabled.
WARNING - map: D:/Documents/github/ulx3s/Diamond/lab2/ulx3s_v20.lpf(341):
     Semantic error in "LOCATE COMP "gp[0]" SITE "B11" ;": COMP "gp[0]" cannot
     be found in design. This preference has been disabled.
WARNING - map: D:/Documents/github/ulx3s/Diamond/lab2/ulx3s_v20.lpf(342):
     Semantic error in "LOCATE COMP "gn[0]" SITE "C11" ;": COMP "gn[0]" cannot
     be found in design. This preference has been disabled.
WARNING - map: D:/Documents/github/ulx3s/Diamond/lab2/ulx3s_v20.lpf(343):
     Semantic error in "LOCATE COMP "gp[1]" SITE "A10" ;": COMP "gp[1]" cannot
     be found in design. This preference has been disabled.
WARNING - map: D:/Documents/github/ulx3s/Diamond/lab2/ulx3s_v20.lpf(344):
     Semantic error in "LOCATE COMP "gn[1]" SITE "A11" ;": COMP "gn[1]" cannot
     be found in design. This preference has been disabled.
WARNING - map: D:/Documents/github/ulx3s/Diamond/lab2/ulx3s_v20.lpf(345):
     Semantic error in "LOCATE COMP "gp[2]" SITE "A9" ;": COMP "gp[2]" cannot be
     found in design. This preference has been disabled.
WARNING - map: D:/Documents/github/ulx3s/Diamond/lab2/ulx3s_v20.lpf(346):
     Semantic error in "LOCATE COMP "gn[2]" SITE "B10" ;": COMP "gn[2]" cannot
     be found in design. This preference has been disabled.
WARNING - map: D:/Documents/github/ulx3s/Diamond/lab2/ulx3s_v20.lpf(347):
     Semantic error in "LOCATE COMP "gp[3]" SITE "B9" ;": COMP "gp[3]" cannot be
     found in design. This preference has been disabled.
WARNING - map: D:/Documents/github/ulx3s/Diamond/lab2/ulx3s_v20.lpf(348):
     Semantic error in "LOCATE COMP "gn[3]" SITE "C10" ;": COMP "gn[3]" cannot
     be found in design. This preference has been disabled.
WARNING - map: D:/Documents/github/ulx3s/Diamond/lab2/ulx3s_v20.lpf(349):
     Semantic error in "LOCATE COMP "gp[4]" SITE "A7" ;": COMP "gp[4]" cannot be
     found in design. This preference has been disabled.
WARNING - map: D:/Documents/github/ulx3s/Diamond/lab2/ulx3s_v20.lpf(350):
     Semantic error in "LOCATE COMP "gn[4]" SITE "A8" ;": COMP "gn[4]" cannot be
     found in design. This preference has been disabled.

                                   Page 16




Design:  lab2                                          Date:  01/21/20  03:58:25

Design Errors/Warnings (cont)
-----------------------------
WARNING - map: D:/Documents/github/ulx3s/Diamond/lab2/ulx3s_v20.lpf(351):
     Semantic error in "LOCATE COMP "gp[5]" SITE "C8" ;": COMP "gp[5]" cannot be
     found in design. This preference has been disabled.
WARNING - map: D:/Documents/github/ulx3s/Diamond/lab2/ulx3s_v20.lpf(352):
     Semantic error in "LOCATE COMP "gn[5]" SITE "B8" ;": COMP "gn[5]" cannot be
     found in design. This preference has been disabled.
WARNING - map: D:/Documents/github/ulx3s/Diamond/lab2/ulx3s_v20.lpf(353):
     Semantic error in "LOCATE COMP "gp[6]" SITE "C6" ;": COMP "gp[6]" cannot be
     found in design. This preference has been disabled.
WARNING - map: D:/Documents/github/ulx3s/Diamond/lab2/ulx3s_v20.lpf(354):
     Semantic error in "LOCATE COMP "gn[6]" SITE "C7" ;": COMP "gn[6]" cannot be
     found in design. This preference has been disabled.
WARNING - map: D:/Documents/github/ulx3s/Diamond/lab2/ulx3s_v20.lpf(355):
     Semantic error in "IOBUF PORT "gp[0]" PULLMODE=UP IO_TYPE=LVCMOS33 DRIVE=4
     ;": Port "gp[0]" does not exist in the design. This preference has been
     disabled.
WARNING - map: D:/Documents/github/ulx3s/Diamond/lab2/ulx3s_v20.lpf(356):
     Semantic error in "IOBUF PORT "gn[0]" PULLMODE=UP IO_TYPE=LVCMOS33 DRIVE=4
     ;": Port "gn[0]" does not exist in the design. This preference has been
     disabled.
WARNING - map: D:/Documents/github/ulx3s/Diamond/lab2/ulx3s_v20.lpf(357):
     Semantic error in "IOBUF PORT "gp[1]" PULLMODE=UP IO_TYPE=LVCMOS33 DRIVE=4
     ;": Port "gp[1]" does not exist in the design. This preference has been
     disabled.
WARNING - map: D:/Documents/github/ulx3s/Diamond/lab2/ulx3s_v20.lpf(358):
     Semantic error in "IOBUF PORT "gn[1]" PULLMODE=UP IO_TYPE=LVCMOS33 DRIVE=4
     ;": Port "gn[1]" does not exist in the design. This preference has been
     disabled.
WARNING - map: D:/Documents/github/ulx3s/Diamond/lab2/ulx3s_v20.lpf(359):
     Semantic error in "IOBUF PORT "gp[2]" PULLMODE=UP IO_TYPE=LVCMOS33 DRIVE=4
     ;": Port "gp[2]" does not exist in the design. This preference has been
     disabled.
WARNING - map: D:/Documents/github/ulx3s/Diamond/lab2/ulx3s_v20.lpf(360):
     Semantic error in "IOBUF PORT "gn[2]" PULLMODE=UP IO_TYPE=LVCMOS33 DRIVE=4
     ;": Port "gn[2]" does not exist in the design. This preference has been
     disabled.
WARNING - map: D:/Documents/github/ulx3s/Diamond/lab2/ulx3s_v20.lpf(361):
     Semantic error in "IOBUF PORT "gp[3]" PULLMODE=UP IO_TYPE=LVCMOS33 DRIVE=4
     ;": Port "gp[3]" does not exist in the design. This preference has been
     disabled.
WARNING - map: D:/Documents/github/ulx3s/Diamond/lab2/ulx3s_v20.lpf(362):
     Semantic error in "IOBUF PORT "gn[3]" PULLMODE=UP IO_TYPE=LVCMOS33 DRIVE=4
     ;": Port "gn[3]" does not exist in the design. This preference has been
     disabled.
WARNING - map: D:/Documents/github/ulx3s/Diamond/lab2/ulx3s_v20.lpf(363):
     Semantic error in "IOBUF PORT "gp[4]" PULLMODE=UP IO_TYPE=LVCMOS33 DRIVE=4
     ;": Port "gp[4]" does not exist in the design. This preference has been
     disabled.
WARNING - map: D:/Documents/github/ulx3s/Diamond/lab2/ulx3s_v20.lpf(364):
     Semantic error in "IOBUF PORT "gn[4]" PULLMODE=UP IO_TYPE=LVCMOS33 DRIVE=4
     ;": Port "gn[4]" does not exist in the design. This preference has been
     disabled.
WARNING - map: D:/Documents/github/ulx3s/Diamond/lab2/ulx3s_v20.lpf(365):
     Semantic error in "IOBUF PORT "gp[5]" PULLMODE=UP IO_TYPE=LVCMOS33 DRIVE=4
     ;": Port "gp[5]" does not exist in the design. This preference has been
     disabled.

                                   Page 17




Design:  lab2                                          Date:  01/21/20  03:58:25

Design Errors/Warnings (cont)
-----------------------------
WARNING - map: D:/Documents/github/ulx3s/Diamond/lab2/ulx3s_v20.lpf(366):
     Semantic error in "IOBUF PORT "gn[5]" PULLMODE=UP IO_TYPE=LVCMOS33 DRIVE=4
     ;": Port "gn[5]" does not exist in the design. This preference has been
     disabled.
WARNING - map: D:/Documents/github/ulx3s/Diamond/lab2/ulx3s_v20.lpf(367):
     Semantic error in "IOBUF PORT "gp[6]" PULLMODE=UP IO_TYPE=LVCMOS33 DRIVE=4
     ;": Port "gp[6]" does not exist in the design. This preference has been
     disabled.
WARNING - map: D:/Documents/github/ulx3s/Diamond/lab2/ulx3s_v20.lpf(368):
     Semantic error in "IOBUF PORT "gn[6]" PULLMODE=UP IO_TYPE=LVCMOS33 DRIVE=4
     ;": Port "gn[6]" does not exist in the design. This preference has been
     disabled.
WARNING - map: D:/Documents/github/ulx3s/Diamond/lab2/ulx3s_v20.lpf(369):
     Semantic error in "LOCATE COMP "gp[7]" SITE "A6" ;": COMP "gp[7]" cannot be
     found in design. This preference has been disabled.
WARNING - map: D:/Documents/github/ulx3s/Diamond/lab2/ulx3s_v20.lpf(370):
     Semantic error in "LOCATE COMP "gn[7]" SITE "B6" ;": COMP "gn[7]" cannot be
     found in design. This preference has been disabled.
WARNING - map: D:/Documents/github/ulx3s/Diamond/lab2/ulx3s_v20.lpf(371):
     Semantic error in "LOCATE COMP "gp[8]" SITE "A4" ;": COMP "gp[8]" cannot be
     found in design. This preference has been disabled.
WARNING - map: D:/Documents/github/ulx3s/Diamond/lab2/ulx3s_v20.lpf(372):
     Semantic error in "LOCATE COMP "gn[8]" SITE "A5" ;": COMP "gn[8]" cannot be
     found in design. This preference has been disabled.
WARNING - map: D:/Documents/github/ulx3s/Diamond/lab2/ulx3s_v20.lpf(373):
     Semantic error in "LOCATE COMP "gp[9]" SITE "A2" ;": COMP "gp[9]" cannot be
     found in design. This preference has been disabled.
WARNING - map: D:/Documents/github/ulx3s/Diamond/lab2/ulx3s_v20.lpf(374):
     Semantic error in "LOCATE COMP "gn[9]" SITE "B1" ;": COMP "gn[9]" cannot be
     found in design. This preference has been disabled.
WARNING - map: D:/Documents/github/ulx3s/Diamond/lab2/ulx3s_v20.lpf(375):
     Semantic error in "LOCATE COMP "gp[10]" SITE "C4" ;": COMP "gp[10]" cannot
     be found in design. This preference has been disabled.
WARNING - map: D:/Documents/github/ulx3s/Diamond/lab2/ulx3s_v20.lpf(376):
     Semantic error in "LOCATE COMP "gn[10]" SITE "B4" ;": COMP "gn[10]" cannot
     be found in design. This preference has been disabled.
WARNING - map: D:/Documents/github/ulx3s/Diamond/lab2/ulx3s_v20.lpf(377):
     Semantic error in "LOCATE COMP "gp[11]" SITE "F4" ;": COMP "gp[11]" cannot
     be found in design. This preference has been disabled.
WARNING - map: D:/Documents/github/ulx3s/Diamond/lab2/ulx3s_v20.lpf(378):
     Semantic error in "LOCATE COMP "gn[11]" SITE "E3" ;": COMP "gn[11]" cannot
     be found in design. This preference has been disabled.
WARNING - map: D:/Documents/github/ulx3s/Diamond/lab2/ulx3s_v20.lpf(379):
     Semantic error in "LOCATE COMP "gp[12]" SITE "G3" ;": COMP "gp[12]" cannot
     be found in design. This preference has been disabled.
WARNING - map: D:/Documents/github/ulx3s/Diamond/lab2/ulx3s_v20.lpf(380):
     Semantic error in "LOCATE COMP "gn[12]" SITE "F3" ;": COMP "gn[12]" cannot
     be found in design. This preference has been disabled.
WARNING - map: D:/Documents/github/ulx3s/Diamond/lab2/ulx3s_v20.lpf(381):
     Semantic error in "LOCATE COMP "gp[13]" SITE "H4" ;": COMP "gp[13]" cannot
     be found in design. This preference has been disabled.
WARNING - map: D:/Documents/github/ulx3s/Diamond/lab2/ulx3s_v20.lpf(382):
     Semantic error in "LOCATE COMP "gn[13]" SITE "G5" ;": COMP "gn[13]" cannot
     be found in design. This preference has been disabled.
WARNING - map: D:/Documents/github/ulx3s/Diamond/lab2/ulx3s_v20.lpf(383):
     Semantic error in "IOBUF PORT "gp[7]" PULLMODE=UP IO_TYPE=LVCMOS33 DRIVE=4

                                   Page 18




Design:  lab2                                          Date:  01/21/20  03:58:25

Design Errors/Warnings (cont)
-----------------------------
     ;": Port "gp[7]" does not exist in the design. This preference has been
     disabled.
WARNING - map: D:/Documents/github/ulx3s/Diamond/lab2/ulx3s_v20.lpf(384):
     Semantic error in "IOBUF PORT "gn[7]" PULLMODE=UP IO_TYPE=LVCMOS33 DRIVE=4
     ;": Port "gn[7]" does not exist in the design. This preference has been
     disabled.
WARNING - map: D:/Documents/github/ulx3s/Diamond/lab2/ulx3s_v20.lpf(385):
     Semantic error in "IOBUF PORT "gp[8]" PULLMODE=UP IO_TYPE=LVCMOS33 DRIVE=4
     ;": Port "gp[8]" does not exist in the design. This preference has been
     disabled.
WARNING - map: D:/Documents/github/ulx3s/Diamond/lab2/ulx3s_v20.lpf(386):
     Semantic error in "IOBUF PORT "gn[8]" PULLMODE=UP IO_TYPE=LVCMOS33 DRIVE=4
     ;": Port "gn[8]" does not exist in the design. This preference has been
     disabled.
WARNING - map: D:/Documents/github/ulx3s/Diamond/lab2/ulx3s_v20.lpf(387):
     Semantic error in "IOBUF PORT "gp[9]" PULLMODE=UP IO_TYPE=LVCMOS33 DRIVE=4
     ;": Port "gp[9]" does not exist in the design. This preference has been
     disabled.
WARNING - map: D:/Documents/github/ulx3s/Diamond/lab2/ulx3s_v20.lpf(388):
     Semantic error in "IOBUF PORT "gn[9]" PULLMODE=UP IO_TYPE=LVCMOS33 DRIVE=4
     ;": Port "gn[9]" does not exist in the design. This preference has been
     disabled.
WARNING - map: D:/Documents/github/ulx3s/Diamond/lab2/ulx3s_v20.lpf(389):
     Semantic error in "IOBUF PORT "gp[10]" PULLMODE=UP IO_TYPE=LVCMOS33 DRIVE=4
     ;": Port "gp[10]" does not exist in the design. This preference has been
     disabled.
WARNING - map: D:/Documents/github/ulx3s/Diamond/lab2/ulx3s_v20.lpf(390):
     Semantic error in "IOBUF PORT "gn[10]" PULLMODE=UP IO_TYPE=LVCMOS33 DRIVE=4
     ;": Port "gn[10]" does not exist in the design. This preference has been
     disabled.
WARNING - map: D:/Documents/github/ulx3s/Diamond/lab2/ulx3s_v20.lpf(391):
     Semantic error in "IOBUF PORT "gp[11]" PULLMODE=UP IO_TYPE=LVCMOS33 DRIVE=4
     ;": Port "gp[11]" does not exist in the design. This preference has been
     disabled.
WARNING - map: D:/Documents/github/ulx3s/Diamond/lab2/ulx3s_v20.lpf(392):
     Semantic error in "IOBUF PORT "gn[11]" PULLMODE=UP IO_TYPE=LVCMOS33 DRIVE=4
     ;": Port "gn[11]" does not exist in the design. This preference has been
     disabled.
WARNING - map: D:/Documents/github/ulx3s/Diamond/lab2/ulx3s_v20.lpf(393):
     Semantic error in "IOBUF PORT "gp[12]" PULLMODE=UP IO_TYPE=LVCMOS33 DRIVE=4
     ;": Port "gp[12]" does not exist in the design. This preference has been
     disabled.
WARNING - map: D:/Documents/github/ulx3s/Diamond/lab2/ulx3s_v20.lpf(394):
     Semantic error in "IOBUF PORT "gn[12]" PULLMODE=UP IO_TYPE=LVCMOS33 DRIVE=4
     ;": Port "gn[12]" does not exist in the design. This preference has been
     disabled.
WARNING - map: D:/Documents/github/ulx3s/Diamond/lab2/ulx3s_v20.lpf(395):
     Semantic error in "IOBUF PORT "gp[13]" PULLMODE=UP IO_TYPE=LVCMOS33 DRIVE=4
     ;": Port "gp[13]" does not exist in the design. This preference has been
     disabled.
WARNING - map: D:/Documents/github/ulx3s/Diamond/lab2/ulx3s_v20.lpf(396):
     Semantic error in "IOBUF PORT "gn[13]" PULLMODE=UP IO_TYPE=LVCMOS33 DRIVE=4
     ;": Port "gn[13]" does not exist in the design. This preference has been
     disabled.
WARNING - map: D:/Documents/github/ulx3s/Diamond/lab2/ulx3s_v20.lpf(397):
     Semantic error in "LOCATE COMP "gp[14]" SITE "U18" ;": COMP "gp[14]" cannot

                                   Page 19




Design:  lab2                                          Date:  01/21/20  03:58:25

Design Errors/Warnings (cont)
-----------------------------
     be found in design. This preference has been disabled.
WARNING - map: D:/Documents/github/ulx3s/Diamond/lab2/ulx3s_v20.lpf(398):
     Semantic error in "LOCATE COMP "gn[14]" SITE "U17" ;": COMP "gn[14]" cannot
     be found in design. This preference has been disabled.
WARNING - map: D:/Documents/github/ulx3s/Diamond/lab2/ulx3s_v20.lpf(399):
     Semantic error in "LOCATE COMP "gp[15]" SITE "N17" ;": COMP "gp[15]" cannot
     be found in design. This preference has been disabled.
WARNING - map: D:/Documents/github/ulx3s/Diamond/lab2/ulx3s_v20.lpf(400):
     Semantic error in "LOCATE COMP "gn[15]" SITE "P16" ;": COMP "gn[15]" cannot
     be found in design. This preference has been disabled.
WARNING - map: D:/Documents/github/ulx3s/Diamond/lab2/ulx3s_v20.lpf(401):
     Semantic error in "LOCATE COMP "gp[16]" SITE "N16" ;": COMP "gp[16]" cannot
     be found in design. This preference has been disabled.
WARNING - map: D:/Documents/github/ulx3s/Diamond/lab2/ulx3s_v20.lpf(402):
     Semantic error in "LOCATE COMP "gn[16]" SITE "M17" ;": COMP "gn[16]" cannot
     be found in design. This preference has been disabled.
WARNING - map: D:/Documents/github/ulx3s/Diamond/lab2/ulx3s_v20.lpf(403):
     Semantic error in "LOCATE COMP "gp[17]" SITE "L16" ;": COMP "gp[17]" cannot
     be found in design. This preference has been disabled.
WARNING - map: D:/Documents/github/ulx3s/Diamond/lab2/ulx3s_v20.lpf(404):
     Semantic error in "LOCATE COMP "gn[17]" SITE "L17" ;": COMP "gn[17]" cannot
     be found in design. This preference has been disabled.
WARNING - map: D:/Documents/github/ulx3s/Diamond/lab2/ulx3s_v20.lpf(405):
     Semantic error in "LOCATE COMP "gp[18]" SITE "H18" ;": COMP "gp[18]" cannot
     be found in design. This preference has been disabled.
WARNING - map: D:/Documents/github/ulx3s/Diamond/lab2/ulx3s_v20.lpf(406):
     Semantic error in "LOCATE COMP "gn[18]" SITE "H17" ;": COMP "gn[18]" cannot
     be found in design. This preference has been disabled.
WARNING - map: D:/Documents/github/ulx3s/Diamond/lab2/ulx3s_v20.lpf(407):
     Semantic error in "LOCATE COMP "gp[19]" SITE "F17" ;": COMP "gp[19]" cannot
     be found in design. This preference has been disabled.
WARNING - map: D:/Documents/github/ulx3s/Diamond/lab2/ulx3s_v20.lpf(408):
     Semantic error in "LOCATE COMP "gn[19]" SITE "G18" ;": COMP "gn[19]" cannot
     be found in design. This preference has been disabled.
WARNING - map: D:/Documents/github/ulx3s/Diamond/lab2/ulx3s_v20.lpf(409):
     Semantic error in "LOCATE COMP "gp[20]" SITE "D18" ;": COMP "gp[20]" cannot
     be found in design. This preference has been disabled.
WARNING - map: D:/Documents/github/ulx3s/Diamond/lab2/ulx3s_v20.lpf(410):
     Semantic error in "LOCATE COMP "gn[20]" SITE "E17" ;": COMP "gn[20]" cannot
     be found in design. This preference has been disabled.
WARNING - map: D:/Documents/github/ulx3s/Diamond/lab2/ulx3s_v20.lpf(411):
     Semantic error in "IOBUF PORT "gp[14]" PULLMODE=UP IO_TYPE=LVCMOS33 DRIVE=4
     ;": Port "gp[14]" does not exist in the design. This preference has been
     disabled.
WARNING - map: D:/Documents/github/ulx3s/Diamond/lab2/ulx3s_v20.lpf(412):
     Semantic error in "IOBUF PORT "gn[14]" PULLMODE=UP IO_TYPE=LVCMOS33 DRIVE=4
     ;": Port "gn[14]" does not exist in the design. This preference has been
     disabled.
WARNING - map: D:/Documents/github/ulx3s/Diamond/lab2/ulx3s_v20.lpf(413):
     Semantic error in "IOBUF PORT "gp[15]" PULLMODE=UP IO_TYPE=LVCMOS33 DRIVE=4
     ;": Port "gp[15]" does not exist in the design. This preference has been
     disabled.
WARNING - map: D:/Documents/github/ulx3s/Diamond/lab2/ulx3s_v20.lpf(414):
     Semantic error in "IOBUF PORT "gn[15]" PULLMODE=UP IO_TYPE=LVCMOS33 DRIVE=4
     ;": Port "gn[15]" does not exist in the design. This preference has been
     disabled.

                                   Page 20




Design:  lab2                                          Date:  01/21/20  03:58:25

Design Errors/Warnings (cont)
-----------------------------
WARNING - map: D:/Documents/github/ulx3s/Diamond/lab2/ulx3s_v20.lpf(415):
     Semantic error in "IOBUF PORT "gp[16]" PULLMODE=UP IO_TYPE=LVCMOS33 DRIVE=4
     ;": Port "gp[16]" does not exist in the design. This preference has been
     disabled.
WARNING - map: D:/Documents/github/ulx3s/Diamond/lab2/ulx3s_v20.lpf(416):
     Semantic error in "IOBUF PORT "gn[16]" PULLMODE=UP IO_TYPE=LVCMOS33 DRIVE=4
     ;": Port "gn[16]" does not exist in the design. This preference has been
     disabled.
WARNING - map: D:/Documents/github/ulx3s/Diamond/lab2/ulx3s_v20.lpf(417):
     Semantic error in "IOBUF PORT "gp[17]" PULLMODE=UP IO_TYPE=LVCMOS33 DRIVE=4
     ;": Port "gp[17]" does not exist in the design. This preference has been
     disabled.
WARNING - map: D:/Documents/github/ulx3s/Diamond/lab2/ulx3s_v20.lpf(418):
     Semantic error in "IOBUF PORT "gn[17]" PULLMODE=UP IO_TYPE=LVCMOS33 DRIVE=4
     ;": Port "gn[17]" does not exist in the design. This preference has been
     disabled.
WARNING - map: D:/Documents/github/ulx3s/Diamond/lab2/ulx3s_v20.lpf(419):
     Semantic error in "IOBUF PORT "gp[18]" PULLMODE=UP IO_TYPE=LVCMOS33 DRIVE=4
     ;": Port "gp[18]" does not exist in the design. This preference has been
     disabled.
WARNING - map: D:/Documents/github/ulx3s/Diamond/lab2/ulx3s_v20.lpf(420):
     Semantic error in "IOBUF PORT "gn[18]" PULLMODE=UP IO_TYPE=LVCMOS33 DRIVE=4
     ;": Port "gn[18]" does not exist in the design. This preference has been
     disabled.
WARNING - map: D:/Documents/github/ulx3s/Diamond/lab2/ulx3s_v20.lpf(421):
     Semantic error in "IOBUF PORT "gp[19]" PULLMODE=UP IO_TYPE=LVCMOS33 DRIVE=4
     ;": Port "gp[19]" does not exist in the design. This preference has been
     disabled.
WARNING - map: D:/Documents/github/ulx3s/Diamond/lab2/ulx3s_v20.lpf(422):
     Semantic error in "IOBUF PORT "gn[19]" PULLMODE=UP IO_TYPE=LVCMOS33 DRIVE=4
     ;": Port "gn[19]" does not exist in the design. This preference has been
     disabled.
WARNING - map: D:/Documents/github/ulx3s/Diamond/lab2/ulx3s_v20.lpf(423):
     Semantic error in "IOBUF PORT "gp[20]" PULLMODE=UP IO_TYPE=LVCMOS33 DRIVE=4
     ;": Port "gp[20]" does not exist in the design. This preference has been
     disabled.
WARNING - map: D:/Documents/github/ulx3s/Diamond/lab2/ulx3s_v20.lpf(424):
     Semantic error in "IOBUF PORT "gn[20]" PULLMODE=UP IO_TYPE=LVCMOS33 DRIVE=4
     ;": Port "gn[20]" does not exist in the design. This preference has been
     disabled.
WARNING - map: D:/Documents/github/ulx3s/Diamond/lab2/ulx3s_v20.lpf(425):
     Semantic error in "LOCATE COMP "gp[21]" SITE "C18" ;": COMP "gp[21]" cannot
     be found in design. This preference has been disabled.
WARNING - map: D:/Documents/github/ulx3s/Diamond/lab2/ulx3s_v20.lpf(426):
     Semantic error in "LOCATE COMP "gn[21]" SITE "D17" ;": COMP "gn[21]" cannot
     be found in design. This preference has been disabled.
WARNING - map: D:/Documents/github/ulx3s/Diamond/lab2/ulx3s_v20.lpf(427):
     Semantic error in "LOCATE COMP "gp[22]" SITE "B15" ;": COMP "gp[22]" cannot
     be found in design. This preference has been disabled.
WARNING - map: D:/Documents/github/ulx3s/Diamond/lab2/ulx3s_v20.lpf(428):
     Semantic error in "LOCATE COMP "gn[22]" SITE "C15" ;": COMP "gn[22]" cannot
     be found in design. This preference has been disabled.
WARNING - map: D:/Documents/github/ulx3s/Diamond/lab2/ulx3s_v20.lpf(429):
     Semantic error in "LOCATE COMP "gp[23]" SITE "B17" ;": COMP "gp[23]" cannot
     be found in design. This preference has been disabled.
WARNING - map: D:/Documents/github/ulx3s/Diamond/lab2/ulx3s_v20.lpf(430):

                                   Page 21




Design:  lab2                                          Date:  01/21/20  03:58:25

Design Errors/Warnings (cont)
-----------------------------
     Semantic error in "LOCATE COMP "gn[23]" SITE "C17" ;": COMP "gn[23]" cannot
     be found in design. This preference has been disabled.
WARNING - map: D:/Documents/github/ulx3s/Diamond/lab2/ulx3s_v20.lpf(431):
     Semantic error in "LOCATE COMP "gp[24]" SITE "C16" ;": COMP "gp[24]" cannot
     be found in design. This preference has been disabled.
WARNING - map: D:/Documents/github/ulx3s/Diamond/lab2/ulx3s_v20.lpf(432):
     Semantic error in "LOCATE COMP "gn[24]" SITE "D16" ;": COMP "gn[24]" cannot
     be found in design. This preference has been disabled.
WARNING - map: D:/Documents/github/ulx3s/Diamond/lab2/ulx3s_v20.lpf(433):
     Semantic error in "LOCATE COMP "gp[25]" SITE "D14" ;": COMP "gp[25]" cannot
     be found in design. This preference has been disabled.
WARNING - map: D:/Documents/github/ulx3s/Diamond/lab2/ulx3s_v20.lpf(434):
     Semantic error in "LOCATE COMP "gn[25]" SITE "E14" ;": COMP "gn[25]" cannot
     be found in design. This preference has been disabled.
WARNING - map: D:/Documents/github/ulx3s/Diamond/lab2/ulx3s_v20.lpf(435):
     Semantic error in "LOCATE COMP "gp[26]" SITE "B13" ;": COMP "gp[26]" cannot
     be found in design. This preference has been disabled.
WARNING - map: D:/Documents/github/ulx3s/Diamond/lab2/ulx3s_v20.lpf(436):
     Semantic error in "LOCATE COMP "gn[26]" SITE "C13" ;": COMP "gn[26]" cannot
     be found in design. This preference has been disabled.
WARNING - map: D:/Documents/github/ulx3s/Diamond/lab2/ulx3s_v20.lpf(437):
     Semantic error in "LOCATE COMP "gp[27]" SITE "D13" ;": COMP "gp[27]" cannot
     be found in design. This preference has been disabled.
WARNING - map: D:/Documents/github/ulx3s/Diamond/lab2/ulx3s_v20.lpf(438):
     Semantic error in "LOCATE COMP "gn[27]" SITE "E13" ;": COMP "gn[27]" cannot
     be found in design. This preference has been disabled.
WARNING - map: D:/Documents/github/ulx3s/Diamond/lab2/ulx3s_v20.lpf(439):
     Semantic error in "IOBUF PORT "gp[21]" PULLMODE=UP IO_TYPE=LVCMOS33 DRIVE=4
     ;": Port "gp[21]" does not exist in the design. This preference has been
     disabled.
WARNING - map: D:/Documents/github/ulx3s/Diamond/lab2/ulx3s_v20.lpf(440):
     Semantic error in "IOBUF PORT "gn[21]" PULLMODE=UP IO_TYPE=LVCMOS33 DRIVE=4
     ;": Port "gn[21]" does not exist in the design. This preference has been
     disabled.
WARNING - map: D:/Documents/github/ulx3s/Diamond/lab2/ulx3s_v20.lpf(441):
     Semantic error in "IOBUF PORT "gp[22]" PULLMODE=UP IO_TYPE=LVCMOS33 DRIVE=4
     ;": Port "gp[22]" does not exist in the design. This preference has been
     disabled.
WARNING - map: D:/Documents/github/ulx3s/Diamond/lab2/ulx3s_v20.lpf(442):
     Semantic error in "IOBUF PORT "gn[22]" PULLMODE=UP IO_TYPE=LVCMOS33 DRIVE=4
     ;": Port "gn[22]" does not exist in the design. This preference has been
     disabled.
WARNING - map: D:/Documents/github/ulx3s/Diamond/lab2/ulx3s_v20.lpf(443):
     Semantic error in "IOBUF PORT "gp[23]" PULLMODE=UP IO_TYPE=LVCMOS33 DRIVE=4
     ;": Port "gp[23]" does not exist in the design. This preference has been
     disabled.
WARNING - map: D:/Documents/github/ulx3s/Diamond/lab2/ulx3s_v20.lpf(444):
     Semantic error in "IOBUF PORT "gn[23]" PULLMODE=UP IO_TYPE=LVCMOS33 DRIVE=4
     ;": Port "gn[23]" does not exist in the design. This preference has been
     disabled.
WARNING - map: D:/Documents/github/ulx3s/Diamond/lab2/ulx3s_v20.lpf(445):
     Semantic error in "IOBUF PORT "gp[24]" PULLMODE=UP IO_TYPE=LVCMOS33 DRIVE=4
     ;": Port "gp[24]" does not exist in the design. This preference has been
     disabled.
WARNING - map: D:/Documents/github/ulx3s/Diamond/lab2/ulx3s_v20.lpf(446):
     Semantic error in "IOBUF PORT "gn[24]" PULLMODE=UP IO_TYPE=LVCMOS33 DRIVE=4

                                   Page 22




Design:  lab2                                          Date:  01/21/20  03:58:25

Design Errors/Warnings (cont)
-----------------------------
     ;": Port "gn[24]" does not exist in the design. This preference has been
     disabled.
WARNING - map: D:/Documents/github/ulx3s/Diamond/lab2/ulx3s_v20.lpf(447):
     Semantic error in "IOBUF PORT "gp[25]" PULLMODE=UP IO_TYPE=LVCMOS33 DRIVE=4
     ;": Port "gp[25]" does not exist in the design. This preference has been
     disabled.
WARNING - map: D:/Documents/github/ulx3s/Diamond/lab2/ulx3s_v20.lpf(448):
     Semantic error in "IOBUF PORT "gn[25]" PULLMODE=UP IO_TYPE=LVCMOS33 DRIVE=4
     ;": Port "gn[25]" does not exist in the design. This preference has been
     disabled.
WARNING - map: D:/Documents/github/ulx3s/Diamond/lab2/ulx3s_v20.lpf(449):
     Semantic error in "IOBUF PORT "gp[26]" PULLMODE=UP IO_TYPE=LVCMOS33 DRIVE=4
     ;": Port "gp[26]" does not exist in the design. This preference has been
     disabled.
WARNING - map: D:/Documents/github/ulx3s/Diamond/lab2/ulx3s_v20.lpf(450):
     Semantic error in "IOBUF PORT "gn[26]" PULLMODE=UP IO_TYPE=LVCMOS33 DRIVE=4
     ;": Port "gn[26]" does not exist in the design. This preference has been
     disabled.
WARNING - map: D:/Documents/github/ulx3s/Diamond/lab2/ulx3s_v20.lpf(451):
     Semantic error in "IOBUF PORT "gp[27]" PULLMODE=UP IO_TYPE=LVCMOS33 DRIVE=4
     ;": Port "gp[27]" does not exist in the design. This preference has been
     disabled.
WARNING - map: D:/Documents/github/ulx3s/Diamond/lab2/ulx3s_v20.lpf(452):
     Semantic error in "IOBUF PORT "gn[27]" PULLMODE=UP IO_TYPE=LVCMOS33 DRIVE=4
     ;": Port "gn[27]" does not exist in the design. This preference has been
     disabled.
WARNING - map: D:/Documents/github/ulx3s/Diamond/lab2/ulx3s_v20.lpf(456):
     Semantic error in "LOCATE COMP "user_programn" SITE "M4" ;": COMP
     "user_programn" cannot be found in design. This preference has been
     disabled.
WARNING - map: D:/Documents/github/ulx3s/Diamond/lab2/ulx3s_v20.lpf(457):
     Semantic error in "IOBUF PORT "user_programn" PULLMODE=UP IO_TYPE=LVCMOS33
     DRIVE=4 ;": Port "user_programn" does not exist in the design. This
     preference has been disabled.
WARNING - map: D:/Documents/github/ulx3s/Diamond/lab2/ulx3s_v20.lpf(461):
     Semantic error in "LOCATE COMP "shutdown" SITE "G16" ;": COMP "shutdown"
     cannot be found in design. This preference has been disabled.
WARNING - map: D:/Documents/github/ulx3s/Diamond/lab2/ulx3s_v20.lpf(462):
     Semantic error in "IOBUF PORT "shutdown" PULLMODE=DOWN IO_TYPE=LVCMOS33
     DRIVE=4 ;": Port "shutdown" does not exist in the design. This preference
     has been disabled.
WARNING - map: PULLMODE=UP for wifi_rxd_pad/IOBUF violates legal combination and
     is ignored.
WARNING - map: IO buffer missing for top level port btn[6:1](1)...logic will be
     discarded.

IO (PIO) Attributes
-------------------

+---------------------+-----------+-----------+------------+
| IO Name             | Direction | Levelmode | IO         |
|                     |           |  IO_TYPE  | Register   |
+---------------------+-----------+-----------+------------+
| led[7]              | OUTPUT    | LVCMOS33  |            |
+---------------------+-----------+-----------+------------+
| btn[1]              | INPUT     | LVCMOS33  |            |

                                   Page 23




Design:  lab2                                          Date:  01/21/20  03:58:25

IO (PIO) Attributes (cont)
--------------------------
+---------------------+-----------+-----------+------------+
| wifi_rxd            | OUTPUT    | LVCMOS33  | OUT        |
+---------------------+-----------+-----------+------------+
| clk_25mhz           | INPUT     | LVCMOS33  |            |
+---------------------+-----------+-----------+------------+
| btn[6]              | INPUT     | LVCMOS33  |            |
+---------------------+-----------+-----------+------------+
| btn[5]              | INPUT     | LVCMOS33  |            |
+---------------------+-----------+-----------+------------+
| btn[4]              | INPUT     | LVCMOS33  |            |
+---------------------+-----------+-----------+------------+
| btn[3]              | INPUT     | LVCMOS33  |            |
+---------------------+-----------+-----------+------------+
| led[3]              | OUTPUT    | LVCMOS33  |            |
+---------------------+-----------+-----------+------------+
| led[1]              | OUTPUT    | LVCMOS33  |            |
+---------------------+-----------+-----------+------------+
| led[2]              | OUTPUT    | LVCMOS33  |            |
+---------------------+-----------+-----------+------------+
| led[0]              | OUTPUT    | LVCMOS33  |            |
+---------------------+-----------+-----------+------------+
| led[4]              | OUTPUT    | LVCMOS33  |            |
+---------------------+-----------+-----------+------------+
| led[6]              | OUTPUT    | LVCMOS33  |            |
+---------------------+-----------+-----------+------------+
| led[5]              | OUTPUT    | LVCMOS33  |            |
+---------------------+-----------+-----------+------------+

Removed logic
-------------

Block VCC undriven or does not drive anything - clipped.
Block GSR_INST undriven or does not drive anything - clipped.
Signal N_44 was merged into signal btn_c[4]
Signal GND undriven or does not drive anything - clipped.
Signal I1/VCC undriven or does not drive anything - clipped.
Signal VCC undriven or does not drive anything - clipped.
Signal I1/un1_byte_in_0_I_9_0_S1 undriven or does not drive anything - clipped.
Signal I1/un1_byte_in_0_I_9_0_S0 undriven or does not drive anything - clipped.
Signal I1/un1_byte_in_0_I_1_0_S1 undriven or does not drive anything - clipped.
Signal I1/un1_byte_in_0_I_1_0_S0 undriven or does not drive anything - clipped.
Signal I1/N_1 undriven or does not drive anything - clipped.
Signal I1/un4_r_baudgen_cry_15_0_COUT undriven or does not drive anything -
     clipped.
Signal I1/un4_r_baudgen_cry_0_0_S1 undriven or does not drive anything -
     clipped.
Signal I1/un4_r_baudgen_cry_0_0_S0 undriven or does not drive anything -
     clipped.
Signal I1/N_2 undriven or does not drive anything - clipped.
Signal I1/un1_R_debounce_cnt_3_s_31_s1_0_S1 undriven or does not drive anything
     - clipped.
Signal I1/un1_R_debounce_cnt_3_s_31_s1_0_COUT undriven or does not drive
     anything - clipped.
Signal I1/un1_R_debounce_cnt_3_cry_0_s1_0_S1 undriven or does not drive anything
     - clipped.
Signal I1/un1_R_debounce_cnt_3_cry_0_s1_0_S0 undriven or does not drive anything

                                   Page 24




Design:  lab2                                          Date:  01/21/20  03:58:25

Removed logic (cont)
--------------------
     - clipped.
Signal I1/N_3 undriven or does not drive anything - clipped.
Signal I1/un1_byte_in_0_I_21_0_S0 undriven or does not drive anything - clipped.
     
Signal I1/un1_byte_in_0_I_21_0_COUT undriven or does not drive anything -
     clipped.
Block I28 was optimized away.
Block GND was optimized away.
Block I1/VCC was optimized away.

     

Run Time and Memory Usage
-------------------------

   Total CPU Time: 0 secs  
   Total REAL Time: 0 secs  
   Peak Memory Usage: 108 MB
        






































                                   Page 25


Copyright (c) 1991-1994 by NeoCAD Inc. All rights reserved.
     Copyright (c) 1995 AT&T Corp.   All rights reserved.
     Copyright (c) 1995-2001 Lucent Technologies Inc.  All rights reserved.
     Copyright (c) 2001 Agere Systems   All rights reserved.
     Copyright (c) 2002-2019 Lattice Semiconductor Corporation,  All rights
     reserved.
