Running in Lattice mode

Starting:    C:\lscc\diamond\3.11_x64\synpbase\bin64\mbin\synbatch.exe
Install:     C:\lscc\diamond\3.11_x64\synpbase
Hostname:    LAPTOP-0ROAUR8B
Date:        Tue Jan 21 03:58:17 2020
Version:     N-2018.03L-SP1-1

Arguments:   -product synplify_pro -batch lab2_impl1_synplify.tcl
ProductType: synplify_pro




log file: "D:\Documents\github\ulx3s\Diamond\lab2\impl1\lab2_impl1.srr"
Running: hdl_info_gen in foreground

Generating HDL info...

hdl_info_gen completed
# Tue Jan 21 03:58:18 2020

Return Code: 0
Run Time:00h:00m:00s
log file: "D:\Documents\github\ulx3s\Diamond\lab2\impl1\lab2_impl1.srr"
Running: impl1 in foreground

Running proj_1|impl1

Running Flow: compile (Compile) on proj_1|impl1
# Tue Jan 21 03:58:18 2020

Running Flow: compile_flow (Compile Process) on proj_1|impl1
# Tue Jan 21 03:58:18 2020

Running: compiler (Compile Input) on proj_1|impl1
# Tue Jan 21 03:58:18 2020
Copied D:\Documents\github\ulx3s\Diamond\lab2\impl1\synwork\lab2_impl1_comp.srs to D:\Documents\github\ulx3s\Diamond\lab2\impl1\lab2_impl1.srs

compiler completed
# Tue Jan 21 03:58:21 2020

Return Code: 0
Run Time:00h:00m:03s

Running: multi_srs_gen (Multi-srs Generator) on proj_1|impl1
# Tue Jan 21 03:58:21 2020

multi_srs_gen completed
# Tue Jan 21 03:58:21 2020

Return Code: 0
Run Time:00h:00m:00s
Copied D:\Documents\github\ulx3s\Diamond\lab2\impl1\synwork\lab2_impl1_mult.srs to D:\Documents\github\ulx3s\Diamond\lab2\impl1\lab2_impl1.srs
Copied D:\Documents\github\ulx3s\Diamond\lab2\impl1\lab2_impl1.srr to D:\Documents\github\ulx3s\Diamond\lab2\impl1\lab2_impl1.srf
Complete: Compile Process on proj_1|impl1

Running: premap (Premap) on proj_1|impl1
# Tue Jan 21 03:58:21 2020

premap completed with warnings
# Tue Jan 21 03:58:22 2020

Return Code: 1
Run Time:00h:00m:01s
Complete: Compile on proj_1|impl1

Running Flow: map (Map) on proj_1|impl1
# Tue Jan 21 03:58:22 2020
License granted for 4 parallel jobs

Running: fpga_mapper (Map & Optimize) on proj_1|impl1
# Tue Jan 21 03:58:22 2020
Copied D:\Documents\github\ulx3s\Diamond\lab2\impl1\synwork\lab2_impl1_m.srm to D:\Documents\github\ulx3s\Diamond\lab2\impl1\lab2_impl1.srm

fpga_mapper completed with warnings
# Tue Jan 21 03:58:23 2020

Return Code: 1
Run Time:00h:00m:01s
Complete: Map on proj_1|impl1
Copied D:\Documents\github\ulx3s\Diamond\lab2\impl1\lab2_impl1.srr to D:\Documents\github\ulx3s\Diamond\lab2\impl1\lab2_impl1.srf
Complete: Logic Synthesis on proj_1|impl1
TCL script complete: "lab2_impl1_synplify.tcl"
exit status=0
exit status=0
Save changes for project:
D:\Documents\github\ulx3s\Diamond\lab2\impl1\proj_1.prj
batch mode default:no
